<?xml version="1.0" encoding="UTF-8"?>
<coverage generated="1776166028727" clover="3.2.0">
  <project timestamp="1776166028727" name="All files">
    <metrics statements="910" coveredstatements="862" conditionals="439" coveredconditionals="356" methods="181" coveredmethods="166" elements="1530" coveredelements="1384" complexity="0" loc="910" ncloc="910" packages="1" files="1" classes="1"/>
    <file name="app.js" path="/home/runner/work/StudyPlaner/StudyPlaner/app.js">
      <metrics statements="910" coveredstatements="862" conditionals="439" coveredconditionals="356" methods="181" coveredmethods="166"/>
      <line num="11" count="255" type="stmt"/>
      <line num="12" count="255" type="stmt"/>
      <line num="13" count="255" type="stmt"/>
      <line num="22" count="255" type="stmt"/>
      <line num="34" count="255" type="stmt"/>
      <line num="53" count="34" type="stmt"/>
      <line num="55" count="34" type="stmt"/>
      <line num="56" count="34" type="stmt"/>
      <line num="58" count="1" type="stmt"/>
      <line num="63" count="13" type="stmt"/>
      <line num="64" count="13" type="stmt"/>
      <line num="65" count="13" type="cond" truecount="2" falsecount="0"/>
      <line num="66" count="5" type="stmt"/>
      <line num="68" count="4" type="cond" truecount="1" falsecount="1"/>
      <line num="69" count="4" type="stmt"/>
      <line num="72" count="12" type="cond" truecount="2" falsecount="0"/>
      <line num="73" count="8" type="stmt"/>
      <line num="74" count="8" type="cond" truecount="2" falsecount="0"/>
      <line num="75" count="1" type="stmt"/>
      <line num="76" count="1" type="stmt"/>
      <line num="77" count="1" type="cond" truecount="1" falsecount="1"/>
      <line num="78" count="1" type="cond" truecount="1" falsecount="1"/>
      <line num="79" count="1" type="cond" truecount="1" falsecount="1"/>
      <line num="80" count="1" type="cond" truecount="1" falsecount="1"/>
      <line num="81" count="1" type="stmt"/>
      <line num="86" count="1" type="stmt"/>
      <line num="93" count="12051" type="stmt"/>
      <line num="94" count="255" type="stmt"/>
      <line num="95" count="5175" type="stmt"/>
      <line num="96" count="5175" type="cond" truecount="2" falsecount="0"/>
      <line num="97" count="5175" type="cond" truecount="2" falsecount="0"/>
      <line num="98" count="5175" type="stmt"/>
      <line num="105" count="27" type="stmt"/>
      <line num="106" count="27" type="cond" truecount="2" falsecount="0"/>
      <line num="109" count="255" type="stmt"/>
      <line num="110" count="3" type="cond" truecount="2" falsecount="0"/>
      <line num="111" count="3" type="stmt"/>
      <line num="112" count="3" type="stmt"/>
      <line num="119" count="15" type="stmt"/>
      <line num="120" count="5" type="stmt"/>
      <line num="121" count="5" type="cond" truecount="1" falsecount="1"/>
      <line num="123" count="5" type="stmt"/>
      <line num="124" count="5" type="stmt"/>
      <line num="125" count="5" type="stmt"/>
      <line num="126" count="5" type="stmt"/>
      <line num="128" count="5" type="cond" truecount="2" falsecount="0"/>
      <line num="129" count="2" type="stmt"/>
      <line num="130" count="3" type="cond" truecount="2" falsecount="0"/>
      <line num="131" count="2" type="stmt"/>
      <line num="132" count="1" type="cond" truecount="1" falsecount="1"/>
      <line num="133" count="1" type="stmt"/>
      <line num="134" count="1" type="stmt"/>
      <line num="139" count="24" type="stmt"/>
      <line num="140" count="72" type="stmt"/>
      <line num="146" count="24" type="stmt"/>
      <line num="147" count="24" type="stmt"/>
      <line num="148" count="24" type="stmt"/>
      <line num="149" count="24" type="stmt"/>
      <line num="150" count="24" type="stmt"/>
      <line num="151" count="0" type="stmt"/>
      <line num="152" count="0" type="cond" truecount="0" falsecount="2"/>
      <line num="153" count="0" type="stmt"/>
      <line num="154" count="0" type="cond" truecount="0" falsecount="2"/>
      <line num="155" count="0" type="stmt"/>
      <line num="156" count="0" type="cond" truecount="0" falsecount="4"/>
      <line num="157" count="0" type="cond" truecount="0" falsecount="4"/>
      <line num="165" count="29" type="stmt"/>
      <line num="166" count="29" type="stmt"/>
      <line num="167" count="29" type="stmt"/>
      <line num="168" count="435" type="stmt"/>
      <line num="169" count="435" type="stmt"/>
      <line num="170" count="435" type="stmt"/>
      <line num="171" count="435" type="stmt"/>
      <line num="172" count="435" type="stmt"/>
      <line num="173" count="435" type="cond" truecount="2" falsecount="0"/>
      <line num="174" count="29" type="stmt"/>
      <line num="175" count="29" type="stmt"/>
      <line num="177" count="406" type="stmt"/>
      <line num="179" count="435" type="stmt"/>
      <line num="180" count="1" type="stmt"/>
      <line num="181" count="1" type="stmt"/>
      <line num="183" count="435" type="stmt"/>
      <line num="191" count="6" type="stmt"/>
      <line num="192" count="6" type="stmt"/>
      <line num="193" count="6" type="stmt"/>
      <line num="194" count="6" type="cond" truecount="2" falsecount="0"/>
      <line num="195" count="1" type="stmt"/>
      <line num="196" count="1" type="stmt"/>
      <line num="197" count="1" type="stmt"/>
      <line num="199" count="5" type="cond" truecount="2" falsecount="0"/>
      <line num="200" count="1" type="stmt"/>
      <line num="201" count="1" type="stmt"/>
      <line num="203" count="4" type="cond" truecount="2" falsecount="0"/>
      <line num="204" count="4" type="stmt"/>
      <line num="205" count="4" type="stmt"/>
      <line num="207" count="4" type="stmt"/>
      <line num="208" count="4" type="stmt"/>
      <line num="210" count="4" type="stmt"/>
      <line num="211" count="4" type="stmt"/>
      <line num="212" count="4" type="stmt"/>
      <line num="213" count="4" type="stmt"/>
      <line num="214" count="4" type="stmt"/>
      <line num="215" count="4" type="stmt"/>
      <line num="216" count="4" type="stmt"/>
      <line num="217" count="4" type="stmt"/>
      <line num="221" count="5" type="cond" truecount="2" falsecount="0"/>
      <line num="222" count="4" type="stmt"/>
      <line num="223" count="4" type="stmt"/>
      <line num="224" count="8" type="stmt"/>
      <line num="225" count="9" type="cond" truecount="2" falsecount="0"/>
      <line num="228" count="6" type="stmt"/>
      <line num="229" count="4" type="stmt"/>
      <line num="230" count="4" type="stmt"/>
      <line num="231" count="4" type="stmt"/>
      <line num="232" count="4" type="stmt"/>
      <line num="233" count="4" type="stmt"/>
      <line num="234" count="4" type="stmt"/>
      <line num="235" count="4" type="stmt"/>
      <line num="236" count="4" type="stmt"/>
      <line num="237" count="4" type="stmt"/>
      <line num="241" count="105" type="cond" truecount="2" falsecount="0"/>
      <line num="245" count="32" type="stmt"/>
      <line num="246" count="32" type="stmt"/>
      <line num="247" count="32" type="stmt"/>
      <line num="248" count="10" type="stmt"/>
      <line num="249" count="10" type="stmt"/>
      <line num="250" count="10" type="stmt"/>
      <line num="251" count="10" type="stmt"/>
      <line num="252" count="10" type="stmt"/>
      <line num="254" count="10" type="stmt"/>
      <line num="255" count="10" type="stmt"/>
      <line num="257" count="10" type="cond" truecount="2" falsecount="0"/>
      <line num="258" count="2" type="stmt"/>
      <line num="259" count="2" type="stmt"/>
      <line num="262" count="10" type="stmt"/>
      <line num="263" count="10" type="stmt"/>
      <line num="264" count="10" type="stmt"/>
      <line num="265" count="10" type="stmt"/>
      <line num="266" count="10" type="stmt"/>
      <line num="269" count="10" type="stmt"/>
      <line num="270" count="0" type="stmt"/>
      <line num="271" count="0" type="stmt"/>
      <line num="273" count="10" type="stmt"/>
      <line num="274" count="10" type="stmt"/>
      <line num="275" count="10" type="stmt"/>
      <line num="276" count="10" type="stmt"/>
      <line num="277" count="0" type="stmt"/>
      <line num="278" count="0" type="stmt"/>
      <line num="279" count="0" type="stmt"/>
      <line num="280" count="0" type="cond" truecount="0" falsecount="2"/>
      <line num="281" count="0" type="stmt"/>
      <line num="282" count="0" type="stmt"/>
      <line num="283" count="0" type="cond" truecount="0" falsecount="4"/>
      <line num="284" count="0" type="stmt"/>
      <line num="285" count="0" type="stmt"/>
      <line num="286" count="0" type="stmt"/>
      <line num="287" count="0" type="stmt"/>
      <line num="288" count="0" type="stmt"/>
      <line num="291" count="10" type="stmt"/>
      <line num="296" count="92" type="stmt"/>
      <line num="297" count="184" type="stmt"/>
      <line num="298" count="184" type="cond" truecount="1" falsecount="1"/>
      <line num="299" count="184" type="stmt"/>
      <line num="300" count="184" type="stmt"/>
      <line num="301" count="184" type="stmt"/>
      <line num="302" count="42" type="stmt"/>
      <line num="303" count="42" type="stmt"/>
      <line num="304" count="42" type="stmt"/>
      <line num="305" count="42" type="stmt"/>
      <line num="307" count="184" type="stmt"/>
      <line num="313" count="14" type="stmt"/>
      <line num="314" count="14" type="cond" truecount="4" falsecount="0"/>
      <line num="315" count="6" type="stmt"/>
      <line num="316" count="6" type="cond" truecount="2" falsecount="0"/>
      <line num="317" count="3" type="stmt"/>
      <line num="318" count="3" type="stmt"/>
      <line num="320" count="3" type="stmt"/>
      <line num="321" count="4" type="cond" truecount="2" falsecount="0"/>
      <line num="322" count="4" type="stmt"/>
      <line num="323" count="4" type="stmt"/>
      <line num="324" count="4" type="stmt"/>
      <line num="325" count="4" type="stmt"/>
      <line num="326" count="4" type="stmt"/>
      <line num="327" count="4" type="stmt"/>
      <line num="328" count="4" type="cond" truecount="2" falsecount="0"/>
      <line num="329" count="1" type="stmt"/>
      <line num="330" count="1" type="stmt"/>
      <line num="332" count="4" type="stmt"/>
      <line num="333" count="4" type="stmt"/>
      <line num="334" count="4" type="stmt"/>
      <line num="335" count="4" type="stmt"/>
      <line num="339" count="255" type="stmt"/>
      <line num="340" count="3" type="stmt"/>
      <line num="341" count="3" type="stmt"/>
      <line num="342" count="3" type="stmt"/>
      <line num="343" count="3" type="stmt"/>
      <line num="344" count="3" type="stmt"/>
      <line num="345" count="3" type="cond" truecount="2" falsecount="0"/>
      <line num="346" count="3" type="cond" truecount="2" falsecount="0"/>
      <line num="353" count="61" type="cond" truecount="2" falsecount="0"/>
      <line num="357" count="54" type="cond" truecount="2" falsecount="0"/>
      <line num="358" count="54" type="stmt"/>
      <line num="362" count="1744" type="cond" truecount="2" falsecount="0"/>
      <line num="363" count="1744" type="stmt"/>
      <line num="367" count="55" type="stmt"/>
      <line num="368" count="55" type="stmt"/>
      <line num="369" count="55" type="cond" truecount="2" falsecount="0"/>
      <line num="373" count="51" type="stmt"/>
      <line num="374" count="51" type="stmt"/>
      <line num="375" count="51" type="stmt"/>
      <line num="376" count="51" type="stmt"/>
      <line num="377" count="51" type="stmt"/>
      <line num="380" count="51" type="stmt"/>
      <line num="381" count="51" type="stmt"/>
      <line num="384" count="51" type="stmt"/>
      <line num="385" count="51" type="cond" truecount="2" falsecount="0"/>
      <line num="386" count="2" type="stmt"/>
      <line num="387" count="2" type="stmt"/>
      <line num="391" count="51" type="stmt"/>
      <line num="392" count="51" type="stmt"/>
      <line num="393" count="257" type="cond" truecount="2" falsecount="0"/>
      <line num="394" count="257" type="stmt"/>
      <line num="398" count="51" type="stmt"/>
      <line num="399" count="345" type="stmt"/>
      <line num="400" count="345" type="stmt"/>
      <line num="401" count="345" type="stmt"/>
      <line num="402" count="345" type="stmt"/>
      <line num="403" count="345" type="stmt"/>
      <line num="404" count="345" type="stmt"/>
      <line num="405" count="345" type="stmt"/>
      <line num="407" count="345" type="stmt"/>
      <line num="408" count="1735" type="stmt"/>
      <line num="409" count="1735" type="stmt"/>
      <line num="410" count="1735" type="cond" truecount="2" falsecount="0"/>
      <line num="412" count="1735" type="cond" truecount="2" falsecount="0"/>
      <line num="413" count="1735" type="stmt"/>
      <line num="414" count="1735" type="stmt"/>
      <line num="415" count="1735" type="stmt"/>
      <line num="416" count="1735" type="cond" truecount="2" falsecount="0"/>
      <line num="418" count="1735" type="cond" truecount="2" falsecount="0"/>
      <line num="419" count="8" type="stmt"/>
      <line num="420" count="8" type="stmt"/>
      <line num="421" count="8" type="stmt"/>
      <line num="422" count="8" type="stmt"/>
      <line num="425" count="1735" type="stmt"/>
      <line num="426" count="1735" type="stmt"/>
      <line num="427" count="1" type="cond" truecount="2" falsecount="2"/>
      <line num="429" count="1735" type="stmt"/>
      <line num="435" count="6" type="stmt"/>
      <line num="436" count="6" type="stmt"/>
      <line num="437" count="6" type="stmt"/>
      <line num="438" count="6" type="stmt"/>
      <line num="439" count="6" type="stmt"/>
      <line num="440" count="6" type="stmt"/>
      <line num="441" count="6" type="stmt"/>
      <line num="442" count="6" type="cond" truecount="2" falsecount="0"/>
      <line num="443" count="6" type="stmt"/>
      <line num="446" count="255" type="stmt"/>
      <line num="447" count="2" type="cond" truecount="1" falsecount="1"/>
      <line num="448" count="2" type="stmt"/>
      <line num="449" count="2" type="stmt"/>
      <line num="450" count="2" type="stmt"/>
      <line num="451" count="2" type="stmt"/>
      <line num="452" count="2" type="cond" truecount="2" falsecount="0"/>
      <line num="453" count="1" type="stmt"/>
      <line num="455" count="1" type="stmt"/>
      <line num="457" count="2" type="stmt"/>
      <line num="458" count="2" type="stmt"/>
      <line num="459" count="2" type="stmt"/>
      <line num="462" count="255" type="stmt"/>
      <line num="463" count="255" type="stmt"/>
      <line num="465" count="255" type="stmt"/>
      <line num="466" count="3" type="cond" truecount="2" falsecount="0"/>
      <line num="467" count="2" type="cond" truecount="2" falsecount="0"/>
      <line num="468" count="1" type="stmt"/>
      <line num="470" count="1" type="stmt"/>
      <line num="472" count="2" type="stmt"/>
      <line num="473" count="2" type="stmt"/>
      <line num="476" count="255" type="stmt"/>
      <line num="477" count="255" type="stmt"/>
      <line num="478" count="1" type="cond" truecount="1" falsecount="1"/>
      <line num="482" count="255" type="stmt"/>
      <line num="483" count="1" type="stmt"/>
      <line num="484" count="1" type="stmt"/>
      <line num="486" count="255" type="stmt"/>
      <line num="487" count="1" type="stmt"/>
      <line num="488" count="1" type="stmt"/>
      <line num="495" count="52" type="stmt"/>
      <line num="496" count="52" type="stmt"/>
      <line num="497" count="52" type="stmt"/>
      <line num="498" count="52" type="stmt"/>
      <line num="499" count="52" type="stmt"/>
      <line num="500" count="52" type="stmt"/>
      <line num="501" count="52" type="stmt"/>
      <line num="502" count="52" type="stmt"/>
      <line num="503" count="52" type="stmt"/>
      <line num="504" count="52" type="stmt"/>
      <line num="505" count="52" type="stmt"/>
      <line num="509" count="2" type="stmt"/>
      <line num="510" count="2" type="cond" truecount="1" falsecount="1"/>
      <line num="511" count="2" type="stmt"/>
      <line num="512" count="2" type="stmt"/>
      <line num="513" count="2" type="stmt"/>
      <line num="514" count="2" type="stmt"/>
      <line num="515" count="2" type="stmt"/>
      <line num="516" count="2" type="cond" truecount="2" falsecount="0"/>
      <line num="517" count="2" type="stmt"/>
      <line num="518" count="2" type="cond" truecount="2" falsecount="0"/>
      <line num="519" count="2" type="cond" truecount="2" falsecount="0"/>
      <line num="520" count="2" type="stmt"/>
      <line num="521" count="2" type="cond" truecount="1" falsecount="1"/>
      <line num="522" count="2" type="stmt"/>
      <line num="525" count="255" type="stmt"/>
      <line num="526" count="255" type="stmt"/>
      <line num="527" count="255" type="stmt"/>
      <line num="529" count="255" type="stmt"/>
      <line num="530" count="3" type="stmt"/>
      <line num="531" count="3" type="stmt"/>
      <line num="532" count="3" type="stmt"/>
      <line num="533" count="3" type="stmt"/>
      <line num="534" count="3" type="stmt"/>
      <line num="535" count="3" type="cond" truecount="1" falsecount="1"/>
      <line num="536" count="3" type="cond" truecount="2" falsecount="0"/>
      <line num="537" count="1" type="stmt"/>
      <line num="538" count="1" type="stmt"/>
      <line num="539" count="1" type="stmt"/>
      <line num="540" count="1" type="stmt"/>
      <line num="542" count="2" type="stmt"/>
      <line num="543" count="2" type="stmt"/>
      <line num="545" count="2" type="cond" truecount="2" falsecount="0"/>
      <line num="546" count="1" type="stmt"/>
      <line num="547" count="1" type="cond" truecount="1" falsecount="1"/>
      <line num="549" count="1" type="stmt"/>
      <line num="552" count="2" type="stmt"/>
      <line num="553" count="2" type="stmt"/>
      <line num="554" count="2" type="stmt"/>
      <line num="555" count="2" type="stmt"/>
      <line num="556" count="2" type="stmt"/>
      <line num="557" count="2" type="stmt"/>
      <line num="558" count="2" type="stmt"/>
      <line num="559" count="2" type="stmt"/>
      <line num="563" count="3" type="stmt"/>
      <line num="564" count="3" type="cond" truecount="1" falsecount="1"/>
      <line num="565" count="3" type="stmt"/>
      <line num="566" count="3" type="cond" truecount="2" falsecount="0"/>
      <line num="567" count="3" type="stmt"/>
      <line num="568" count="3" type="stmt"/>
      <line num="569" count="3" type="stmt"/>
      <line num="570" count="3" type="stmt"/>
      <line num="571" count="3" type="stmt"/>
      <line num="572" count="3" type="stmt"/>
      <line num="576" count="2" type="stmt"/>
      <line num="577" count="2" type="cond" truecount="2" falsecount="0"/>
      <line num="578" count="1" type="stmt"/>
      <line num="579" count="1" type="stmt"/>
      <line num="581" count="1" type="stmt"/>
      <line num="586" count="2" type="stmt"/>
      <line num="587" count="2" type="stmt"/>
      <line num="588" count="2" type="stmt"/>
      <line num="589" count="2" type="stmt"/>
      <line num="590" count="2" type="stmt"/>
      <line num="591" count="2" type="stmt"/>
      <line num="592" count="2" type="stmt"/>
      <line num="593" count="2" type="stmt"/>
      <line num="597" count="1" type="stmt"/>
      <line num="598" count="1" type="cond" truecount="3" falsecount="1"/>
      <line num="599" count="1" type="stmt"/>
      <line num="600" count="1" type="stmt"/>
      <line num="601" count="1" type="stmt"/>
      <line num="602" count="1" type="stmt"/>
      <line num="603" count="1" type="stmt"/>
      <line num="604" count="1" type="stmt"/>
      <line num="605" count="1" type="stmt"/>
      <line num="606" count="1" type="stmt"/>
      <line num="610" count="255" type="stmt"/>
      <line num="611" count="2" type="stmt"/>
      <line num="612" count="2" type="stmt"/>
      <line num="616" count="255" type="stmt"/>
      <line num="617" count="1530" type="stmt"/>
      <line num="618" count="18" type="stmt"/>
      <line num="619" count="3" type="stmt"/>
      <line num="620" count="3" type="stmt"/>
      <line num="621" count="3" type="stmt"/>
      <line num="626" count="255" type="stmt"/>
      <line num="627" count="5" type="stmt"/>
      <line num="628" count="3" type="cond" truecount="2" falsecount="0"/>
      <line num="629" count="2" type="cond" truecount="2" falsecount="0"/>
      <line num="630" count="2" type="stmt"/>
      <line num="631" count="1" type="stmt"/>
      <line num="632" count="1" type="stmt"/>
      <line num="633" count="1" type="stmt"/>
      <line num="634" count="1" type="stmt"/>
      <line num="635" count="1" type="stmt"/>
      <line num="636" count="1" type="stmt"/>
      <line num="637" count="1" type="stmt"/>
      <line num="641" count="81" type="stmt"/>
      <line num="643" count="106" type="cond" truecount="2" falsecount="0"/>
      <line num="644" count="16" type="cond" truecount="4" falsecount="0"/>
      <line num="645" count="16" type="cond" truecount="2" falsecount="0"/>
      <line num="648" count="96" type="cond" truecount="2" falsecount="0"/>
      <line num="649" count="87" type="cond" truecount="2" falsecount="0"/>
      <line num="650" count="82" type="cond" truecount="2" falsecount="0"/>
      <line num="651" count="77" type="cond" truecount="2" falsecount="0"/>
      <line num="652" count="72" type="cond" truecount="2" falsecount="0"/>
      <line num="653" count="67" type="stmt"/>
      <line num="658" count="69" type="stmt"/>
      <line num="659" count="69" type="stmt"/>
      <line num="660" count="69" type="stmt"/>
      <line num="661" count="69" type="stmt"/>
      <line num="662" count="14" type="cond" truecount="4" falsecount="0"/>
      <line num="663" count="12" type="cond" truecount="2" falsecount="0"/>
      <line num="664" count="8" type="cond" truecount="4" falsecount="0"/>
      <line num="665" count="7" type="cond" truecount="2" falsecount="0"/>
      <line num="666" count="6" type="cond" truecount="1" falsecount="1"/>
      <line num="667" count="6" type="stmt"/>
      <line num="670" count="69" type="stmt"/>
      <line num="671" count="69" type="stmt"/>
      <line num="672" count="69" type="stmt"/>
      <line num="674" count="69" type="cond" truecount="2" falsecount="0"/>
      <line num="675" count="24" type="stmt"/>
      <line num="676" count="24" type="stmt"/>
      <line num="678" count="45" type="stmt"/>
      <line num="680" count="57" type="stmt"/>
      <line num="684" count="57" type="stmt"/>
      <line num="685" count="57" type="cond" truecount="2" falsecount="0"/>
      <line num="686" count="57" type="stmt"/>
      <line num="687" count="57" type="stmt"/>
      <line num="690" count="57" type="stmt"/>
      <line num="691" count="57" type="stmt"/>
      <line num="692" count="57" type="stmt"/>
      <line num="693" count="57" type="stmt"/>
      <line num="694" count="57" type="stmt"/>
      <line num="695" count="57" type="stmt"/>
      <line num="698" count="57" type="stmt"/>
      <line num="701" count="57" type="stmt"/>
      <line num="702" count="57" type="cond" truecount="2" falsecount="0"/>
      <line num="703" count="5" type="stmt"/>
      <line num="704" count="5" type="stmt"/>
      <line num="705" count="5" type="stmt"/>
      <line num="707" count="57" type="stmt"/>
      <line num="710" count="57" type="stmt"/>
      <line num="713" count="57" type="stmt"/>
      <line num="714" count="57" type="cond" truecount="2" falsecount="0"/>
      <line num="715" count="4" type="stmt"/>
      <line num="719" count="57" type="stmt"/>
      <line num="720" count="57" type="cond" truecount="4" falsecount="0"/>
      <line num="721" count="10" type="stmt"/>
      <line num="722" count="10" type="stmt"/>
      <line num="723" count="10" type="cond" truecount="4" falsecount="0"/>
      <line num="724" count="10" type="stmt"/>
      <line num="726" count="10" type="stmt"/>
      <line num="727" count="10" type="stmt"/>
      <line num="728" count="10" type="stmt"/>
      <line num="729" count="10" type="stmt"/>
      <line num="730" count="47" type="cond" truecount="4" falsecount="0"/>
      <line num="731" count="1" type="stmt"/>
      <line num="734" count="57" type="stmt"/>
      <line num="735" count="57" type="stmt"/>
      <line num="738" count="57" type="cond" truecount="2" falsecount="0"/>
      <line num="739" count="4" type="stmt"/>
      <line num="740" count="4" type="stmt"/>
      <line num="741" count="4" type="stmt"/>
      <line num="742" count="4" type="stmt"/>
      <line num="743" count="4" type="stmt"/>
      <line num="744" count="4" type="stmt"/>
      <line num="745" count="4" type="stmt"/>
      <line num="747" count="4" type="stmt"/>
      <line num="748" count="4" type="stmt"/>
      <line num="751" count="57" type="cond" truecount="2" falsecount="0"/>
      <line num="754" count="57" type="stmt"/>
      <line num="755" count="57" type="stmt"/>
      <line num="756" count="57" type="stmt"/>
      <line num="757" count="57" type="stmt"/>
      <line num="758" count="57" type="stmt"/>
      <line num="760" count="57" type="stmt"/>
      <line num="761" count="57" type="stmt"/>
      <line num="762" count="57" type="stmt"/>
      <line num="763" count="57" type="stmt"/>
      <line num="765" count="57" type="stmt"/>
      <line num="766" count="57" type="stmt"/>
      <line num="768" count="57" type="stmt"/>
      <line num="769" count="57" type="stmt"/>
      <line num="770" count="57" type="stmt"/>
      <line num="772" count="57" type="stmt"/>
      <line num="779" count="47" type="stmt"/>
      <line num="780" count="47" type="stmt"/>
      <line num="781" count="47" type="stmt"/>
      <line num="782" count="47" type="stmt"/>
      <line num="784" count="47" type="cond" truecount="2" falsecount="0"/>
      <line num="785" count="47" type="stmt"/>
      <line num="786" count="47" type="stmt"/>
      <line num="787" count="47" type="stmt"/>
      <line num="788" count="47" type="cond" truecount="2" falsecount="0"/>
      <line num="789" count="47" type="cond" truecount="2" falsecount="0"/>
      <line num="790" count="47" type="stmt"/>
      <line num="792" count="47" type="stmt"/>
      <line num="793" count="47" type="stmt"/>
      <line num="794" count="47" type="stmt"/>
      <line num="795" count="47" type="stmt"/>
      <line num="796" count="47" type="stmt"/>
      <line num="797" count="47" type="stmt"/>
      <line num="801" count="235" type="stmt"/>
      <line num="802" count="235" type="cond" truecount="1" falsecount="1"/>
      <line num="803" count="235" type="stmt"/>
      <line num="805" count="235" type="cond" truecount="2" falsecount="0"/>
      <line num="806" count="223" type="stmt"/>
      <line num="813" count="223" type="cond" truecount="1" falsecount="1"/>
      <line num="814" count="223" type="stmt"/>
      <line num="817" count="12" type="stmt"/>
      <line num="818" count="1" type="cond" truecount="1" falsecount="3"/>
      <line num="819" count="1" type="stmt"/>
      <line num="820" count="1" type="stmt"/>
      <line num="823" count="12" type="stmt"/>
      <line num="824" count="13" type="stmt"/>
      <line num="825" count="13" type="stmt"/>
      <line num="827" count="13" type="stmt"/>
      <line num="828" count="13" type="cond" truecount="2" falsecount="0"/>
      <line num="830" count="13" type="stmt"/>
      <line num="831" count="13" type="stmt"/>
      <line num="832" count="13" type="cond" truecount="2" falsecount="0"/>
      <line num="834" count="13" type="stmt"/>
      <line num="835" count="13" type="stmt"/>
      <line num="837" count="13" type="stmt"/>
      <line num="838" count="13" type="stmt"/>
      <line num="839" count="13" type="stmt"/>
      <line num="840" count="13" type="stmt"/>
      <line num="845" count="84" type="stmt"/>
      <line num="846" count="84" type="cond" truecount="3" falsecount="0"/>
      <line num="847" count="84" type="stmt"/>
      <line num="848" count="84" type="cond" truecount="2" falsecount="0"/>
      <line num="849" count="4" type="stmt"/>
      <line num="850" count="4" type="stmt"/>
      <line num="852" count="80" type="stmt"/>
      <line num="860" count="34" type="stmt"/>
      <line num="861" count="34" type="cond" truecount="1" falsecount="1"/>
      <line num="862" count="34" type="stmt"/>
      <line num="864" count="34" type="stmt"/>
      <line num="865" count="34" type="stmt"/>
      <line num="866" count="34" type="stmt"/>
      <line num="867" count="34" type="stmt"/>
      <line num="870" count="34" type="stmt"/>
      <line num="871" count="34" type="cond" truecount="2" falsecount="0"/>
      <line num="872" count="6" type="stmt"/>
      <line num="873" count="6" type="cond" truecount="4" falsecount="0"/>
      <line num="874" count="4" type="stmt"/>
      <line num="875" count="4" type="cond" truecount="2" falsecount="0"/>
      <line num="879" count="34" type="stmt"/>
      <line num="882" count="34" type="stmt"/>
      <line num="883" count="34" type="stmt"/>
      <line num="884" count="34" type="stmt"/>
      <line num="886" count="34" type="stmt"/>
      <line num="887" count="34" type="stmt"/>
      <line num="888" count="238" type="stmt"/>
      <line num="890" count="34" type="stmt"/>
      <line num="892" count="34" type="stmt"/>
      <line num="895" count="34" type="stmt"/>
      <line num="896" count="34" type="cond" truecount="1" falsecount="1"/>
      <line num="897" count="34" type="stmt"/>
      <line num="898" count="86" type="stmt"/>
      <line num="901" count="34" type="stmt"/>
      <line num="902" count="34" type="stmt"/>
      <line num="903" count="1020" type="stmt"/>
      <line num="904" count="1020" type="cond" truecount="4" falsecount="0"/>
      <line num="905" count="1020" type="stmt"/>
      <line num="906" count="1020" type="cond" truecount="2" falsecount="0"/>
      <line num="907" count="4" type="stmt"/>
      <line num="908" count="4" type="stmt"/>
      <line num="909" count="4" type="stmt"/>
      <line num="911" count="1020" type="stmt"/>
      <line num="914" count="34" type="stmt"/>
      <line num="921" count="41" type="stmt"/>
      <line num="922" count="41" type="stmt"/>
      <line num="923" count="41" type="cond" truecount="2" falsecount="0"/>
      <line num="924" count="41" type="stmt"/>
      <line num="925" count="41" type="stmt"/>
      <line num="931" count="255" type="stmt"/>
      <line num="932" count="4" type="stmt"/>
      <line num="933" count="4" type="stmt"/>
      <line num="934" count="4" type="stmt"/>
      <line num="935" count="4" type="stmt"/>
      <line num="936" count="4" type="stmt"/>
      <line num="937" count="4" type="cond" truecount="2" falsecount="0"/>
      <line num="938" count="4" type="cond" truecount="2" falsecount="0"/>
      <line num="942" count="16" type="stmt"/>
      <line num="943" count="16" type="cond" truecount="2" falsecount="0"/>
      <line num="944" count="16" type="stmt"/>
      <line num="945" count="16" type="stmt"/>
      <line num="946" count="16" type="stmt"/>
      <line num="947" count="16" type="stmt"/>
      <line num="948" count="16" type="stmt"/>
      <line num="949" count="16" type="stmt"/>
      <line num="950" count="16" type="stmt"/>
      <line num="954" count="17" type="stmt"/>
      <line num="955" count="17" type="cond" truecount="4" falsecount="0"/>
      <line num="957" count="4" type="stmt"/>
      <line num="958" count="4" type="stmt"/>
      <line num="960" count="4" type="cond" truecount="2" falsecount="0"/>
      <line num="961" count="4" type="cond" truecount="2" falsecount="0"/>
      <line num="962" count="4" type="cond" truecount="2" falsecount="0"/>
      <line num="965" count="4" type="stmt"/>
      <line num="968" count="4" type="stmt"/>
      <line num="969" count="4" type="stmt"/>
      <line num="970" count="4" type="stmt"/>
      <line num="971" count="4" type="stmt"/>
      <line num="972" count="1" type="cond" truecount="2" falsecount="0"/>
      <line num="973" count="1" type="cond" truecount="2" falsecount="0"/>
      <line num="975" count="4" type="stmt"/>
      <line num="976" count="4" type="cond" truecount="2" falsecount="0"/>
      <line num="977" count="3" type="stmt"/>
      <line num="979" count="1" type="stmt"/>
      <line num="980" count="1" type="stmt"/>
      <line num="981" count="1" type="stmt"/>
      <line num="982" count="1" type="stmt"/>
      <line num="983" count="1" type="stmt"/>
      <line num="984" count="1" type="stmt"/>
      <line num="985" count="1" type="stmt"/>
      <line num="986" count="1" type="stmt"/>
      <line num="987" count="1" type="stmt"/>
      <line num="988" count="1" type="stmt"/>
      <line num="989" count="1" type="stmt"/>
      <line num="990" count="1" type="stmt"/>
      <line num="991" count="1" type="stmt"/>
      <line num="996" count="4" type="cond" truecount="2" falsecount="0"/>
      <line num="997" count="4" type="cond" truecount="2" falsecount="0"/>
      <line num="998" count="3" type="stmt"/>
      <line num="1000" count="1" type="stmt"/>
      <line num="1001" count="1" type="stmt"/>
      <line num="1002" count="1" type="stmt"/>
      <line num="1003" count="1" type="stmt"/>
      <line num="1005" count="1" type="cond" truecount="1" falsecount="1"/>
      <line num="1012" count="4" type="stmt"/>
      <line num="1013" count="4" type="cond" truecount="1" falsecount="1"/>
      <line num="1014" count="4" type="stmt"/>
      <line num="1015" count="4" type="cond" truecount="2" falsecount="0"/>
      <line num="1016" count="4" type="stmt"/>
      <line num="1017" count="4" type="stmt"/>
      <line num="1019" count="4" type="stmt"/>
      <line num="1020" count="4" type="stmt"/>
      <line num="1021" count="4" type="stmt"/>
      <line num="1022" count="4" type="stmt"/>
      <line num="1023" count="4" type="stmt"/>
      <line num="1024" count="4" type="stmt"/>
      <line num="1026" count="4" type="stmt"/>
      <line num="1027" count="4" type="cond" truecount="1" falsecount="1"/>
      <line num="1028" count="4" type="stmt"/>
      <line num="1029" count="4" type="cond" truecount="1" falsecount="1"/>
      <line num="1031" count="4" type="stmt"/>
      <line num="1032" count="8" type="stmt"/>
      <line num="1034" count="8" type="stmt"/>
      <line num="1035" count="8" type="cond" truecount="1" falsecount="1"/>
      <line num="1036" count="8" type="stmt"/>
      <line num="1038" count="0" type="stmt"/>
      <line num="1039" count="0" type="stmt"/>
      <line num="1040" count="0" type="stmt"/>
      <line num="1041" count="0" type="stmt"/>
      <line num="1042" count="0" type="stmt"/>
      <line num="1043" count="0" type="stmt"/>
      <line num="1044" count="0" type="stmt"/>
      <line num="1045" count="0" type="stmt"/>
      <line num="1046" count="0" type="stmt"/>
      <line num="1047" count="0" type="stmt"/>
      <line num="1049" count="8" type="stmt"/>
      <line num="1050" count="8" type="stmt"/>
      <line num="1051" count="8" type="stmt"/>
      <line num="1052" count="8" type="stmt"/>
      <line num="1053" count="8" type="stmt"/>
      <line num="1054" count="8" type="stmt"/>
      <line num="1057" count="4" type="stmt"/>
      <line num="1058" count="4" type="stmt"/>
      <line num="1059" count="4" type="stmt"/>
      <line num="1066" count="113" type="stmt"/>
      <line num="1067" count="113" type="cond" truecount="1" falsecount="1"/>
      <line num="1068" count="113" type="stmt"/>
      <line num="1069" count="113" type="stmt"/>
      <line num="1071" count="113" type="stmt"/>
      <line num="1072" count="1" type="stmt"/>
      <line num="1073" count="1" type="cond" truecount="1" falsecount="1"/>
      <line num="1078" count="199" type="stmt"/>
      <line num="1079" count="199" type="cond" truecount="1" falsecount="1"/>
      <line num="1080" count="199" type="stmt"/>
      <line num="1081" count="199" type="stmt"/>
      <line num="1082" count="199" type="stmt"/>
      <line num="1083" count="199" type="cond" truecount="2" falsecount="0"/>
      <line num="1086" count="255" type="stmt"/>
      <line num="1087" count="1020" type="stmt"/>
      <line num="1088" count="1020" type="cond" truecount="3" falsecount="1"/>
      <line num="1091" count="255" type="stmt"/>
      <line num="1092" count="257" type="cond" truecount="2" falsecount="0"/>
      <line num="1093" count="46" type="stmt"/>
      <line num="1094" count="46" type="stmt"/>
      <line num="1095" count="46" type="stmt"/>
      <line num="1096" count="46" type="stmt"/>
      <line num="1097" count="46" type="stmt"/>
      <line num="1104" count="255" type="stmt"/>
      <line num="1105" count="255" type="stmt"/>
      <line num="1106" count="255" type="stmt"/>
      <line num="1109" count="49" type="stmt"/>
      <line num="1110" count="49" type="stmt"/>
      <line num="1111" count="49" type="stmt"/>
      <line num="1112" count="49" type="stmt"/>
      <line num="1113" count="49" type="stmt"/>
      <line num="1114" count="49" type="stmt"/>
      <line num="1115" count="49" type="stmt"/>
      <line num="1116" count="49" type="stmt"/>
      <line num="1117" count="49" type="stmt"/>
      <line num="1118" count="49" type="stmt"/>
      <line num="1119" count="49" type="stmt"/>
      <line num="1122" count="255" type="stmt"/>
      <line num="1123" count="2" type="stmt"/>
      <line num="1124" count="2" type="cond" truecount="1" falsecount="1"/>
      <line num="1125" count="2" type="cond" truecount="1" falsecount="1"/>
      <line num="1126" count="2" type="cond" truecount="1" falsecount="1"/>
      <line num="1127" count="2" type="stmt"/>
      <line num="1128" count="2" type="stmt"/>
      <line num="1129" count="2" type="stmt"/>
      <line num="1130" count="2" type="cond" truecount="1" falsecount="1"/>
      <line num="1131" count="2" type="cond" truecount="1" falsecount="1"/>
      <line num="1132" count="2" type="cond" truecount="1" falsecount="1"/>
      <line num="1133" count="2" type="stmt"/>
      <line num="1134" count="2" type="stmt"/>
      <line num="1135" count="2" type="stmt"/>
      <line num="1136" count="2" type="stmt"/>
      <line num="1142" count="255" type="stmt"/>
      <line num="1143" count="255" type="stmt"/>
      <line num="1146" count="2" type="stmt"/>
      <line num="1147" count="2" type="cond" truecount="1" falsecount="1"/>
      <line num="1151" count="2" type="stmt"/>
      <line num="1152" count="2" type="stmt"/>
      <line num="1156" count="47" type="stmt"/>
      <line num="1159" count="255" type="stmt"/>
      <line num="1161" count="257" type="stmt"/>
      <line num="1162" count="257" type="cond" truecount="5" falsecount="0"/>
      <line num="1163" count="193" type="cond" truecount="4" falsecount="1"/>
      <line num="1165" count="193" type="cond" truecount="8" falsecount="2"/>
      <line num="1166" count="44" type="stmt"/>
      <line num="1167" count="0" type="stmt"/>
      <line num="1168" count="45" type="stmt"/>
      <line num="1169" count="1" type="stmt"/>
      <line num="1170" count="19" type="stmt"/>
      <line num="1177" count="255" type="stmt"/>
      <line num="1178" count="255" type="stmt"/>
      <line num="1180" count="255" type="stmt"/>
      <line num="1181" count="1" type="stmt"/>
      <line num="1182" count="1" type="stmt"/>
      <line num="1183" count="1" type="stmt"/>
      <line num="1184" count="1" type="stmt"/>
      <line num="1185" count="1" type="stmt"/>
      <line num="1186" count="1" type="stmt"/>
      <line num="1189" count="255" type="stmt"/>
      <line num="1190" count="1" type="stmt"/>
      <line num="1191" count="1" type="stmt"/>
      <line num="1192" count="1" type="cond" truecount="2" falsecount="0"/>
      <line num="1193" count="1" type="cond" truecount="5" falsecount="1"/>
      <line num="1194" count="8" type="stmt"/>
      <line num="1196" count="1" type="stmt"/>
      <line num="1197" count="1" type="stmt"/>
      <line num="1198" count="1" type="stmt"/>
      <line num="1199" count="1" type="stmt"/>
      <line num="1200" count="1" type="stmt"/>
      <line num="1203" count="255" type="stmt"/>
      <line num="1204" count="0" type="stmt"/>
      <line num="1205" count="0" type="cond" truecount="0" falsecount="2"/>
      <line num="1206" count="0" type="stmt"/>
      <line num="1207" count="0" type="stmt"/>
      <line num="1208" count="0" type="stmt"/>
      <line num="1209" count="0" type="stmt"/>
      <line num="1210" count="0" type="cond" truecount="0" falsecount="4"/>
      <line num="1211" count="0" type="cond" truecount="0" falsecount="2"/>
      <line num="1212" count="0" type="cond" truecount="0" falsecount="2"/>
      <line num="1213" count="0" type="stmt"/>
      <line num="1214" count="0" type="stmt"/>
      <line num="1215" count="0" type="stmt"/>
      <line num="1216" count="0" type="stmt"/>
      <line num="1217" count="0" type="stmt"/>
      <line num="1219" count="0" type="stmt"/>
      <line num="1222" count="0" type="stmt"/>
      <line num="1229" count="7" type="cond" truecount="2" falsecount="0"/>
      <line num="1230" count="6" type="cond" truecount="1" falsecount="1"/>
      <line num="1231" count="6" type="cond" truecount="2" falsecount="0"/>
      <line num="1232" count="1" type="stmt"/>
      <line num="1237" count="7" type="cond" truecount="2" falsecount="0"/>
      <line num="1238" count="6" type="cond" truecount="4" falsecount="0"/>
      <line num="1240" count="1" type="stmt"/>
      <line num="1241" count="1" type="stmt"/>
      <line num="1243" count="1" type="stmt"/>
      <line num="1244" count="1" type="cond" truecount="3" falsecount="1"/>
      <line num="1247" count="1" type="cond" truecount="1" falsecount="1"/>
      <line num="1249" count="1" type="stmt"/>
      <line num="1250" count="1" type="stmt"/>
      <line num="1252" count="1" type="stmt"/>
      <line num="1253" count="1" type="cond" truecount="1" falsecount="1"/>
      <line num="1254" count="1" type="cond" truecount="1" falsecount="1"/>
      <line num="1256" count="1" type="stmt"/>
      <line num="1257" count="1" type="stmt"/>
      <line num="1264" count="255" type="stmt"/>
      <line num="1265" count="255" type="stmt"/>
      <line num="1268" count="7" type="stmt"/>
      <line num="1269" count="7" type="stmt"/>
      <line num="1270" count="7" type="cond" truecount="2" falsecount="0"/>
      <line num="1271" count="5" type="stmt"/>
      <line num="1273" count="1" type="stmt"/>
      <line num="1278" count="103" type="stmt"/>
      <line num="1282" count="33" type="stmt"/>
      <line num="1283" count="33" type="stmt"/>
      <line num="1284" count="33" type="stmt"/>
      <line num="1285" count="33" type="stmt"/>
      <line num="1289" count="28" type="cond" truecount="2" falsecount="0"/>
      <line num="1290" count="1" type="stmt"/>
      <line num="1291" count="1" type="stmt"/>
      <line num="1292" count="1" type="stmt"/>
      <line num="1293" count="1" type="stmt"/>
      <line num="1295" count="27" type="stmt"/>
      <line num="1300" count="27" type="cond" truecount="2" falsecount="0"/>
      <line num="1301" count="27" type="stmt"/>
      <line num="1302" count="27" type="stmt"/>
      <line num="1303" count="27" type="stmt"/>
      <line num="1304" count="27" type="stmt"/>
      <line num="1305" count="12" type="stmt"/>
      <line num="1306" count="12" type="cond" truecount="2" falsecount="0"/>
      <line num="1307" count="3" type="stmt"/>
      <line num="1308" count="3" type="stmt"/>
      <line num="1309" count="3" type="stmt"/>
      <line num="1310" count="3" type="cond" truecount="1" falsecount="1"/>
      <line num="1311" count="3" type="stmt"/>
      <line num="1312" count="3" type="stmt"/>
      <line num="1314" count="12" type="stmt"/>
      <line num="1315" count="12" type="stmt"/>
      <line num="1320" count="30" type="cond" truecount="2" falsecount="0"/>
      <line num="1321" count="30" type="cond" truecount="2" falsecount="0"/>
      <line num="1324" count="30" type="stmt"/>
      <line num="1325" count="30" type="stmt"/>
      <line num="1329" count="3" type="cond" truecount="1" falsecount="1"/>
      <line num="1330" count="3" type="cond" truecount="4" falsecount="0"/>
      <line num="1331" count="1" type="stmt"/>
      <line num="1336" count="128" type="stmt"/>
      <line num="1337" count="128" type="stmt"/>
      <line num="1338" count="128" type="stmt"/>
      <line num="1339" count="128" type="cond" truecount="2" falsecount="0"/>
      <line num="1340" count="128" type="cond" truecount="2" falsecount="0"/>
      <line num="1341" count="128" type="stmt"/>
      <line num="1343" count="128" type="stmt"/>
      <line num="1346" count="255" type="stmt"/>
      <line num="1347" count="255" type="stmt"/>
      <line num="1348" count="255" type="stmt"/>
      <line num="1349" count="1" type="stmt"/>
      <line num="1350" count="1" type="stmt"/>
      <line num="1351" count="1" type="cond" truecount="1" falsecount="1"/>
      <line num="1352" count="1" type="stmt"/>
      <line num="1356" count="255" type="stmt"/>
      <line num="1357" count="3" type="stmt"/>
      <line num="1358" count="3" type="stmt"/>
      <line num="1359" count="3" type="stmt"/>
      <line num="1360" count="3" type="stmt"/>
      <line num="1361" count="3" type="cond" truecount="2" falsecount="0"/>
      <line num="1362" count="3" type="cond" truecount="2" falsecount="0"/>
      <line num="1369" count="372" type="stmt"/>
      <line num="1373" count="150" type="stmt"/>
      <line num="1374" count="150" type="stmt"/>
      <line num="1375" count="150" type="stmt"/>
      <line num="1379" count="52" type="stmt"/>
      <line num="1380" count="52" type="stmt"/>
      <line num="1381" count="52" type="stmt"/>
      <line num="1382" count="52" type="stmt"/>
      <line num="1386" count="30" type="cond" truecount="4" falsecount="0"/>
      <line num="1387" count="19" type="cond" truecount="2" falsecount="0"/>
      <line num="1388" count="9" type="cond" truecount="2" falsecount="0"/>
      <line num="1389" count="7" type="stmt"/>
      <line num="1393" count="8" type="cond" truecount="2" falsecount="0"/>
      <line num="1394" count="5" type="stmt"/>
      <line num="1395" count="5" type="stmt"/>
      <line num="1396" count="5" type="cond" truecount="2" falsecount="0"/>
      <line num="1397" count="4" type="cond" truecount="2" falsecount="0"/>
      <line num="1398" count="3" type="cond" truecount="2" falsecount="0"/>
      <line num="1399" count="1" type="stmt"/>
      <line num="1403" count="22" type="cond" truecount="2" falsecount="0"/>
      <line num="1404" count="19" type="stmt"/>
      <line num="1405" count="19" type="cond" truecount="2" falsecount="0"/>
      <line num="1406" count="15" type="cond" truecount="2" falsecount="0"/>
      <line num="1407" count="6" type="stmt"/>
      <line num="1411" count="63" type="cond" truecount="2" falsecount="0"/>
      <line num="1412" count="56" type="cond" truecount="2" falsecount="0"/>
      <line num="1413" count="10" type="stmt"/>
      <line num="1417" count="110" type="cond" truecount="2" falsecount="0"/>
      <line num="1418" count="107" type="stmt"/>
      <line num="1430" count="24" type="stmt"/>
      <line num="1431" count="24" type="stmt"/>
      <line num="1432" count="24" type="stmt"/>
      <line num="1433" count="24" type="stmt"/>
      <line num="1434" count="24" type="stmt"/>
      <line num="1435" count="24" type="stmt"/>
      <line num="1436" count="24" type="stmt"/>
      <line num="1437" count="24" type="stmt"/>
      <line num="1438" count="24" type="stmt"/>
      <line num="1439" count="24" type="stmt"/>
      <line num="1440" count="24" type="stmt"/>
      <line num="1441" count="24" type="stmt"/>
      <line num="1442" count="24" type="stmt"/>
      <line num="1444" count="24" type="cond" truecount="2" falsecount="0"/>
      <line num="1445" count="1" type="stmt"/>
      <line num="1453" count="7" type="stmt"/>
      <line num="1454" count="7" type="stmt"/>
      <line num="1455" count="7" type="stmt"/>
      <line num="1456" count="7" type="stmt"/>
      <line num="1457" count="7" type="stmt"/>
      <line num="1460" count="255" type="stmt"/>
      <line num="1465" count="255" type="cond" truecount="1" falsecount="1"/>
      <line num="1466" count="255" type="stmt"/>
      <line num="1484" count="53" type="stmt"/>
      <line num="1485" count="169" type="stmt"/>
      <line num="1510" count="26" type="stmt"/>
    </file>
  </project>
</coverage>
