{"/home/runner/work/StudyPlaner/StudyPlaner/app.js": {"path":"/home/runner/work/StudyPlaner/StudyPlaner/app.js","statementMap":{"0":{"start":{"line":11,"column":20},"end":{"line":11,"column":56}},"1":{"start":{"line":12,"column":20},"end":{"line":12,"column":90}},"2":{"start":{"line":13,"column":23},"end":{"line":17,"column":1}},"3":{"start":{"line":22,"column":25},"end":{"line":32,"column":1}},"4":{"start":{"line":34,"column":12},"end":{"line":47,"column":1}},"5":{"start":{"line":53,"column":2},"end":{"line":59,"column":3}},"6":{"start":{"line":55,"column":55},"end":{"line":55,"column":60}},"7":{"start":{"line":56,"column":4},"end":{"line":56,"column":68}},"8":{"start":{"line":58,"column":4},"end":{"line":58,"column":48}},"9":{"start":{"line":63,"column":2},"end":{"line":87,"column":3}},"10":{"start":{"line":64,"column":16},"end":{"line":64,"column":54}},"11":{"start":{"line":65,"column":4},"end":{"line":70,"column":5}},"12":{"start":{"line":66,"column":21},"end":{"line":66,"column":36}},"13":{"start":{"line":68,"column":6},"end":{"line":68,"column":76}},"14":{"start":{"line":69,"column":6},"end":{"line":69,"column":38}},"15":{"start":{"line":72,"column":4},"end":{"line":84,"column":5}},"16":{"start":{"line":73,"column":18},"end":{"line":73,"column":56}},"17":{"start":{"line":74,"column":6},"end":{"line":83,"column":7}},"18":{"start":{"line":75,"column":8},"end":{"line":82,"column":22}},"19":{"start":{"line":76,"column":21},"end":{"line":76,"column":36}},"20":{"start":{"line":77,"column":10},"end":{"line":77,"column":47}},"21":{"start":{"line":78,"column":10},"end":{"line":78,"column":47}},"22":{"start":{"line":79,"column":10},"end":{"line":79,"column":77}},"23":{"start":{"line":79,"column":55},"end":{"line":79,"column":74}},"24":{"start":{"line":80,"column":10},"end":{"line":80,"column":48}},"25":{"start":{"line":81,"column":10},"end":{"line":81,"column":22}},"26":{"start":{"line":86,"column":4},"end":{"line":86,"column":48}},"27":{"start":{"line":93,"column":10},"end":{"line":93,"column":45}},"28":{"start":{"line":93,"column":18},"end":{"line":93,"column":45}},"29":{"start":{"line":94,"column":11},"end":{"line":99,"column":1}},"30":{"start":{"line":95,"column":12},"end":{"line":95,"column":39}},"31":{"start":{"line":96,"column":2},"end":{"line":96,"column":29}},"32":{"start":{"line":96,"column":11},"end":{"line":96,"column":29}},"33":{"start":{"line":97,"column":2},"end":{"line":97,"column":45}},"34":{"start":{"line":97,"column":26},"end":{"line":97,"column":45}},"35":{"start":{"line":98,"column":2},"end":{"line":98,"column":11}},"36":{"start":{"line":105,"column":2},"end":{"line":105,"column":38}},"37":{"start":{"line":106,"column":2},"end":{"line":106,"column":62}},"38":{"start":{"line":109,"column":0},"end":{"line":113,"column":3}},"39":{"start":{"line":110,"column":2},"end":{"line":110,"column":58}},"40":{"start":{"line":111,"column":2},"end":{"line":111,"column":26}},"41":{"start":{"line":112,"column":2},"end":{"line":112,"column":14}},"42":{"start":{"line":119,"column":2},"end":{"line":119,"column":86}},"43":{"start":{"line":119,"column":56},"end":{"line":119,"column":84}},"44":{"start":{"line":120,"column":14},"end":{"line":120,"column":73}},"45":{"start":{"line":121,"column":2},"end":{"line":121,"column":39}},"46":{"start":{"line":121,"column":11},"end":{"line":121,"column":39}},"47":{"start":{"line":123,"column":2},"end":{"line":123,"column":71}},"48":{"start":{"line":124,"column":2},"end":{"line":124,"column":50}},"49":{"start":{"line":125,"column":2},"end":{"line":125,"column":51}},"50":{"start":{"line":126,"column":2},"end":{"line":126,"column":48}},"51":{"start":{"line":128,"column":2},"end":{"line":135,"column":3}},"52":{"start":{"line":129,"column":4},"end":{"line":129,"column":70}},"53":{"start":{"line":130,"column":9},"end":{"line":135,"column":3}},"54":{"start":{"line":131,"column":4},"end":{"line":131,"column":49}},"55":{"start":{"line":132,"column":9},"end":{"line":135,"column":3}},"56":{"start":{"line":133,"column":4},"end":{"line":133,"column":50}},"57":{"start":{"line":134,"column":4},"end":{"line":134,"column":47}},"58":{"start":{"line":139,"column":2},"end":{"line":141,"column":5}},"59":{"start":{"line":140,"column":4},"end":{"line":140,"column":76}},"60":{"start":{"line":140,"column":40},"end":{"line":140,"column":74}},"61":{"start":{"line":146,"column":15},"end":{"line":146,"column":53}},"62":{"start":{"line":147,"column":20},"end":{"line":147,"column":21}},"63":{"start":{"line":148,"column":15},"end":{"line":148,"column":53}},"64":{"start":{"line":149,"column":2},"end":{"line":149,"column":103}},"65":{"start":{"line":149,"column":45},"end":{"line":149,"column":80}},"66":{"start":{"line":150,"column":2},"end":{"line":158,"column":24}},"67":{"start":{"line":151,"column":15},"end":{"line":151,"column":56}},"68":{"start":{"line":152,"column":4},"end":{"line":152,"column":34}},"69":{"start":{"line":152,"column":27},"end":{"line":152,"column":34}},"70":{"start":{"line":153,"column":19},"end":{"line":153,"column":63}},"71":{"start":{"line":154,"column":4},"end":{"line":154,"column":24}},"72":{"start":{"line":154,"column":17},"end":{"line":154,"column":24}},"73":{"start":{"line":155,"column":16},"end":{"line":155,"column":48}},"74":{"start":{"line":156,"column":4},"end":{"line":156,"column":74}},"75":{"start":{"line":156,"column":41},"end":{"line":156,"column":74}},"76":{"start":{"line":157,"column":4},"end":{"line":157,"column":60}},"77":{"start":{"line":157,"column":27},"end":{"line":157,"column":60}},"78":{"start":{"line":165,"column":20},"end":{"line":165,"column":38}},"79":{"start":{"line":166,"column":2},"end":{"line":166,"column":27}},"80":{"start":{"line":167,"column":2},"end":{"line":184,"column":5}},"81":{"start":{"line":168,"column":19},"end":{"line":168,"column":47}},"82":{"start":{"line":169,"column":4},"end":{"line":169,"column":36}},"83":{"start":{"line":170,"column":4},"end":{"line":170,"column":25}},"84":{"start":{"line":171,"column":4},"end":{"line":171,"column":27}},"85":{"start":{"line":172,"column":4},"end":{"line":172,"column":56}},"86":{"start":{"line":173,"column":4},"end":{"line":178,"column":5}},"87":{"start":{"line":174,"column":6},"end":{"line":174,"column":39}},"88":{"start":{"line":175,"column":6},"end":{"line":175,"column":50}},"89":{"start":{"line":177,"column":6},"end":{"line":177,"column":51}},"90":{"start":{"line":179,"column":4},"end":{"line":182,"column":7}},"91":{"start":{"line":180,"column":6},"end":{"line":180,"column":34}},"92":{"start":{"line":181,"column":6},"end":{"line":181,"column":28}},"93":{"start":{"line":183,"column":4},"end":{"line":183,"column":34}},"94":{"start":{"line":191,"column":20},"end":{"line":191,"column":39}},"95":{"start":{"line":192,"column":21},"end":{"line":192,"column":41}},"96":{"start":{"line":193,"column":15},"end":{"line":193,"column":37}},"97":{"start":{"line":194,"column":2},"end":{"line":198,"column":3}},"98":{"start":{"line":195,"column":4},"end":{"line":195,"column":50}},"99":{"start":{"line":196,"column":4},"end":{"line":196,"column":58}},"100":{"start":{"line":196,"column":21},"end":{"line":196,"column":51}},"101":{"start":{"line":197,"column":4},"end":{"line":197,"column":11}},"102":{"start":{"line":199,"column":2},"end":{"line":202,"column":3}},"103":{"start":{"line":199,"column":31},"end":{"line":199,"column":74}},"104":{"start":{"line":200,"column":4},"end":{"line":200,"column":44}},"105":{"start":{"line":201,"column":4},"end":{"line":201,"column":11}},"106":{"start":{"line":203,"column":16},"end":{"line":203,"column":45}},"107":{"start":{"line":204,"column":13},"end":{"line":204,"column":34}},"108":{"start":{"line":205,"column":2},"end":{"line":205,"column":71}},"109":{"start":{"line":207,"column":18},"end":{"line":207,"column":91}},"110":{"start":{"line":208,"column":2},"end":{"line":208,"column":48}},"111":{"start":{"line":210,"column":2},"end":{"line":210,"column":23}},"112":{"start":{"line":211,"column":2},"end":{"line":211,"column":24}},"113":{"start":{"line":212,"column":2},"end":{"line":212,"column":14}},"114":{"start":{"line":213,"column":2},"end":{"line":213,"column":24}},"115":{"start":{"line":214,"column":2},"end":{"line":214,"column":24}},"116":{"start":{"line":215,"column":2},"end":{"line":215,"column":25}},"117":{"start":{"line":216,"column":2},"end":{"line":216,"column":20}},"118":{"start":{"line":217,"column":2},"end":{"line":217,"column":26}},"119":{"start":{"line":221,"column":2},"end":{"line":221,"column":85}},"120":{"start":{"line":221,"column":78},"end":{"line":221,"column":85}},"121":{"start":{"line":222,"column":2},"end":{"line":222,"column":59}},"122":{"start":{"line":222,"column":46},"end":{"line":222,"column":57}},"123":{"start":{"line":223,"column":2},"end":{"line":227,"column":5}},"124":{"start":{"line":224,"column":4},"end":{"line":226,"column":7}},"125":{"start":{"line":225,"column":6},"end":{"line":225,"column":53}},"126":{"start":{"line":225,"column":32},"end":{"line":225,"column":53}},"127":{"start":{"line":228,"column":2},"end":{"line":228,"column":60}},"128":{"start":{"line":228,"column":40},"end":{"line":228,"column":58}},"129":{"start":{"line":229,"column":2},"end":{"line":229,"column":14}},"130":{"start":{"line":230,"column":2},"end":{"line":230,"column":24}},"131":{"start":{"line":231,"column":2},"end":{"line":231,"column":25}},"132":{"start":{"line":232,"column":2},"end":{"line":232,"column":20}},"133":{"start":{"line":233,"column":2},"end":{"line":233,"column":19}},"134":{"start":{"line":234,"column":2},"end":{"line":234,"column":20}},"135":{"start":{"line":235,"column":2},"end":{"line":235,"column":19}},"136":{"start":{"line":236,"column":2},"end":{"line":236,"column":26}},"137":{"start":{"line":237,"column":2},"end":{"line":237,"column":16}},"138":{"start":{"line":241,"column":2},"end":{"line":241,"column":55}},"139":{"start":{"line":241,"column":34},"end":{"line":241,"column":45}},"140":{"start":{"line":245,"column":17},"end":{"line":245,"column":35}},"141":{"start":{"line":246,"column":2},"end":{"line":246,"column":24}},"142":{"start":{"line":247,"column":2},"end":{"line":292,"column":5}},"143":{"start":{"line":248,"column":16},"end":{"line":248,"column":40}},"144":{"start":{"line":249,"column":4},"end":{"line":249,"column":35}},"145":{"start":{"line":250,"column":4},"end":{"line":250,"column":25}},"146":{"start":{"line":251,"column":4},"end":{"line":251,"column":33}},"147":{"start":{"line":252,"column":4},"end":{"line":252,"column":53}},"148":{"start":{"line":254,"column":21},"end":{"line":254,"column":55}},"149":{"start":{"line":255,"column":4},"end":{"line":255,"column":30}},"150":{"start":{"line":257,"column":4},"end":{"line":260,"column":5}},"151":{"start":{"line":258,"column":24},"end":{"line":258,"column":76}},"152":{"start":{"line":259,"column":6},"end":{"line":259,"column":33}},"153":{"start":{"line":262,"column":22},"end":{"line":262,"column":61}},"154":{"start":{"line":263,"column":4},"end":{"line":263,"column":34}},"155":{"start":{"line":264,"column":4},"end":{"line":264,"column":64}},"156":{"start":{"line":265,"column":4},"end":{"line":265,"column":67}},"157":{"start":{"line":265,"column":46},"end":{"line":265,"column":65}},"158":{"start":{"line":266,"column":4},"end":{"line":266,"column":31}},"159":{"start":{"line":269,"column":4},"end":{"line":272,"column":7}},"160":{"start":{"line":270,"column":6},"end":{"line":270,"column":49}},"161":{"start":{"line":271,"column":6},"end":{"line":271,"column":36}},"162":{"start":{"line":273,"column":4},"end":{"line":273,"column":76}},"163":{"start":{"line":273,"column":42},"end":{"line":273,"column":74}},"164":{"start":{"line":274,"column":4},"end":{"line":274,"column":99}},"165":{"start":{"line":274,"column":44},"end":{"line":274,"column":63}},"166":{"start":{"line":274,"column":64},"end":{"line":274,"column":95}},"167":{"start":{"line":275,"column":4},"end":{"line":275,"column":79}},"168":{"start":{"line":275,"column":44},"end":{"line":275,"column":77}},"169":{"start":{"line":276,"column":4},"end":{"line":289,"column":7}},"170":{"start":{"line":277,"column":6},"end":{"line":277,"column":25}},"171":{"start":{"line":278,"column":6},"end":{"line":278,"column":40}},"172":{"start":{"line":279,"column":21},"end":{"line":279,"column":57}},"173":{"start":{"line":280,"column":6},"end":{"line":280,"column":34}},"174":{"start":{"line":280,"column":27},"end":{"line":280,"column":34}},"175":{"start":{"line":281,"column":22},"end":{"line":281,"column":68}},"176":{"start":{"line":281,"column":52},"end":{"line":281,"column":67}},"177":{"start":{"line":282,"column":20},"end":{"line":282,"column":64}},"178":{"start":{"line":282,"column":50},"end":{"line":282,"column":63}},"179":{"start":{"line":283,"column":6},"end":{"line":283,"column":49}},"180":{"start":{"line":283,"column":42},"end":{"line":283,"column":49}},"181":{"start":{"line":284,"column":22},"end":{"line":284,"column":55}},"182":{"start":{"line":285,"column":6},"end":{"line":285,"column":45}},"183":{"start":{"line":286,"column":6},"end":{"line":286,"column":18}},"184":{"start":{"line":287,"column":6},"end":{"line":287,"column":28}},"185":{"start":{"line":288,"column":6},"end":{"line":288,"column":29}},"186":{"start":{"line":291,"column":4},"end":{"line":291,"column":28}},"187":{"start":{"line":296,"column":2},"end":{"line":308,"column":5}},"188":{"start":{"line":297,"column":19},"end":{"line":297,"column":30}},"189":{"start":{"line":298,"column":4},"end":{"line":298,"column":24}},"190":{"start":{"line":298,"column":17},"end":{"line":298,"column":24}},"191":{"start":{"line":299,"column":23},"end":{"line":299,"column":35}},"192":{"start":{"line":300,"column":4},"end":{"line":300,"column":55}},"193":{"start":{"line":300,"column":38},"end":{"line":300,"column":55}},"194":{"start":{"line":301,"column":4},"end":{"line":306,"column":7}},"195":{"start":{"line":302,"column":18},"end":{"line":302,"column":50}},"196":{"start":{"line":303,"column":6},"end":{"line":303,"column":23}},"197":{"start":{"line":304,"column":6},"end":{"line":304,"column":31}},"198":{"start":{"line":305,"column":6},"end":{"line":305,"column":30}},"199":{"start":{"line":307,"column":4},"end":{"line":307,"column":30}},"200":{"start":{"line":313,"column":15},"end":{"line":313,"column":39}},"201":{"start":{"line":314,"column":2},"end":{"line":314,"column":35}},"202":{"start":{"line":314,"column":28},"end":{"line":314,"column":35}},"203":{"start":{"line":315,"column":2},"end":{"line":315,"column":22}},"204":{"start":{"line":316,"column":2},"end":{"line":319,"column":3}},"205":{"start":{"line":317,"column":4},"end":{"line":317,"column":77}},"206":{"start":{"line":318,"column":4},"end":{"line":318,"column":11}},"207":{"start":{"line":320,"column":2},"end":{"line":336,"column":5}},"208":{"start":{"line":321,"column":22},"end":{"line":321,"column":85}},"209":{"start":{"line":321,"column":46},"end":{"line":321,"column":77}},"210":{"start":{"line":322,"column":22},"end":{"line":322,"column":74}},"211":{"start":{"line":322,"column":46},"end":{"line":322,"column":66}},"212":{"start":{"line":323,"column":16},"end":{"line":323,"column":49}},"213":{"start":{"line":324,"column":16},"end":{"line":324,"column":44}},"214":{"start":{"line":325,"column":4},"end":{"line":325,"column":35}},"215":{"start":{"line":326,"column":17},"end":{"line":326,"column":66}},"216":{"start":{"line":327,"column":17},"end":{"line":327,"column":89}},"217":{"start":{"line":328,"column":4},"end":{"line":331,"column":5}},"218":{"start":{"line":329,"column":20},"end":{"line":329,"column":78}},"219":{"start":{"line":330,"column":6},"end":{"line":330,"column":29}},"220":{"start":{"line":332,"column":4},"end":{"line":332,"column":25}},"221":{"start":{"line":333,"column":4},"end":{"line":333,"column":26}},"222":{"start":{"line":334,"column":4},"end":{"line":334,"column":26}},"223":{"start":{"line":335,"column":4},"end":{"line":335,"column":26}},"224":{"start":{"line":339,"column":0},"end":{"line":347,"column":3}},"225":{"start":{"line":340,"column":15},"end":{"line":340,"column":39}},"226":{"start":{"line":341,"column":15},"end":{"line":341,"column":41}},"227":{"start":{"line":342,"column":15},"end":{"line":342,"column":26}},"228":{"start":{"line":343,"column":2},"end":{"line":343,"column":22}},"229":{"start":{"line":344,"column":2},"end":{"line":344,"column":50}},"230":{"start":{"line":345,"column":2},"end":{"line":345,"column":68}},"231":{"start":{"line":346,"column":2},"end":{"line":346,"column":36}},"232":{"start":{"line":346,"column":12},"end":{"line":346,"column":36}},"233":{"start":{"line":353,"column":2},"end":{"line":353,"column":72}},"234":{"start":{"line":357,"column":16},"end":{"line":357,"column":51}},"235":{"start":{"line":358,"column":2},"end":{"line":358,"column":36}},"236":{"start":{"line":362,"column":16},"end":{"line":362,"column":51}},"237":{"start":{"line":363,"column":2},"end":{"line":363,"column":35}},"238":{"start":{"line":367,"column":16},"end":{"line":367,"column":35}},"239":{"start":{"line":368,"column":14},"end":{"line":368,"column":52}},"240":{"start":{"line":369,"column":2},"end":{"line":369,"column":52}},"241":{"start":{"line":373,"column":15},"end":{"line":373,"column":29}},"242":{"start":{"line":374,"column":15},"end":{"line":374,"column":33}},"243":{"start":{"line":375,"column":15},"end":{"line":375,"column":30}},"244":{"start":{"line":376,"column":49},"end":{"line":376,"column":63}},"245":{"start":{"line":377,"column":19},"end":{"line":377,"column":37}},"246":{"start":{"line":380,"column":2},"end":{"line":380,"column":70}},"247":{"start":{"line":381,"column":2},"end":{"line":381,"column":22}},"248":{"start":{"line":384,"column":2},"end":{"line":384,"column":48}},"249":{"start":{"line":385,"column":2},"end":{"line":388,"column":3}},"250":{"start":{"line":386,"column":4},"end":{"line":386,"column":72}},"251":{"start":{"line":387,"column":4},"end":{"line":387,"column":72}},"252":{"start":{"line":391,"column":2},"end":{"line":391,"column":54}},"253":{"start":{"line":392,"column":2},"end":{"line":395,"column":5}},"254":{"start":{"line":393,"column":16},"end":{"line":393,"column":90}},"255":{"start":{"line":394,"column":4},"end":{"line":394,"column":26}},"256":{"start":{"line":398,"column":2},"end":{"line":431,"column":3}},"257":{"start":{"line":398,"column":15},"end":{"line":398,"column":16}},"258":{"start":{"line":399,"column":21},"end":{"line":399,"column":56}},"259":{"start":{"line":400,"column":21},"end":{"line":400,"column":46}},"260":{"start":{"line":401,"column":21},"end":{"line":401,"column":93}},"261":{"start":{"line":402,"column":21},"end":{"line":402,"column":93}},"262":{"start":{"line":403,"column":22},"end":{"line":403,"column":49}},"263":{"start":{"line":404,"column":4},"end":{"line":404,"column":102}},"264":{"start":{"line":405,"column":4},"end":{"line":405,"column":32}},"265":{"start":{"line":407,"column":4},"end":{"line":430,"column":7}},"266":{"start":{"line":408,"column":18},"end":{"line":408,"column":34}},"267":{"start":{"line":409,"column":24},"end":{"line":409,"column":33}},"268":{"start":{"line":410,"column":22},"end":{"line":410,"column":62}},"269":{"start":{"line":412,"column":19},"end":{"line":412,"column":93}},"270":{"start":{"line":413,"column":6},"end":{"line":413,"column":29}},"271":{"start":{"line":414,"column":6},"end":{"line":414,"column":44}},"272":{"start":{"line":415,"column":6},"end":{"line":415,"column":41}},"273":{"start":{"line":416,"column":6},"end":{"line":416,"column":133}},"274":{"start":{"line":418,"column":6},"end":{"line":423,"column":7}},"275":{"start":{"line":419,"column":8},"end":{"line":419,"column":37}},"276":{"start":{"line":420,"column":8},"end":{"line":420,"column":46}},"277":{"start":{"line":421,"column":8},"end":{"line":421,"column":47}},"278":{"start":{"line":422,"column":8},"end":{"line":422,"column":40}},"279":{"start":{"line":425,"column":6},"end":{"line":425,"column":69}},"280":{"start":{"line":425,"column":43},"end":{"line":425,"column":67}},"281":{"start":{"line":426,"column":6},"end":{"line":428,"column":9}},"282":{"start":{"line":427,"column":8},"end":{"line":427,"column":97}},"283":{"start":{"line":427,"column":50},"end":{"line":427,"column":69}},"284":{"start":{"line":427,"column":70},"end":{"line":427,"column":95}},"285":{"start":{"line":429,"column":6},"end":{"line":429,"column":29}},"286":{"start":{"line":435,"column":2},"end":{"line":435,"column":41}},"287":{"start":{"line":436,"column":40},"end":{"line":436,"column":54}},"288":{"start":{"line":437,"column":19},"end":{"line":437,"column":59}},"289":{"start":{"line":438,"column":19},"end":{"line":438,"column":91}},"290":{"start":{"line":439,"column":2},"end":{"line":439,"column":86}},"291":{"start":{"line":440,"column":2},"end":{"line":440,"column":25}},"292":{"start":{"line":441,"column":15},"end":{"line":441,"column":33}},"293":{"start":{"line":442,"column":2},"end":{"line":442,"column":67}},"294":{"start":{"line":443,"column":2},"end":{"line":443,"column":32}},"295":{"start":{"line":446,"column":0},"end":{"line":460,"column":3}},"296":{"start":{"line":447,"column":2},"end":{"line":447,"column":33}},"297":{"start":{"line":447,"column":26},"end":{"line":447,"column":33}},"298":{"start":{"line":448,"column":29},"end":{"line":448,"column":46}},"299":{"start":{"line":449,"column":14},"end":{"line":449,"column":35}},"300":{"start":{"line":450,"column":21},"end":{"line":450,"column":49}},"301":{"start":{"line":451,"column":15},"end":{"line":451,"column":33}},"302":{"start":{"line":452,"column":2},"end":{"line":456,"column":3}},"303":{"start":{"line":453,"column":4},"end":{"line":453,"column":27}},"304":{"start":{"line":455,"column":4},"end":{"line":455,"column":21}},"305":{"start":{"line":457,"column":2},"end":{"line":457,"column":14}},"306":{"start":{"line":458,"column":2},"end":{"line":458,"column":20}},"307":{"start":{"line":459,"column":2},"end":{"line":459,"column":33}},"308":{"start":{"line":462,"column":0},"end":{"line":462,"column":83}},"309":{"start":{"line":462,"column":51},"end":{"line":462,"column":81}},"310":{"start":{"line":463,"column":0},"end":{"line":463,"column":87}},"311":{"start":{"line":463,"column":55},"end":{"line":463,"column":85}},"312":{"start":{"line":465,"column":0},"end":{"line":474,"column":3}},"313":{"start":{"line":466,"column":2},"end":{"line":466,"column":46}},"314":{"start":{"line":466,"column":39},"end":{"line":466,"column":46}},"315":{"start":{"line":467,"column":2},"end":{"line":471,"column":3}},"316":{"start":{"line":468,"column":4},"end":{"line":468,"column":26}},"317":{"start":{"line":470,"column":4},"end":{"line":470,"column":25}},"318":{"start":{"line":472,"column":2},"end":{"line":472,"column":14}},"319":{"start":{"line":473,"column":2},"end":{"line":473,"column":20}},"320":{"start":{"line":476,"column":0},"end":{"line":476,"column":57}},"321":{"start":{"line":477,"column":0},"end":{"line":479,"column":3}},"322":{"start":{"line":478,"column":2},"end":{"line":478,"column":62}},"323":{"start":{"line":478,"column":27},"end":{"line":478,"column":46}},"324":{"start":{"line":478,"column":47},"end":{"line":478,"column":60}},"325":{"start":{"line":482,"column":0},"end":{"line":485,"column":3}},"326":{"start":{"line":483,"column":2},"end":{"line":483,"column":26}},"327":{"start":{"line":484,"column":2},"end":{"line":484,"column":20}},"328":{"start":{"line":486,"column":0},"end":{"line":489,"column":3}},"329":{"start":{"line":487,"column":2},"end":{"line":487,"column":26}},"330":{"start":{"line":488,"column":2},"end":{"line":488,"column":20}},"331":{"start":{"line":495,"column":2},"end":{"line":495,"column":29}},"332":{"start":{"line":496,"column":2},"end":{"line":496,"column":47}},"333":{"start":{"line":497,"column":2},"end":{"line":497,"column":24}},"334":{"start":{"line":498,"column":2},"end":{"line":498,"column":48}},"335":{"start":{"line":499,"column":2},"end":{"line":499,"column":35}},"336":{"start":{"line":500,"column":2},"end":{"line":500,"column":25}},"337":{"start":{"line":501,"column":2},"end":{"line":501,"column":67}},"338":{"start":{"line":502,"column":2},"end":{"line":502,"column":28}},"339":{"start":{"line":503,"column":2},"end":{"line":503,"column":82}},"340":{"start":{"line":504,"column":2},"end":{"line":504,"column":28}},"341":{"start":{"line":505,"column":2},"end":{"line":505,"column":47}},"342":{"start":{"line":505,"column":19},"end":{"line":505,"column":40}},"343":{"start":{"line":509,"column":15},"end":{"line":509,"column":53}},"344":{"start":{"line":509,"column":37},"end":{"line":509,"column":52}},"345":{"start":{"line":510,"column":2},"end":{"line":510,"column":20}},"346":{"start":{"line":510,"column":13},"end":{"line":510,"column":20}},"347":{"start":{"line":511,"column":2},"end":{"line":511,"column":31}},"348":{"start":{"line":512,"column":2},"end":{"line":512,"column":53}},"349":{"start":{"line":513,"column":2},"end":{"line":513,"column":48}},"350":{"start":{"line":514,"column":2},"end":{"line":514,"column":35}},"351":{"start":{"line":515,"column":2},"end":{"line":515,"column":25}},"352":{"start":{"line":516,"column":2},"end":{"line":516,"column":49}},"353":{"start":{"line":517,"column":2},"end":{"line":517,"column":38}},"354":{"start":{"line":518,"column":2},"end":{"line":518,"column":45}},"355":{"start":{"line":519,"column":2},"end":{"line":519,"column":48}},"356":{"start":{"line":520,"column":13},"end":{"line":520,"column":87}},"357":{"start":{"line":521,"column":2},"end":{"line":521,"column":28}},"358":{"start":{"line":521,"column":10},"end":{"line":521,"column":28}},"359":{"start":{"line":522,"column":2},"end":{"line":522,"column":28}},"360":{"start":{"line":525,"column":0},"end":{"line":525,"column":64}},"361":{"start":{"line":526,"column":0},"end":{"line":526,"column":79}},"362":{"start":{"line":526,"column":51},"end":{"line":526,"column":77}},"363":{"start":{"line":527,"column":0},"end":{"line":527,"column":79}},"364":{"start":{"line":527,"column":51},"end":{"line":527,"column":77}},"365":{"start":{"line":529,"column":0},"end":{"line":560,"column":3}},"366":{"start":{"line":530,"column":2},"end":{"line":530,"column":21}},"367":{"start":{"line":531,"column":20},"end":{"line":531,"column":42}},"368":{"start":{"line":532,"column":20},"end":{"line":532,"column":46}},"369":{"start":{"line":533,"column":20},"end":{"line":533,"column":47}},"370":{"start":{"line":534,"column":20},"end":{"line":534,"column":43}},"371":{"start":{"line":535,"column":20},"end":{"line":535,"column":95}},"372":{"start":{"line":536,"column":2},"end":{"line":541,"column":3}},"373":{"start":{"line":537,"column":4},"end":{"line":537,"column":55}},"374":{"start":{"line":538,"column":4},"end":{"line":538,"column":38}},"375":{"start":{"line":539,"column":4},"end":{"line":539,"column":26}},"376":{"start":{"line":540,"column":4},"end":{"line":540,"column":11}},"377":{"start":{"line":542,"column":2},"end":{"line":542,"column":54}},"378":{"start":{"line":543,"column":2},"end":{"line":543,"column":35}},"379":{"start":{"line":545,"column":2},"end":{"line":550,"column":3}},"380":{"start":{"line":546,"column":17},"end":{"line":546,"column":68}},"381":{"start":{"line":546,"column":39},"end":{"line":546,"column":67}},"382":{"start":{"line":547,"column":4},"end":{"line":547,"column":135}},"383":{"start":{"line":547,"column":16},"end":{"line":547,"column":43}},"384":{"start":{"line":547,"column":44},"end":{"line":547,"column":61}},"385":{"start":{"line":547,"column":62},"end":{"line":547,"column":81}},"386":{"start":{"line":547,"column":82},"end":{"line":547,"column":107}},"387":{"start":{"line":547,"column":108},"end":{"line":547,"column":133}},"388":{"start":{"line":549,"column":4},"end":{"line":549,"column":160}},"389":{"start":{"line":552,"column":2},"end":{"line":552,"column":14}},"390":{"start":{"line":553,"column":2},"end":{"line":553,"column":29}},"391":{"start":{"line":554,"column":2},"end":{"line":554,"column":19}},"392":{"start":{"line":555,"column":2},"end":{"line":555,"column":20}},"393":{"start":{"line":556,"column":2},"end":{"line":556,"column":23}},"394":{"start":{"line":557,"column":2},"end":{"line":557,"column":19}},"395":{"start":{"line":558,"column":2},"end":{"line":558,"column":23}},"396":{"start":{"line":559,"column":2},"end":{"line":559,"column":16}},"397":{"start":{"line":563,"column":15},"end":{"line":563,"column":53}},"398":{"start":{"line":563,"column":37},"end":{"line":563,"column":52}},"399":{"start":{"line":564,"column":2},"end":{"line":564,"column":20}},"400":{"start":{"line":564,"column":13},"end":{"line":564,"column":20}},"401":{"start":{"line":565,"column":2},"end":{"line":565,"column":25}},"402":{"start":{"line":566,"column":2},"end":{"line":566,"column":60}},"403":{"start":{"line":567,"column":2},"end":{"line":567,"column":14}},"404":{"start":{"line":568,"column":2},"end":{"line":568,"column":19}},"405":{"start":{"line":569,"column":2},"end":{"line":569,"column":20}},"406":{"start":{"line":570,"column":2},"end":{"line":570,"column":19}},"407":{"start":{"line":571,"column":2},"end":{"line":571,"column":23}},"408":{"start":{"line":572,"column":2},"end":{"line":572,"column":16}},"409":{"start":{"line":576,"column":15},"end":{"line":576,"column":77}},"410":{"start":{"line":577,"column":2},"end":{"line":582,"column":3}},"411":{"start":{"line":578,"column":4},"end":{"line":578,"column":35}},"412":{"start":{"line":579,"column":4},"end":{"line":579,"column":47}},"413":{"start":{"line":579,"column":21},"end":{"line":579,"column":40}},"414":{"start":{"line":581,"column":4},"end":{"line":581,"column":24}},"415":{"start":{"line":586,"column":2},"end":{"line":586,"column":57}},"416":{"start":{"line":586,"column":40},"end":{"line":586,"column":55}},"417":{"start":{"line":587,"column":2},"end":{"line":587,"column":14}},"418":{"start":{"line":588,"column":2},"end":{"line":588,"column":19}},"419":{"start":{"line":589,"column":2},"end":{"line":589,"column":20}},"420":{"start":{"line":590,"column":2},"end":{"line":590,"column":23}},"421":{"start":{"line":591,"column":2},"end":{"line":591,"column":19}},"422":{"start":{"line":592,"column":2},"end":{"line":592,"column":23}},"423":{"start":{"line":593,"column":2},"end":{"line":593,"column":16}},"424":{"start":{"line":597,"column":15},"end":{"line":597,"column":53}},"425":{"start":{"line":597,"column":37},"end":{"line":597,"column":52}},"426":{"start":{"line":598,"column":2},"end":{"line":598,"column":38}},"427":{"start":{"line":598,"column":31},"end":{"line":598,"column":38}},"428":{"start":{"line":599,"column":12},"end":{"line":599,"column":49}},"429":{"start":{"line":600,"column":2},"end":{"line":600,"column":29}},"430":{"start":{"line":601,"column":2},"end":{"line":601,"column":30}},"431":{"start":{"line":602,"column":2},"end":{"line":602,"column":14}},"432":{"start":{"line":603,"column":2},"end":{"line":603,"column":19}},"433":{"start":{"line":604,"column":2},"end":{"line":604,"column":20}},"434":{"start":{"line":605,"column":2},"end":{"line":605,"column":23}},"435":{"start":{"line":606,"column":2},"end":{"line":606,"column":23}},"436":{"start":{"line":610,"column":0},"end":{"line":613,"column":3}},"437":{"start":{"line":611,"column":2},"end":{"line":611,"column":60}},"438":{"start":{"line":612,"column":2},"end":{"line":612,"column":19}},"439":{"start":{"line":616,"column":0},"end":{"line":623,"column":3}},"440":{"start":{"line":617,"column":2},"end":{"line":622,"column":5}},"441":{"start":{"line":618,"column":4},"end":{"line":618,"column":88}},"442":{"start":{"line":618,"column":58},"end":{"line":618,"column":86}},"443":{"start":{"line":619,"column":4},"end":{"line":619,"column":32}},"444":{"start":{"line":620,"column":4},"end":{"line":620,"column":38}},"445":{"start":{"line":621,"column":4},"end":{"line":621,"column":21}},"446":{"start":{"line":626,"column":0},"end":{"line":638,"column":3}},"447":{"start":{"line":627,"column":16},"end":{"line":627,"column":54}},"448":{"start":{"line":627,"column":40},"end":{"line":627,"column":46}},"449":{"start":{"line":628,"column":2},"end":{"line":628,"column":77}},"450":{"start":{"line":628,"column":21},"end":{"line":628,"column":67}},"451":{"start":{"line":628,"column":68},"end":{"line":628,"column":75}},"452":{"start":{"line":629,"column":2},"end":{"line":629,"column":65}},"453":{"start":{"line":629,"column":58},"end":{"line":629,"column":65}},"454":{"start":{"line":630,"column":2},"end":{"line":630,"column":49}},"455":{"start":{"line":630,"column":40},"end":{"line":630,"column":47}},"456":{"start":{"line":631,"column":2},"end":{"line":631,"column":14}},"457":{"start":{"line":632,"column":2},"end":{"line":632,"column":19}},"458":{"start":{"line":633,"column":2},"end":{"line":633,"column":20}},"459":{"start":{"line":634,"column":2},"end":{"line":634,"column":23}},"460":{"start":{"line":635,"column":2},"end":{"line":635,"column":19}},"461":{"start":{"line":636,"column":2},"end":{"line":636,"column":23}},"462":{"start":{"line":637,"column":2},"end":{"line":637,"column":16}},"463":{"start":{"line":641,"column":2},"end":{"line":654,"column":5}},"464":{"start":{"line":643,"column":4},"end":{"line":646,"column":5}},"465":{"start":{"line":644,"column":23},"end":{"line":644,"column":107}},"466":{"start":{"line":645,"column":6},"end":{"line":645,"column":57}},"467":{"start":{"line":645,"column":44},"end":{"line":645,"column":57}},"468":{"start":{"line":648,"column":4},"end":{"line":648,"column":50}},"469":{"start":{"line":648,"column":35},"end":{"line":648,"column":50}},"470":{"start":{"line":649,"column":4},"end":{"line":649,"column":49}},"471":{"start":{"line":649,"column":35},"end":{"line":649,"column":49}},"472":{"start":{"line":650,"column":4},"end":{"line":650,"column":64}},"473":{"start":{"line":650,"column":35},"end":{"line":650,"column":64}},"474":{"start":{"line":651,"column":4},"end":{"line":651,"column":66}},"475":{"start":{"line":651,"column":35},"end":{"line":651,"column":66}},"476":{"start":{"line":652,"column":4},"end":{"line":652,"column":63}},"477":{"start":{"line":652,"column":35},"end":{"line":652,"column":63}},"478":{"start":{"line":653,"column":4},"end":{"line":653,"column":16}},"479":{"start":{"line":658,"column":15},"end":{"line":658,"column":28}},"480":{"start":{"line":659,"column":19},"end":{"line":659,"column":37}},"481":{"start":{"line":660,"column":13},"end":{"line":660,"column":43}},"482":{"start":{"line":661,"column":17},"end":{"line":668,"column":4}},"483":{"start":{"line":662,"column":4},"end":{"line":662,"column":50}},"484":{"start":{"line":662,"column":27},"end":{"line":662,"column":50}},"485":{"start":{"line":663,"column":4},"end":{"line":663,"column":74}},"486":{"start":{"line":663,"column":35},"end":{"line":663,"column":74}},"487":{"start":{"line":664,"column":4},"end":{"line":664,"column":85}},"488":{"start":{"line":664,"column":34},"end":{"line":664,"column":85}},"489":{"start":{"line":665,"column":4},"end":{"line":665,"column":30}},"490":{"start":{"line":665,"column":20},"end":{"line":665,"column":30}},"491":{"start":{"line":666,"column":4},"end":{"line":666,"column":29}},"492":{"start":{"line":666,"column":20},"end":{"line":666,"column":29}},"493":{"start":{"line":667,"column":4},"end":{"line":667,"column":13}},"494":{"start":{"line":670,"column":18},"end":{"line":670,"column":32}},"495":{"start":{"line":671,"column":2},"end":{"line":671,"column":22}},"496":{"start":{"line":672,"column":2},"end":{"line":672,"column":28}},"497":{"start":{"line":674,"column":2},"end":{"line":677,"column":3}},"498":{"start":{"line":675,"column":4},"end":{"line":675,"column":35}},"499":{"start":{"line":676,"column":4},"end":{"line":676,"column":11}},"500":{"start":{"line":678,"column":2},"end":{"line":678,"column":33}},"501":{"start":{"line":680,"column":2},"end":{"line":680,"column":68}},"502":{"start":{"line":680,"column":25},"end":{"line":680,"column":66}},"503":{"start":{"line":684,"column":18},"end":{"line":684,"column":44}},"504":{"start":{"line":685,"column":15},"end":{"line":685,"column":90}},"505":{"start":{"line":686,"column":2},"end":{"line":686,"column":32}},"506":{"start":{"line":687,"column":2},"end":{"line":687,"column":40}},"507":{"start":{"line":690,"column":19},"end":{"line":690,"column":50}},"508":{"start":{"line":691,"column":2},"end":{"line":691,"column":29}},"509":{"start":{"line":692,"column":2},"end":{"line":692,"column":39}},"510":{"start":{"line":693,"column":2},"end":{"line":693,"column":31}},"511":{"start":{"line":694,"column":2},"end":{"line":694,"column":86}},"512":{"start":{"line":695,"column":2},"end":{"line":695,"column":69}},"513":{"start":{"line":695,"column":44},"end":{"line":695,"column":67}},"514":{"start":{"line":698,"column":15},"end":{"line":698,"column":37}},"515":{"start":{"line":701,"column":14},"end":{"line":701,"column":35}},"516":{"start":{"line":702,"column":2},"end":{"line":706,"column":3}},"517":{"start":{"line":703,"column":18},"end":{"line":703,"column":76}},"518":{"start":{"line":704,"column":4},"end":{"line":704,"column":43}},"519":{"start":{"line":705,"column":4},"end":{"line":705,"column":27}},"520":{"start":{"line":707,"column":2},"end":{"line":707,"column":94}},"521":{"start":{"line":710,"column":15},"end":{"line":710,"column":60}},"522":{"start":{"line":713,"column":16},"end":{"line":713,"column":20}},"523":{"start":{"line":714,"column":2},"end":{"line":716,"column":3}},"524":{"start":{"line":715,"column":4},"end":{"line":715,"column":72}},"525":{"start":{"line":719,"column":15},"end":{"line":719,"column":37}},"526":{"start":{"line":720,"column":2},"end":{"line":732,"column":3}},"527":{"start":{"line":721,"column":21},"end":{"line":721,"column":45}},"528":{"start":{"line":722,"column":21},"end":{"line":722,"column":44}},"529":{"start":{"line":723,"column":15},"end":{"line":723,"column":121}},"530":{"start":{"line":724,"column":4},"end":{"line":724,"column":25}},"531":{"start":{"line":726,"column":22},"end":{"line":726,"column":61}},"532":{"start":{"line":727,"column":4},"end":{"line":727,"column":54}},"533":{"start":{"line":728,"column":4},"end":{"line":728,"column":92}},"534":{"start":{"line":728,"column":47},"end":{"line":728,"column":67}},"535":{"start":{"line":728,"column":68},"end":{"line":728,"column":88}},"536":{"start":{"line":729,"column":4},"end":{"line":729,"column":32}},"537":{"start":{"line":730,"column":9},"end":{"line":732,"column":3}},"538":{"start":{"line":731,"column":4},"end":{"line":731,"column":85}},"539":{"start":{"line":734,"column":2},"end":{"line":734,"column":24}},"540":{"start":{"line":735,"column":2},"end":{"line":735,"column":25}},"541":{"start":{"line":738,"column":2},"end":{"line":749,"column":3}},"542":{"start":{"line":739,"column":24},"end":{"line":739,"column":70}},"543":{"start":{"line":740,"column":4},"end":{"line":740,"column":55}},"544":{"start":{"line":741,"column":4},"end":{"line":746,"column":7}},"545":{"start":{"line":742,"column":6},"end":{"line":742,"column":26}},"546":{"start":{"line":743,"column":23},"end":{"line":743,"column":59}},"547":{"start":{"line":744,"column":6},"end":{"line":744,"column":55}},"548":{"start":{"line":745,"column":6},"end":{"line":745,"column":66}},"549":{"start":{"line":747,"column":4},"end":{"line":747,"column":34}},"550":{"start":{"line":748,"column":4},"end":{"line":748,"column":30}},"551":{"start":{"line":751,"column":2},"end":{"line":751,"column":55}},"552":{"start":{"line":751,"column":32},"end":{"line":751,"column":55}},"553":{"start":{"line":754,"column":18},"end":{"line":754,"column":43}},"554":{"start":{"line":755,"column":18},"end":{"line":755,"column":64}},"555":{"start":{"line":756,"column":2},"end":{"line":756,"column":31}},"556":{"start":{"line":757,"column":2},"end":{"line":757,"column":73}},"557":{"start":{"line":758,"column":2},"end":{"line":758,"column":70}},"558":{"start":{"line":758,"column":42},"end":{"line":758,"column":68}},"559":{"start":{"line":760,"column":17},"end":{"line":760,"column":54}},"560":{"start":{"line":761,"column":2},"end":{"line":761,"column":27}},"561":{"start":{"line":762,"column":2},"end":{"line":762,"column":69}},"562":{"start":{"line":763,"column":2},"end":{"line":763,"column":62}},"563":{"start":{"line":763,"column":41},"end":{"line":763,"column":60}},"564":{"start":{"line":765,"column":2},"end":{"line":765,"column":31}},"565":{"start":{"line":766,"column":2},"end":{"line":766,"column":30}},"566":{"start":{"line":768,"column":2},"end":{"line":768,"column":29}},"567":{"start":{"line":769,"column":2},"end":{"line":769,"column":25}},"568":{"start":{"line":770,"column":2},"end":{"line":770,"column":28}},"569":{"start":{"line":772,"column":2},"end":{"line":772,"column":14}},"570":{"start":{"line":779,"column":19},"end":{"line":779,"column":39}},"571":{"start":{"line":780,"column":19},"end":{"line":780,"column":36}},"572":{"start":{"line":781,"column":19},"end":{"line":781,"column":36}},"573":{"start":{"line":782,"column":21},"end":{"line":782,"column":39}},"574":{"start":{"line":784,"column":20},"end":{"line":784,"column":66}},"575":{"start":{"line":784,"column":44},"end":{"line":784,"column":65}},"576":{"start":{"line":785,"column":20},"end":{"line":785,"column":61}},"577":{"start":{"line":785,"column":42},"end":{"line":785,"column":60}},"578":{"start":{"line":786,"column":20},"end":{"line":786,"column":63}},"579":{"start":{"line":786,"column":42},"end":{"line":786,"column":62}},"580":{"start":{"line":787,"column":20},"end":{"line":787,"column":66}},"581":{"start":{"line":787,"column":42},"end":{"line":787,"column":65}},"582":{"start":{"line":788,"column":20},"end":{"line":788,"column":89}},"583":{"start":{"line":788,"column":42},"end":{"line":788,"column":88}},"584":{"start":{"line":789,"column":20},"end":{"line":789,"column":91}},"585":{"start":{"line":789,"column":42},"end":{"line":789,"column":90}},"586":{"start":{"line":790,"column":20},"end":{"line":790,"column":66}},"587":{"start":{"line":790,"column":42},"end":{"line":790,"column":65}},"588":{"start":{"line":792,"column":2},"end":{"line":792,"column":75}},"589":{"start":{"line":793,"column":2},"end":{"line":793,"column":64}},"590":{"start":{"line":794,"column":2},"end":{"line":794,"column":60}},"591":{"start":{"line":795,"column":2},"end":{"line":795,"column":64}},"592":{"start":{"line":796,"column":2},"end":{"line":796,"column":61}},"593":{"start":{"line":797,"column":2},"end":{"line":797,"column":23}},"594":{"start":{"line":801,"column":20},"end":{"line":801,"column":34}},"595":{"start":{"line":802,"column":2},"end":{"line":802,"column":25}},"596":{"start":{"line":802,"column":18},"end":{"line":802,"column":25}},"597":{"start":{"line":803,"column":2},"end":{"line":803,"column":27}},"598":{"start":{"line":805,"column":2},"end":{"line":815,"column":3}},"599":{"start":{"line":806,"column":17},"end":{"line":812,"column":5}},"600":{"start":{"line":813,"column":4},"end":{"line":813,"column":71}},"601":{"start":{"line":814,"column":4},"end":{"line":814,"column":11}},"602":{"start":{"line":817,"column":17},"end":{"line":821,"column":4}},"603":{"start":{"line":818,"column":4},"end":{"line":818,"column":75}},"604":{"start":{"line":818,"column":35},"end":{"line":818,"column":75}},"605":{"start":{"line":819,"column":15},"end":{"line":819,"column":45}},"606":{"start":{"line":820,"column":4},"end":{"line":820,"column":43}},"607":{"start":{"line":823,"column":2},"end":{"line":841,"column":5}},"608":{"start":{"line":824,"column":20},"end":{"line":824,"column":46}},"609":{"start":{"line":825,"column":17},"end":{"line":825,"column":72}},"610":{"start":{"line":827,"column":16},"end":{"line":827,"column":41}},"611":{"start":{"line":828,"column":4},"end":{"line":828,"column":63}},"612":{"start":{"line":830,"column":17},"end":{"line":830,"column":43}},"613":{"start":{"line":831,"column":4},"end":{"line":831,"column":77}},"614":{"start":{"line":832,"column":4},"end":{"line":832,"column":107}},"615":{"start":{"line":834,"column":17},"end":{"line":834,"column":41}},"616":{"start":{"line":835,"column":19},"end":{"line":835,"column":66}},"617":{"start":{"line":837,"column":4},"end":{"line":837,"column":26}},"618":{"start":{"line":838,"column":4},"end":{"line":838,"column":27}},"619":{"start":{"line":839,"column":4},"end":{"line":839,"column":29}},"620":{"start":{"line":840,"column":4},"end":{"line":840,"column":32}},"621":{"start":{"line":845,"column":16},"end":{"line":845,"column":36}},"622":{"start":{"line":846,"column":16},"end":{"line":846,"column":91}},"623":{"start":{"line":846,"column":40},"end":{"line":846,"column":83}},"624":{"start":{"line":847,"column":16},"end":{"line":847,"column":33}},"625":{"start":{"line":848,"column":2},"end":{"line":853,"column":3}},"626":{"start":{"line":849,"column":4},"end":{"line":849,"column":30}},"627":{"start":{"line":850,"column":4},"end":{"line":850,"column":25}},"628":{"start":{"line":852,"column":4},"end":{"line":852,"column":24}},"629":{"start":{"line":860,"column":14},"end":{"line":860,"column":31}},"630":{"start":{"line":861,"column":2},"end":{"line":861,"column":19}},"631":{"start":{"line":861,"column":12},"end":{"line":861,"column":19}},"632":{"start":{"line":862,"column":2},"end":{"line":862,"column":21}},"633":{"start":{"line":864,"column":16},"end":{"line":864,"column":26}},"634":{"start":{"line":865,"column":16},"end":{"line":865,"column":33}},"635":{"start":{"line":866,"column":16},"end":{"line":866,"column":30}},"636":{"start":{"line":867,"column":16},"end":{"line":867,"column":29}},"637":{"start":{"line":870,"column":22},"end":{"line":870,"column":24}},"638":{"start":{"line":871,"column":2},"end":{"line":877,"column":5}},"639":{"start":{"line":871,"column":26},"end":{"line":871,"column":47}},"640":{"start":{"line":872,"column":14},"end":{"line":872,"column":48}},"641":{"start":{"line":873,"column":4},"end":{"line":876,"column":5}},"642":{"start":{"line":874,"column":16},"end":{"line":874,"column":26}},"643":{"start":{"line":875,"column":6},"end":{"line":875,"column":49}},"644":{"start":{"line":879,"column":21},"end":{"line":880,"column":82}},"645":{"start":{"line":882,"column":17},"end":{"line":882,"column":40}},"646":{"start":{"line":883,"column":2},"end":{"line":883,"column":88}},"647":{"start":{"line":884,"column":2},"end":{"line":884,"column":26}},"648":{"start":{"line":886,"column":19},"end":{"line":886,"column":45}},"649":{"start":{"line":887,"column":2},"end":{"line":889,"column":5}},"650":{"start":{"line":888,"column":4},"end":{"line":888,"column":56}},"651":{"start":{"line":890,"column":2},"end":{"line":890,"column":28}},"652":{"start":{"line":892,"column":15},"end":{"line":892,"column":36}},"653":{"start":{"line":895,"column":19},"end":{"line":895,"column":52}},"654":{"start":{"line":896,"column":23},"end":{"line":896,"column":56}},"655":{"start":{"line":897,"column":2},"end":{"line":899,"column":3}},"656":{"start":{"line":897,"column":15},"end":{"line":897,"column":16}},"657":{"start":{"line":898,"column":4},"end":{"line":898,"column":54}},"658":{"start":{"line":901,"column":22},"end":{"line":901,"column":60}},"659":{"start":{"line":902,"column":2},"end":{"line":912,"column":3}},"660":{"start":{"line":902,"column":15},"end":{"line":902,"column":16}},"661":{"start":{"line":903,"column":20},"end":{"line":903,"column":97}},"662":{"start":{"line":904,"column":18},"end":{"line":904,"column":125}},"663":{"start":{"line":905,"column":4},"end":{"line":905,"column":26}},"664":{"start":{"line":906,"column":4},"end":{"line":910,"column":5}},"665":{"start":{"line":907,"column":18},"end":{"line":907,"column":43}},"666":{"start":{"line":908,"column":6},"end":{"line":908,"column":29}},"667":{"start":{"line":909,"column":6},"end":{"line":909,"column":57}},"668":{"start":{"line":911,"column":4},"end":{"line":911,"column":28}},"669":{"start":{"line":914,"column":2},"end":{"line":914,"column":24}},"670":{"start":{"line":921,"column":16},"end":{"line":921,"column":34}},"671":{"start":{"line":922,"column":16},"end":{"line":922,"column":54}},"672":{"start":{"line":922,"column":40},"end":{"line":922,"column":46}},"673":{"start":{"line":923,"column":16},"end":{"line":923,"column":64}},"674":{"start":{"line":924,"column":2},"end":{"line":924,"column":66}},"675":{"start":{"line":925,"column":2},"end":{"line":925,"column":47}},"676":{"start":{"line":931,"column":0},"end":{"line":939,"column":3}},"677":{"start":{"line":932,"column":15},"end":{"line":932,"column":29}},"678":{"start":{"line":933,"column":15},"end":{"line":933,"column":31}},"679":{"start":{"line":934,"column":15},"end":{"line":934,"column":26}},"680":{"start":{"line":935,"column":2},"end":{"line":935,"column":22}},"681":{"start":{"line":936,"column":2},"end":{"line":936,"column":50}},"682":{"start":{"line":937,"column":2},"end":{"line":937,"column":68}},"683":{"start":{"line":938,"column":2},"end":{"line":938,"column":26}},"684":{"start":{"line":938,"column":12},"end":{"line":938,"column":26}},"685":{"start":{"line":942,"column":14},"end":{"line":942,"column":24}},"686":{"start":{"line":943,"column":14},"end":{"line":943,"column":31}},"687":{"start":{"line":944,"column":17},"end":{"line":944,"column":30}},"688":{"start":{"line":945,"column":2},"end":{"line":945,"column":59}},"689":{"start":{"line":946,"column":2},"end":{"line":946,"column":30}},"690":{"start":{"line":947,"column":17},"end":{"line":947,"column":33}},"691":{"start":{"line":948,"column":2},"end":{"line":948,"column":39}},"692":{"start":{"line":949,"column":2},"end":{"line":949,"column":35}},"693":{"start":{"line":950,"column":2},"end":{"line":950,"column":40}},"694":{"start":{"line":954,"column":15},"end":{"line":954,"column":29}},"695":{"start":{"line":955,"column":2},"end":{"line":955,"column":35}},"696":{"start":{"line":955,"column":28},"end":{"line":955,"column":35}},"697":{"start":{"line":957,"column":19},"end":{"line":957,"column":34}},"698":{"start":{"line":958,"column":19},"end":{"line":958,"column":34}},"699":{"start":{"line":960,"column":20},"end":{"line":960,"column":63}},"700":{"start":{"line":960,"column":44},"end":{"line":960,"column":62}},"701":{"start":{"line":961,"column":20},"end":{"line":961,"column":132}},"702":{"start":{"line":961,"column":54},"end":{"line":961,"column":72}},"703":{"start":{"line":961,"column":74},"end":{"line":961,"column":122}},"704":{"start":{"line":962,"column":20},"end":{"line":962,"column":132}},"705":{"start":{"line":962,"column":54},"end":{"line":962,"column":72}},"706":{"start":{"line":962,"column":74},"end":{"line":962,"column":122}},"707":{"start":{"line":965,"column":2},"end":{"line":965,"column":39}},"708":{"start":{"line":968,"column":15},"end":{"line":968,"column":36}},"709":{"start":{"line":969,"column":2},"end":{"line":969,"column":22}},"710":{"start":{"line":970,"column":20},"end":{"line":970,"column":22}},"711":{"start":{"line":971,"column":2},"end":{"line":974,"column":5}},"712":{"start":{"line":971,"column":26},"end":{"line":971,"column":33}},"713":{"start":{"line":972,"column":17},"end":{"line":972,"column":61}},"714":{"start":{"line":973,"column":4},"end":{"line":973,"column":49}},"715":{"start":{"line":975,"column":18},"end":{"line":975,"column":71}},"716":{"start":{"line":975,"column":59},"end":{"line":975,"column":70}},"717":{"start":{"line":976,"column":2},"end":{"line":993,"column":3}},"718":{"start":{"line":977,"column":4},"end":{"line":977,"column":77}},"719":{"start":{"line":979,"column":16},"end":{"line":979,"column":29}},"720":{"start":{"line":980,"column":4},"end":{"line":992,"column":7}},"721":{"start":{"line":981,"column":18},"end":{"line":981,"column":44}},"722":{"start":{"line":982,"column":20},"end":{"line":982,"column":67}},"723":{"start":{"line":983,"column":22},"end":{"line":983,"column":49}},"724":{"start":{"line":984,"column":18},"end":{"line":984,"column":45}},"725":{"start":{"line":985,"column":6},"end":{"line":985,"column":62}},"726":{"start":{"line":986,"column":18},"end":{"line":986,"column":62}},"727":{"start":{"line":987,"column":6},"end":{"line":987,"column":31}},"728":{"start":{"line":988,"column":6},"end":{"line":988,"column":29}},"729":{"start":{"line":989,"column":6},"end":{"line":989,"column":31}},"730":{"start":{"line":990,"column":6},"end":{"line":990,"column":27}},"731":{"start":{"line":991,"column":6},"end":{"line":991,"column":28}},"732":{"start":{"line":996,"column":23},"end":{"line":996,"column":68}},"733":{"start":{"line":996,"column":45},"end":{"line":996,"column":67}},"734":{"start":{"line":997,"column":2},"end":{"line":1008,"column":3}},"735":{"start":{"line":998,"column":4},"end":{"line":998,"column":41}},"736":{"start":{"line":1000,"column":16},"end":{"line":1004,"column":31}},"737":{"start":{"line":1001,"column":19},"end":{"line":1001,"column":53}},"738":{"start":{"line":1002,"column":19},"end":{"line":1002,"column":37}},"739":{"start":{"line":1003,"column":6},"end":{"line":1003,"column":42}},"740":{"start":{"line":1005,"column":4},"end":{"line":1007,"column":57}},"741":{"start":{"line":1012,"column":17},"end":{"line":1012,"column":32}},"742":{"start":{"line":1013,"column":2},"end":{"line":1013,"column":22}},"743":{"start":{"line":1013,"column":15},"end":{"line":1013,"column":22}},"744":{"start":{"line":1014,"column":14},"end":{"line":1014,"column":37}},"745":{"start":{"line":1015,"column":12},"end":{"line":1015,"column":37}},"746":{"start":{"line":1016,"column":2},"end":{"line":1016,"column":19}},"747":{"start":{"line":1017,"column":2},"end":{"line":1017,"column":40}},"748":{"start":{"line":1019,"column":12},"end":{"line":1019,"column":25}},"749":{"start":{"line":1020,"column":14},"end":{"line":1020,"column":47}},"750":{"start":{"line":1021,"column":15},"end":{"line":1021,"column":17}},"751":{"start":{"line":1022,"column":14},"end":{"line":1022,"column":16}},"752":{"start":{"line":1023,"column":14},"end":{"line":1023,"column":16}},"753":{"start":{"line":1024,"column":15},"end":{"line":1024,"column":21}},"754":{"start":{"line":1026,"column":17},"end":{"line":1026,"column":55}},"755":{"start":{"line":1027,"column":20},"end":{"line":1027,"column":50}},"756":{"start":{"line":1028,"column":23},"end":{"line":1028,"column":32}},"757":{"start":{"line":1029,"column":23},"end":{"line":1029,"column":53}},"758":{"start":{"line":1031,"column":18},"end":{"line":1055,"column":3}},"759":{"start":{"line":1032,"column":15},"end":{"line":1032,"column":60}},"760":{"start":{"line":1034,"column":4},"end":{"line":1034,"column":20}},"761":{"start":{"line":1035,"column":4},"end":{"line":1048,"column":5}},"762":{"start":{"line":1036,"column":6},"end":{"line":1036,"column":49}},"763":{"start":{"line":1038,"column":16},"end":{"line":1038,"column":45}},"764":{"start":{"line":1039,"column":17},"end":{"line":1039,"column":18}},"765":{"start":{"line":1039,"column":25},"end":{"line":1039,"column":36}},"766":{"start":{"line":1039,"column":43},"end":{"line":1039,"column":47}},"767":{"start":{"line":1039,"column":54},"end":{"line":1039,"column":56}},"768":{"start":{"line":1040,"column":6},"end":{"line":1040,"column":29}},"769":{"start":{"line":1041,"column":6},"end":{"line":1041,"column":34}},"770":{"start":{"line":1042,"column":6},"end":{"line":1042,"column":49}},"771":{"start":{"line":1043,"column":6},"end":{"line":1043,"column":35}},"772":{"start":{"line":1044,"column":6},"end":{"line":1044,"column":30}},"773":{"start":{"line":1045,"column":6},"end":{"line":1045,"column":29}},"774":{"start":{"line":1046,"column":6},"end":{"line":1046,"column":39}},"775":{"start":{"line":1047,"column":6},"end":{"line":1047,"column":22}},"776":{"start":{"line":1049,"column":4},"end":{"line":1049,"column":15}},"777":{"start":{"line":1050,"column":4},"end":{"line":1050,"column":30}},"778":{"start":{"line":1051,"column":4},"end":{"line":1051,"column":40}},"779":{"start":{"line":1052,"column":4},"end":{"line":1052,"column":29}},"780":{"start":{"line":1053,"column":4},"end":{"line":1053,"column":63}},"781":{"start":{"line":1054,"column":4},"end":{"line":1054,"column":45}},"782":{"start":{"line":1057,"column":17},"end":{"line":1057,"column":41}},"783":{"start":{"line":1058,"column":2},"end":{"line":1058,"column":59}},"784":{"start":{"line":1059,"column":2},"end":{"line":1059,"column":71}},"785":{"start":{"line":1066,"column":18},"end":{"line":1066,"column":30}},"786":{"start":{"line":1067,"column":2},"end":{"line":1067,"column":23}},"787":{"start":{"line":1067,"column":16},"end":{"line":1067,"column":23}},"788":{"start":{"line":1068,"column":2},"end":{"line":1068,"column":34}},"789":{"start":{"line":1069,"column":2},"end":{"line":1069,"column":42}},"790":{"start":{"line":1071,"column":2},"end":{"line":1074,"column":9}},"791":{"start":{"line":1072,"column":18},"end":{"line":1072,"column":92}},"792":{"start":{"line":1073,"column":4},"end":{"line":1073,"column":29}},"793":{"start":{"line":1073,"column":15},"end":{"line":1073,"column":29}},"794":{"start":{"line":1078,"column":18},"end":{"line":1078,"column":30}},"795":{"start":{"line":1079,"column":2},"end":{"line":1079,"column":23}},"796":{"start":{"line":1079,"column":16},"end":{"line":1079,"column":23}},"797":{"start":{"line":1080,"column":2},"end":{"line":1080,"column":37}},"798":{"start":{"line":1081,"column":2},"end":{"line":1081,"column":36}},"799":{"start":{"line":1082,"column":2},"end":{"line":1082,"column":27}},"800":{"start":{"line":1083,"column":2},"end":{"line":1083,"column":63}},"801":{"start":{"line":1083,"column":36},"end":{"line":1083,"column":63}},"802":{"start":{"line":1086,"column":0},"end":{"line":1089,"column":3}},"803":{"start":{"line":1087,"column":14},"end":{"line":1087,"column":19}},"804":{"start":{"line":1088,"column":2},"end":{"line":1088,"column":89}},"805":{"start":{"line":1088,"column":11},"end":{"line":1088,"column":89}},"806":{"start":{"line":1088,"column":48},"end":{"line":1088,"column":85}},"807":{"start":{"line":1088,"column":70},"end":{"line":1088,"column":85}},"808":{"start":{"line":1091,"column":0},"end":{"line":1099,"column":3}},"809":{"start":{"line":1092,"column":2},"end":{"line":1098,"column":3}},"810":{"start":{"line":1093,"column":4},"end":{"line":1093,"column":31}},"811":{"start":{"line":1094,"column":4},"end":{"line":1094,"column":35}},"812":{"start":{"line":1095,"column":4},"end":{"line":1095,"column":39}},"813":{"start":{"line":1096,"column":4},"end":{"line":1096,"column":37}},"814":{"start":{"line":1097,"column":4},"end":{"line":1097,"column":20}},"815":{"start":{"line":1104,"column":0},"end":{"line":1104,"column":62}},"816":{"start":{"line":1105,"column":0},"end":{"line":1105,"column":91}},"817":{"start":{"line":1105,"column":55},"end":{"line":1105,"column":89}},"818":{"start":{"line":1106,"column":0},"end":{"line":1106,"column":95}},"819":{"start":{"line":1106,"column":59},"end":{"line":1106,"column":93}},"820":{"start":{"line":1109,"column":12},"end":{"line":1109,"column":26}},"821":{"start":{"line":1110,"column":2},"end":{"line":1110,"column":48}},"822":{"start":{"line":1111,"column":2},"end":{"line":1111,"column":50}},"823":{"start":{"line":1112,"column":2},"end":{"line":1112,"column":55}},"824":{"start":{"line":1113,"column":2},"end":{"line":1113,"column":53}},"825":{"start":{"line":1114,"column":2},"end":{"line":1114,"column":47}},"826":{"start":{"line":1115,"column":2},"end":{"line":1115,"column":61}},"827":{"start":{"line":1116,"column":2},"end":{"line":1116,"column":53}},"828":{"start":{"line":1117,"column":2},"end":{"line":1117,"column":53}},"829":{"start":{"line":1118,"column":2},"end":{"line":1118,"column":54}},"830":{"start":{"line":1119,"column":2},"end":{"line":1119,"column":36}},"831":{"start":{"line":1122,"column":0},"end":{"line":1137,"column":3}},"832":{"start":{"line":1123,"column":12},"end":{"line":1123,"column":26}},"833":{"start":{"line":1124,"column":2},"end":{"line":1124,"column":98}},"834":{"start":{"line":1125,"column":2},"end":{"line":1125,"column":98}},"835":{"start":{"line":1126,"column":2},"end":{"line":1126,"column":99}},"836":{"start":{"line":1127,"column":2},"end":{"line":1127,"column":51}},"837":{"start":{"line":1128,"column":2},"end":{"line":1128,"column":49}},"838":{"start":{"line":1129,"column":2},"end":{"line":1129,"column":61}},"839":{"start":{"line":1130,"column":2},"end":{"line":1130,"column":98}},"840":{"start":{"line":1131,"column":2},"end":{"line":1131,"column":99}},"841":{"start":{"line":1132,"column":2},"end":{"line":1132,"column":98}},"842":{"start":{"line":1133,"column":2},"end":{"line":1133,"column":14}},"843":{"start":{"line":1134,"column":2},"end":{"line":1134,"column":37}},"844":{"start":{"line":1135,"column":2},"end":{"line":1135,"column":20}},"845":{"start":{"line":1136,"column":2},"end":{"line":1136,"column":18}},"846":{"start":{"line":1142,"column":0},"end":{"line":1142,"column":61}},"847":{"start":{"line":1143,"column":0},"end":{"line":1143,"column":64}},"848":{"start":{"line":1146,"column":16},"end":{"line":1146,"column":35}},"849":{"start":{"line":1147,"column":2},"end":{"line":1147,"column":51}},"850":{"start":{"line":1151,"column":2},"end":{"line":1151,"column":37}},"851":{"start":{"line":1152,"column":2},"end":{"line":1152,"column":30}},"852":{"start":{"line":1156,"column":2},"end":{"line":1156,"column":36}},"853":{"start":{"line":1159,"column":0},"end":{"line":1172,"column":3}},"854":{"start":{"line":1161,"column":14},"end":{"line":1161,"column":45}},"855":{"start":{"line":1162,"column":2},"end":{"line":1162,"column":72}},"856":{"start":{"line":1162,"column":65},"end":{"line":1162,"column":72}},"857":{"start":{"line":1163,"column":2},"end":{"line":1163,"column":49}},"858":{"start":{"line":1163,"column":42},"end":{"line":1163,"column":49}},"859":{"start":{"line":1165,"column":2},"end":{"line":1171,"column":3}},"860":{"start":{"line":1166,"column":24},"end":{"line":1166,"column":43}},"861":{"start":{"line":1166,"column":44},"end":{"line":1166,"column":63}},"862":{"start":{"line":1166,"column":64},"end":{"line":1166,"column":70}},"863":{"start":{"line":1167,"column":24},"end":{"line":1167,"column":43}},"864":{"start":{"line":1167,"column":44},"end":{"line":1167,"column":69}},"865":{"start":{"line":1167,"column":70},"end":{"line":1167,"column":76}},"866":{"start":{"line":1168,"column":24},"end":{"line":1168,"column":43}},"867":{"start":{"line":1168,"column":44},"end":{"line":1168,"column":64}},"868":{"start":{"line":1168,"column":65},"end":{"line":1168,"column":71}},"869":{"start":{"line":1169,"column":24},"end":{"line":1169,"column":43}},"870":{"start":{"line":1169,"column":44},"end":{"line":1169,"column":68}},"871":{"start":{"line":1169,"column":69},"end":{"line":1169,"column":75}},"872":{"start":{"line":1170,"column":24},"end":{"line":1170,"column":43}},"873":{"start":{"line":1170,"column":44},"end":{"line":1170,"column":61}},"874":{"start":{"line":1170,"column":62},"end":{"line":1170,"column":68}},"875":{"start":{"line":1177,"column":0},"end":{"line":1177,"column":80}},"876":{"start":{"line":1177,"column":47},"end":{"line":1177,"column":78}},"877":{"start":{"line":1178,"column":0},"end":{"line":1178,"column":91}},"878":{"start":{"line":1178,"column":57},"end":{"line":1178,"column":89}},"879":{"start":{"line":1180,"column":0},"end":{"line":1187,"column":3}},"880":{"start":{"line":1181,"column":50},"end":{"line":1181,"column":55}},"881":{"start":{"line":1182,"column":15},"end":{"line":1182,"column":86}},"882":{"start":{"line":1183,"column":14},"end":{"line":1183,"column":39}},"883":{"start":{"line":1184,"column":12},"end":{"line":1184,"column":39}},"884":{"start":{"line":1185,"column":2},"end":{"line":1185,"column":15}},"885":{"start":{"line":1185,"column":16},"end":{"line":1185,"column":55}},"886":{"start":{"line":1185,"column":56},"end":{"line":1185,"column":66}},"887":{"start":{"line":1186,"column":2},"end":{"line":1186,"column":27}},"888":{"start":{"line":1189,"column":0},"end":{"line":1201,"column":3}},"889":{"start":{"line":1190,"column":17},"end":{"line":1190,"column":86}},"890":{"start":{"line":1191,"column":15},"end":{"line":1195,"column":4}},"891":{"start":{"line":1192,"column":17},"end":{"line":1192,"column":52}},"892":{"start":{"line":1193,"column":16},"end":{"line":1193,"column":118}},"893":{"start":{"line":1194,"column":4},"end":{"line":1194,"column":72}},"894":{"start":{"line":1194,"column":24},"end":{"line":1194,"column":60}},"895":{"start":{"line":1196,"column":15},"end":{"line":1196,"column":88}},"896":{"start":{"line":1197,"column":14},"end":{"line":1197,"column":39}},"897":{"start":{"line":1198,"column":12},"end":{"line":1198,"column":39}},"898":{"start":{"line":1199,"column":2},"end":{"line":1199,"column":15}},"899":{"start":{"line":1199,"column":16},"end":{"line":1199,"column":56}},"900":{"start":{"line":1199,"column":57},"end":{"line":1199,"column":67}},"901":{"start":{"line":1200,"column":2},"end":{"line":1200,"column":27}},"902":{"start":{"line":1203,"column":0},"end":{"line":1223,"column":3}},"903":{"start":{"line":1204,"column":15},"end":{"line":1204,"column":44}},"904":{"start":{"line":1205,"column":2},"end":{"line":1205,"column":67}},"905":{"start":{"line":1205,"column":15},"end":{"line":1205,"column":57}},"906":{"start":{"line":1205,"column":58},"end":{"line":1205,"column":65}},"907":{"start":{"line":1206,"column":17},"end":{"line":1206,"column":33}},"908":{"start":{"line":1207,"column":2},"end":{"line":1221,"column":4}},"909":{"start":{"line":1208,"column":4},"end":{"line":1220,"column":5}},"910":{"start":{"line":1209,"column":21},"end":{"line":1209,"column":48}},"911":{"start":{"line":1210,"column":6},"end":{"line":1210,"column":94}},"912":{"start":{"line":1210,"column":57},"end":{"line":1210,"column":94}},"913":{"start":{"line":1211,"column":6},"end":{"line":1211,"column":87}},"914":{"start":{"line":1211,"column":80},"end":{"line":1211,"column":87}},"915":{"start":{"line":1212,"column":6},"end":{"line":1212,"column":76}},"916":{"start":{"line":1213,"column":6},"end":{"line":1213,"column":78}},"917":{"start":{"line":1214,"column":6},"end":{"line":1214,"column":18}},"918":{"start":{"line":1215,"column":6},"end":{"line":1215,"column":18}},"919":{"start":{"line":1216,"column":6},"end":{"line":1216,"column":39}},"920":{"start":{"line":1217,"column":6},"end":{"line":1217,"column":35}},"921":{"start":{"line":1219,"column":6},"end":{"line":1219,"column":55}},"922":{"start":{"line":1222,"column":2},"end":{"line":1222,"column":26}},"923":{"start":{"line":1229,"column":2},"end":{"line":1229,"column":51}},"924":{"start":{"line":1229,"column":44},"end":{"line":1229,"column":51}},"925":{"start":{"line":1230,"column":2},"end":{"line":1230,"column":42}},"926":{"start":{"line":1230,"column":35},"end":{"line":1230,"column":42}},"927":{"start":{"line":1231,"column":2},"end":{"line":1233,"column":3}},"928":{"start":{"line":1232,"column":4},"end":{"line":1232,"column":37}},"929":{"start":{"line":1237,"column":2},"end":{"line":1237,"column":51}},"930":{"start":{"line":1237,"column":44},"end":{"line":1237,"column":51}},"931":{"start":{"line":1238,"column":2},"end":{"line":1238,"column":83}},"932":{"start":{"line":1238,"column":76},"end":{"line":1238,"column":83}},"933":{"start":{"line":1240,"column":19},"end":{"line":1240,"column":39}},"934":{"start":{"line":1241,"column":19},"end":{"line":1241,"column":62}},"935":{"start":{"line":1243,"column":14},"end":{"line":1245,"column":3}},"936":{"start":{"line":1244,"column":4},"end":{"line":1244,"column":77}},"937":{"start":{"line":1247,"column":2},"end":{"line":1247,"column":31}},"938":{"start":{"line":1247,"column":24},"end":{"line":1247,"column":31}},"939":{"start":{"line":1249,"column":18},"end":{"line":1249,"column":60}},"940":{"start":{"line":1249,"column":34},"end":{"line":1249,"column":52}},"941":{"start":{"line":1250,"column":19},"end":{"line":1250,"column":63}},"942":{"start":{"line":1250,"column":35},"end":{"line":1250,"column":55}},"943":{"start":{"line":1252,"column":13},"end":{"line":1252,"column":15}},"944":{"start":{"line":1253,"column":2},"end":{"line":1253,"column":65}},"945":{"start":{"line":1253,"column":19},"end":{"line":1253,"column":65}},"946":{"start":{"line":1254,"column":2},"end":{"line":1254,"column":67}},"947":{"start":{"line":1254,"column":20},"end":{"line":1254,"column":67}},"948":{"start":{"line":1256,"column":2},"end":{"line":1258,"column":16}},"949":{"start":{"line":1257,"column":4},"end":{"line":1257,"column":83}},"950":{"start":{"line":1264,"column":15},"end":{"line":1264,"column":19}},"951":{"start":{"line":1265,"column":15},"end":{"line":1265,"column":72}},"952":{"start":{"line":1268,"column":2},"end":{"line":1274,"column":3}},"953":{"start":{"line":1269,"column":16},"end":{"line":1269,"column":62}},"954":{"start":{"line":1270,"column":4},"end":{"line":1271,"column":63}},"955":{"start":{"line":1270,"column":13},"end":{"line":1270,"column":60}},"956":{"start":{"line":1271,"column":9},"end":{"line":1271,"column":63}},"957":{"start":{"line":1273,"column":4},"end":{"line":1273,"column":58}},"958":{"start":{"line":1278,"column":2},"end":{"line":1278,"column":96}},"959":{"start":{"line":1278,"column":8},"end":{"line":1278,"column":81}},"960":{"start":{"line":1282,"column":2},"end":{"line":1282,"column":26}},"961":{"start":{"line":1283,"column":2},"end":{"line":1283,"column":102}},"962":{"start":{"line":1284,"column":2},"end":{"line":1284,"column":17}},"963":{"start":{"line":1285,"column":2},"end":{"line":1285,"column":19}},"964":{"start":{"line":1289,"column":2},"end":{"line":1296,"column":3}},"965":{"start":{"line":1290,"column":4},"end":{"line":1290,"column":28}},"966":{"start":{"line":1291,"column":4},"end":{"line":1291,"column":29}},"967":{"start":{"line":1292,"column":4},"end":{"line":1292,"column":19}},"968":{"start":{"line":1293,"column":4},"end":{"line":1293,"column":21}},"969":{"start":{"line":1295,"column":4},"end":{"line":1295,"column":20}},"970":{"start":{"line":1300,"column":2},"end":{"line":1300,"column":47}},"971":{"start":{"line":1300,"column":31},"end":{"line":1300,"column":47}},"972":{"start":{"line":1301,"column":2},"end":{"line":1301,"column":26}},"973":{"start":{"line":1302,"column":2},"end":{"line":1302,"column":17}},"974":{"start":{"line":1303,"column":2},"end":{"line":1303,"column":19}},"975":{"start":{"line":1304,"column":2},"end":{"line":1316,"column":11}},"976":{"start":{"line":1305,"column":4},"end":{"line":1305,"column":25}},"977":{"start":{"line":1306,"column":4},"end":{"line":1313,"column":5}},"978":{"start":{"line":1307,"column":6},"end":{"line":1307,"column":29}},"979":{"start":{"line":1308,"column":6},"end":{"line":1308,"column":30}},"980":{"start":{"line":1309,"column":6},"end":{"line":1309,"column":31}},"981":{"start":{"line":1310,"column":6},"end":{"line":1310,"column":54}},"982":{"start":{"line":1310,"column":36},"end":{"line":1310,"column":54}},"983":{"start":{"line":1311,"column":6},"end":{"line":1311,"column":23}},"984":{"start":{"line":1312,"column":6},"end":{"line":1312,"column":22}},"985":{"start":{"line":1314,"column":4},"end":{"line":1314,"column":19}},"986":{"start":{"line":1315,"column":4},"end":{"line":1315,"column":21}},"987":{"start":{"line":1320,"column":2},"end":{"line":1320,"column":62}},"988":{"start":{"line":1321,"column":2},"end":{"line":1323,"column":41}},"989":{"start":{"line":1324,"column":2},"end":{"line":1324,"column":17}},"990":{"start":{"line":1325,"column":2},"end":{"line":1325,"column":19}},"991":{"start":{"line":1329,"column":14},"end":{"line":1329,"column":120}},"992":{"start":{"line":1330,"column":2},"end":{"line":1332,"column":3}},"993":{"start":{"line":1331,"column":4},"end":{"line":1331,"column":72}},"994":{"start":{"line":1331,"column":10},"end":{"line":1331,"column":57}},"995":{"start":{"line":1336,"column":14},"end":{"line":1336,"column":74}},"996":{"start":{"line":1337,"column":14},"end":{"line":1337,"column":62}},"997":{"start":{"line":1338,"column":2},"end":{"line":1338,"column":50}},"998":{"start":{"line":1339,"column":2},"end":{"line":1339,"column":86}},"999":{"start":{"line":1340,"column":2},"end":{"line":1340,"column":79}},"1000":{"start":{"line":1341,"column":2},"end":{"line":1341,"column":78}},"1001":{"start":{"line":1343,"column":2},"end":{"line":1343,"column":51}},"1002":{"start":{"line":1346,"column":0},"end":{"line":1346,"column":64}},"1003":{"start":{"line":1347,"column":0},"end":{"line":1347,"column":63}},"1004":{"start":{"line":1348,"column":0},"end":{"line":1353,"column":3}},"1005":{"start":{"line":1349,"column":2},"end":{"line":1349,"column":26}},"1006":{"start":{"line":1350,"column":2},"end":{"line":1350,"column":27}},"1007":{"start":{"line":1351,"column":2},"end":{"line":1351,"column":50}},"1008":{"start":{"line":1351,"column":32},"end":{"line":1351,"column":50}},"1009":{"start":{"line":1352,"column":2},"end":{"line":1352,"column":18}},"1010":{"start":{"line":1356,"column":0},"end":{"line":1363,"column":3}},"1011":{"start":{"line":1357,"column":15},"end":{"line":1357,"column":32}},"1012":{"start":{"line":1358,"column":15},"end":{"line":1358,"column":34}},"1013":{"start":{"line":1359,"column":20},"end":{"line":1359,"column":31}},"1014":{"start":{"line":1360,"column":2},"end":{"line":1360,"column":27}},"1015":{"start":{"line":1361,"column":2},"end":{"line":1361,"column":42}},"1016":{"start":{"line":1362,"column":2},"end":{"line":1362,"column":85}},"1017":{"start":{"line":1369,"column":2},"end":{"line":1369,"column":39}},"1018":{"start":{"line":1373,"column":12},"end":{"line":1373,"column":43}},"1019":{"start":{"line":1374,"column":2},"end":{"line":1374,"column":29}},"1020":{"start":{"line":1375,"column":2},"end":{"line":1375,"column":21}},"1021":{"start":{"line":1379,"column":16},"end":{"line":1379,"column":36}},"1022":{"start":{"line":1380,"column":12},"end":{"line":1380,"column":41}},"1023":{"start":{"line":1381,"column":12},"end":{"line":1381,"column":43}},"1024":{"start":{"line":1382,"column":2},"end":{"line":1382,"column":40}},"1025":{"start":{"line":1386,"column":2},"end":{"line":1386,"column":94}},"1026":{"start":{"line":1386,"column":16},"end":{"line":1386,"column":94}},"1027":{"start":{"line":1387,"column":2},"end":{"line":1387,"column":33}},"1028":{"start":{"line":1387,"column":18},"end":{"line":1387,"column":33}},"1029":{"start":{"line":1388,"column":2},"end":{"line":1388,"column":34}},"1030":{"start":{"line":1388,"column":18},"end":{"line":1388,"column":34}},"1031":{"start":{"line":1389,"column":2},"end":{"line":1389,"column":28}},"1032":{"start":{"line":1393,"column":2},"end":{"line":1393,"column":26}},"1033":{"start":{"line":1393,"column":16},"end":{"line":1393,"column":26}},"1034":{"start":{"line":1394,"column":15},"end":{"line":1394,"column":46}},"1035":{"start":{"line":1395,"column":15},"end":{"line":1395,"column":33}},"1036":{"start":{"line":1396,"column":2},"end":{"line":1396,"column":33}},"1037":{"start":{"line":1396,"column":18},"end":{"line":1396,"column":33}},"1038":{"start":{"line":1397,"column":2},"end":{"line":1397,"column":34}},"1039":{"start":{"line":1397,"column":18},"end":{"line":1397,"column":34}},"1040":{"start":{"line":1398,"column":2},"end":{"line":1398,"column":107}},"1041":{"start":{"line":1398,"column":16},"end":{"line":1398,"column":107}},"1042":{"start":{"line":1399,"column":2},"end":{"line":1399,"column":93}},"1043":{"start":{"line":1403,"column":2},"end":{"line":1403,"column":26}},"1044":{"start":{"line":1403,"column":16},"end":{"line":1403,"column":26}},"1045":{"start":{"line":1404,"column":15},"end":{"line":1404,"column":33}},"1046":{"start":{"line":1405,"column":2},"end":{"line":1405,"column":33}},"1047":{"start":{"line":1405,"column":16},"end":{"line":1405,"column":33}},"1048":{"start":{"line":1406,"column":2},"end":{"line":1406,"column":33}},"1049":{"start":{"line":1406,"column":17},"end":{"line":1406,"column":33}},"1050":{"start":{"line":1407,"column":2},"end":{"line":1407,"column":12}},"1051":{"start":{"line":1411,"column":2},"end":{"line":1411,"column":39}},"1052":{"start":{"line":1411,"column":22},"end":{"line":1411,"column":39}},"1053":{"start":{"line":1412,"column":2},"end":{"line":1412,"column":41}},"1054":{"start":{"line":1412,"column":22},"end":{"line":1412,"column":41}},"1055":{"start":{"line":1413,"column":2},"end":{"line":1413,"column":22}},"1056":{"start":{"line":1417,"column":2},"end":{"line":1417,"column":22}},"1057":{"start":{"line":1417,"column":12},"end":{"line":1417,"column":22}},"1058":{"start":{"line":1418,"column":2},"end":{"line":1423,"column":30}},"1059":{"start":{"line":1430,"column":2},"end":{"line":1430,"column":26}},"1060":{"start":{"line":1431,"column":2},"end":{"line":1431,"column":24}},"1061":{"start":{"line":1432,"column":2},"end":{"line":1432,"column":24}},"1062":{"start":{"line":1433,"column":2},"end":{"line":1433,"column":25}},"1063":{"start":{"line":1434,"column":2},"end":{"line":1434,"column":20}},"1064":{"start":{"line":1435,"column":2},"end":{"line":1435,"column":19}},"1065":{"start":{"line":1436,"column":2},"end":{"line":1436,"column":20}},"1066":{"start":{"line":1437,"column":2},"end":{"line":1437,"column":23}},"1067":{"start":{"line":1438,"column":2},"end":{"line":1438,"column":19}},"1068":{"start":{"line":1439,"column":2},"end":{"line":1439,"column":23}},"1069":{"start":{"line":1440,"column":2},"end":{"line":1440,"column":19}},"1070":{"start":{"line":1441,"column":2},"end":{"line":1441,"column":19}},"1071":{"start":{"line":1442,"column":2},"end":{"line":1442,"column":14}},"1072":{"start":{"line":1444,"column":2},"end":{"line":1446,"column":3}},"1073":{"start":{"line":1445,"column":4},"end":{"line":1445,"column":35}},"1074":{"start":{"line":1453,"column":2},"end":{"line":1453,"column":14}},"1075":{"start":{"line":1454,"column":2},"end":{"line":1454,"column":17}},"1076":{"start":{"line":1455,"column":2},"end":{"line":1455,"column":14}},"1077":{"start":{"line":1456,"column":2},"end":{"line":1456,"column":25}},"1078":{"start":{"line":1457,"column":2},"end":{"line":1457,"column":22}},"1079":{"start":{"line":1460,"column":0},"end":{"line":1460,"column":52}},"1080":{"start":{"line":1465,"column":0},"end":{"line":1514,"column":1}},"1081":{"start":{"line":1466,"column":2},"end":{"line":1513,"column":4}},"1082":{"start":{"line":1484,"column":21},"end":{"line":1484,"column":26}},"1083":{"start":{"line":1485,"column":28},"end":{"line":1485,"column":59}},"1084":{"start":{"line":1510,"column":23},"end":{"line":1510,"column":31}}},"fnMap":{"0":{"name":"saveState","decl":{"start":{"line":52,"column":9},"end":{"line":52,"column":18}},"loc":{"start":{"line":52,"column":21},"end":{"line":60,"column":1}},"line":52},"1":{"name":"loadState","decl":{"start":{"line":62,"column":9},"end":{"line":62,"column":18}},"loc":{"start":{"line":62,"column":21},"end":{"line":88,"column":1}},"line":62},"2":{"name":"(anonymous_2)","decl":{"start":{"line":79,"column":49},"end":{"line":79,"column":50}},"loc":{"start":{"line":79,"column":55},"end":{"line":79,"column":74}},"line":79},"3":{"name":"(anonymous_3)","decl":{"start":{"line":93,"column":10},"end":{"line":93,"column":11}},"loc":{"start":{"line":93,"column":18},"end":{"line":93,"column":45}},"line":93},"4":{"name":"(anonymous_4)","decl":{"start":{"line":94,"column":11},"end":{"line":94,"column":12}},"loc":{"start":{"line":94,"column":31},"end":{"line":99,"column":1}},"line":94},"5":{"name":"applyTheme","decl":{"start":{"line":104,"column":9},"end":{"line":104,"column":19}},"loc":{"start":{"line":104,"column":27},"end":{"line":107,"column":1}},"line":104},"6":{"name":"(anonymous_6)","decl":{"start":{"line":109,"column":43},"end":{"line":109,"column":44}},"loc":{"start":{"line":109,"column":49},"end":{"line":113,"column":1}},"line":109},"7":{"name":"activateMobileTab","decl":{"start":{"line":118,"column":9},"end":{"line":118,"column":26}},"loc":{"start":{"line":118,"column":35},"end":{"line":136,"column":1}},"line":118},"8":{"name":"(anonymous_8)","decl":{"start":{"line":119,"column":51},"end":{"line":119,"column":52}},"loc":{"start":{"line":119,"column":56},"end":{"line":119,"column":84}},"line":119},"9":{"name":"initMobileTabs","decl":{"start":{"line":138,"column":9},"end":{"line":138,"column":23}},"loc":{"start":{"line":138,"column":26},"end":{"line":142,"column":1}},"line":138},"10":{"name":"(anonymous_10)","decl":{"start":{"line":139,"column
[...]
,"end":{"line":1300,"column":47}},"type":"if","locations":[{"start":{"line":1300,"column":2},"end":{"line":1300,"column":47}},{"start":{},"end":{}}],"line":1300},"185":{"loc":{"start":{"line":1306,"column":4},"end":{"line":1313,"column":5}},"type":"if","locations":[{"start":{"line":1306,"column":4},"end":{"line":1313,"column":5}},{"start":{},"end":{}}],"line":1306},"186":{"loc":{"start":{"line":1310,"column":6},"end":{"line":1310,"column":54}},"type":"if","locations":[{"start":{"line":1310,"column":6},"end":{"line":1310,"column":54}},{"start":{},"end":{}}],"line":1310},"187":{"loc":{"start":{"line":1320,"column":18},"end":{"line":1320,"column":61}},"type":"cond-expr","locations":[{"start":{"line":1320,"column":45},"end":{"line":1320,"column":52}},{"start":{"line":1320,"column":55},"end":{"line":1320,"column":61}}],"line":1320},"188":{"loc":{"start":{"line":1321,"column":24},"end":{"line":1323,"column":34}},"type":"cond-expr","locations":[{"start":{"line":1322,"column":6},"end":{"line":1322,"column":33}},{"start":{"line":1323,"column":6},"end":{"line":1323,"column":34}}],"line":1321},"189":{"loc":{"start":{"line":1329,"column":14},"end":{"line":1329,"column":120}},"type":"cond-expr","locations":[{"start":{"line":1329,"column":41},"end":{"line":1329,"column":92}},{"start":{"line":1329,"column":95},"end":{"line":1329,"column":120}}],"line":1329},"190":{"loc":{"start":{"line":1330,"column":2},"end":{"line":1332,"column":3}},"type":"if","locations":[{"start":{"line":1330,"column":2},"end":{"line":1332,"column":3}},{"start":{},"end":{}}],"line":1330},"191":{"loc":{"start":{"line":1330,"column":6},"end":{"line":1330,"column":71}},"type":"binary-expr","locations":[{"start":{"line":1330,"column":6},"end":{"line":1330,"column":30}},{"start":{"line":1330,"column":34},"end":{"line":1330,"column":71}}],"line":1330},"192":{"loc":{"start":{"line":1339,"column":34},"end":{"line":1339,"column":85}},"type":"cond-expr","locations":[{"start":{"line":1339,"column":61},"end":{"line":1339,"column":75}},{"start":{"line":1339,"column":78},"end":{"line":1339,"column":85}}],"line":1339},"193":{"loc":{"start":{"line":1340,"column":38},"end":{"line":1340,"column":78}},"type":"cond-expr","locations":[{"start":{"line":1340,"column":57},"end":{"line":1340,"column":66}},{"start":{"line":1340,"column":69},"end":{"line":1340,"column":78}}],"line":1340},"194":{"loc":{"start":{"line":1351,"column":2},"end":{"line":1351,"column":50}},"type":"if","locations":[{"start":{"line":1351,"column":2},"end":{"line":1351,"column":50}},{"start":{},"end":{}}],"line":1351},"195":{"loc":{"start":{"line":1361,"column":20},"end":{"line":1361,"column":41}},"type":"cond-expr","locations":[{"start":{"line":1361,"column":32},"end":{"line":1361,"column":35}},{"start":{"line":1361,"column":38},"end":{"line":1361,"column":41}}],"line":1361},"196":{"loc":{"start":{"line":1362,"column":33},"end":{"line":1362,"column":83}},"type":"cond-expr","locations":[{"start":{"line":1362,"column":45},"end":{"line":1362,"column":63}},{"start":{"line":1362,"column":66},"end":{"line":1362,"column":83}}],"line":1362},"197":{"loc":{"start":{"line":1386,"column":2},"end":{"line":1386,"column":94}},"type":"if","locations":[{"start":{"line":1386,"column":2},"end":{"line":1386,"column":94}},{"start":{},"end":{}}],"line":1386},"198":{"loc":{"start":{"line":1386,"column":59},"end":{"line":1386,"column":90}},"type":"cond-expr","locations":[{"start":{"line":1386,"column":82},"end":{"line":1386,"column":85}},{"start":{"line":1386,"column":88},"end":{"line":1386,"column":90}}],"line":1386},"199":{"loc":{"start":{"line":1387,"column":2},"end":{"line":1387,"column":33}},"type":"if","locations":[{"start":{"line":1387,"column":2},"end":{"line":1387,"column":33}},{"start":{},"end":{}}],"line":1387},"200":{"loc":{"start":{"line":1388,"column":2},"end":{"line":1388,"column":34}},"type":"if","locations":[{"start":{"line":1388,"column":2},"end":{"line":1388,"column":34}},{"start":{},"end":{}}],"line":1388},"201":{"loc":{"start":{"line":1393,"column":2},"end":{"line":1393,"column":26}},"type":"if","locations":[{"start":{"line":1393,"column":2},"end":{"line":1393,"column":26}},{"start":{},"end":{}}],"line":1393},"202":{"loc":{"start":{"line":1396,"column":2},"end":{"line":1396,"column":33}},"type":"if","locations":[{"start":{"line":1396,"column":2},"end":{"line":1396,"column":33}},{"start":{},"end":{}}],"line":1396},"203":{"loc":{"start":{"line":1397,"column":2},"end":{"line":1397,"column":34}},"type":"if","locations":[{"start":{"line":1397,"column":2},"end":{"line":1397,"column":34}},{"start":{},"end":{}}],"line":1397},"204":{"loc":{"start":{"line":1398,"column":2},"end":{"line":1398,"column":107}},"type":"if","locations":[{"start":{"line":1398,"column":2},"end":{"line":1398,"column":107}},{"start":{},"end":{}}],"line":1398},"205":{"loc":{"start":{"line":1403,"column":2},"end":{"line":1403,"column":26}},"type":"if","locations":[{"start":{"line":1403,"column":2},"end":{"line":1403,"column":26}},{"start":{},"end":{}}],"line":1403},"206":{"loc":{"start":{"line":1405,"column":2},"end":{"line":1405,"column":33}},"type":"if","locations":[{"start":{"line":1405,"column":2},"end":{"line":1405,"column":33}},{"start":{},"end":{}}],"line":1405},"207":{"loc":{"start":{"line":1406,"column":2},"end":{"line":1406,"column":33}},"type":"if","locations":[{"start":{"line":1406,"column":2},"end":{"line":1406,"column":33}},{"start":{},"end":{}}],"line":1406},"208":{"loc":{"start":{"line":1411,"column":2},"end":{"line":1411,"column":39}},"type":"if","locations":[{"start":{"line":1411,"column":2},"end":{"line":1411,"column":39}},{"start":{},"end":{}}],"line":1411},"209":{"loc":{"start":{"line":1412,"column":2},"end":{"line":1412,"column":41}},"type":"if","locations":[{"start":{"line":1412,"column":2},"end":{"line":1412,"column":41}},{"start":{},"end":{}}],"line":1412},"210":{"loc":{"start":{"line":1417,"column":2},"end":{"line":1417,"column":22}},"type":"if","locations":[{"start":{"line":1417,"column":2},"end":{"line":1417,"column":22}},{"start":{},"end":{}}],"line":1417},"211":{"loc":{"start":{"line":1444,"column":2},"end":{"line":1446,"column":3}},"type":"if","locations":[{"start":{"line":1444,"column":2},"end":{"line":1446,"column":3}},{"start":{},"end":{}}],"line":1444},"212":{"loc":{"start":{"line":1465,"column":0},"end":{"line":1514,"column":1}},"type":"if","locations":[{"start":{"line":1465,"column":0},"end":{"line":1514,"column":1}},{"start":{},"end":{}}],"line":1465}},"s":{"0":255,"1":255,"2":255,"3":255,"4":255,"5":34,"6":34,"7":34,"8":1,"9":13,"10":13,"11":13,"12":5,"13":4,"14":4,"15":12,"16":8,"17":8,"18":1,"19":1,"20":1,"21":1,"22":1,"23":1,"24":1,"25":1,"26":1,"27":255,"28":12051,"29":255,"30":5175,"31":5175,"32":5165,"33":5175,"34":1193,"35":5175,"36":27,"37":27,"38":255,"39":3,"40":3,"41":3,"42":5,"43":15,"44":5,"45":5,"46":5,"47":5,"48":5,"49":5,"50":5,"51":5,"52":2,"53":3,"54":2,"55":1,"56":1,"57":1,"58":24,"59":72,"60":4,"61":24,"62":24,"63":24,"64":24,"65":0,"66":24,"67":0,"68":0,"69":0,"70":0,"71":0,"72":0,"73":0,"74":0,"75":0,"76":0,"77":0,"78":29,"79":29,"80":29,"81":435,"82":435,"83":435,"84":435,"85":435,"86":435,"87":29,"88":29,"89":406,"90":435,"91":1,"92":1,"93":435,"94":6,"95":6,"96":6,"97":6,"98":1,"99":1,"100":0,"101":1,"102":5,"103":1,"104":1,"105":1,"106":4,"107":4,"108":4,"109":4,"110":4,"111":4,"112":4,"113":4,"114":4,"115":4,"116":4,"117":4,"118":4,"119":5,"120":1,"121":4,"122":4,"123":4,"124":8,"125":9,"126":6,"127":4,"128":6,"129":4,"130":4,"131":4,"132":4,"133":4,"134":4,"135":4,"136":4,"137":4,"138":105,"139":36,"140":32,"141":32,"142":32,"143":10,"144":10,"145":10,"146":10,"147":10,"148":10,"149":10,"150":10,"151":2,"152":2,"153":10,"154":10,"155":10,"156":10,"157":5,"158":10,"159":10,"160":0,"161":0,"162":10,"163":0,"164":10,"165":0,"166":0,"167":10,"168":0,"169":10,"170":0,"171":0,"172":0,"173":0,"174":0,"175":0,"176":0,"177":0,"178":0,"179":0,"180":0,"181":0,"182":0,"183":0,"184":0,"185":0,"186":10,"187":92,"188":184,"189":184,"190":0,"191":184,"192":184,"193":20,"194":184,"195":42,"196":42,"197":42,"198":42,"199":184,"200":14,"201":14,"202":8,"203":6,"204":6,"205":3,"206":3,"207":3,"208":4,"209":4,"210":4,"211":4,"212":4,"213":4,"214":4,"215":4,"216":4,"217":4,"218":1,"219":1,"220":4,"221":4,"222":4,"223":4,"224":255,"225":3,"226":3,"227":3,"228":3,"229":3,"230":3,"231":3,"232":2,"233":61,"234":54,"235":54,"236":1744,"237":1744,"238":55,"239":55,"240":55,"241":51,"242":51,"243":51,"244":51,"245":51,"246":51,"247":51,"248":51,"249":51,"250":2,"251":2,"252":51,"253":51,"254":257,"255":257,"256":51,"257":51,"258":345,"259":345,"260":345,"261":345,"262":345,"263":345,"264":345,"265":345,"266":1735,"267":1735,"268":1735,"269":1735,"270":1735,"271":1735,"272":1735,"273":1735,"274":1735,"275":8,"276":8,"277":8,"278":8,"279":1735,"280":5,"281":1735,"282":1,"283":1,"284":1,"285":1735,"286":6,"287":6,"288":6,"289":6,"290":6,"291":6,"292":6,"293":6,"294":6,"295":255,"296":2,"297":0,"298":2,"299":2,"300":2,"301":2,"302":2,"303":1,"304":1,"305":2,"306":2,"307":2,"308":255,"309":1,"310":255,"311":1,"312":255,"313":3,"314":1,"315":2,"316":1,"317":1,"318":2,"319":2,"320":255,"321":255,"322":1,"323":1,"324":1,"325":255,"326":1,"327":1,"328":255,"329":1,"330":1,"331":52,"332":52,"333":52,"334":52,"335":52,"336":52,"337":52,"338":52,"339":52,"340":52,"341":52,"342":0,"343":2,"344":2,"345":2,"346":0,"347":2,"348":2,"349":2,"350":2,"351":2,"352":2,"353":2,"354":2,"355":2,"356":2,"357":2,"358":2,"359":2,"360":255,"361":255,"362":2,"363":255,"364":1,"365":255,"366":3,"367":3,"368":3,"369":3,"370":3,"371":3,"372":3,"373":1,"374":1,"375":1,"376":1,"377":2,"378":2,"379":2,"380":1,"381":1,"382":1,"383":1,"384":1,"385":1,"386":1,"387":1,"388":1,"389":2,"390":2,"391":2,"392":2,"393":2,"394":2,"395":2,"396":2,"397":3,"398":3,"399":3,"400":0,"401":3,"402":3,"403":3,"404":3,"405":3,"406":3,"407":3,"408":3,"409":2,"410":2,"411":1,"412":1,"413":1,"414":1,"415":2,"416":2,"417":2,"418":2,"419":2,"420":2,"421":2,"422":2,"423":2,"424":1,"425":1,"426":1,"427":0,"428":1,"429":1,"430":1,"431":1,"432":1,"433":1,"434":1,"435":1,"436":255,"437":2,"438":2,"439":255,"440":1530,"441":3,"442":18,"443":3,"444":3,"445":3,"446":255,"447":3,"448":5,"449":3,"450":1,"451":1,"452":2,"453":1,"454":1,"455":2,"456":1,"457":1,"458":1,"459":1,"460":1,"461":1,"462":1,"463":81,"464":106,"465":16,"466":16,"467":10,"468":96,"469":9,"470":87,"471":5,"472":82,"473":5,"474":77,"475":5,"476":72,"477":5,"478":67,"479":69,"480":69,"481":69,"482":69,"483":14,"484":2,"485":12,"486":4,"487":8,"488":1,"489":7,"490":1,"491":6,"492":0,"493":6,"494":69,"495":69,"496":69,"497":69,"498":24,"499":24,"500":45,"501":45,"502":57,"503":57,"504":57,"505":57,"506":57,"507":57,"508":57,"509":57,"510":57,"511":57,"512":57,"513":3,"514":57,"515":57,"516":57,"517":5,"518":5,"519":5,"520":57,"521":57,"522":57,"523":57,"524":4,"525":57,"526":57,"527":10,"528":10,"529":10,"530":10,"531":10,"532":10,"533":10,"534":1,"535":1,"536":10,"537":47,"538":1,"539":57,"540":57,"541":57,"542":4,"543":4,"544":4,"545":4,"546":4,"547":4,"548":4,"549":4,"550":4,"551":57,"552":11,"553":57,"554":57,"555":57,"556":57,"557":57,"558":2,"559":57,"560":57,"561":57,"562":57,"563":1,"564":57,"565":57,"566":57,"567":57,"568":57,"569":57,"570":47,"571":47,"572":47,"573":47,"574":47,"575":30,"576":47,"577":13,"578":47,"579":13,"580":47,"581":13,"582":47,"583":13,"584":47,"585":13,"586":47,"587":13,"588":47,"589":47,"590":47,"591":47,"592":47,"593":47,"594":235,"595":235,"596":0,"597":235,"598":235,"599":223,"600":223,"601":223,"602":12,"603":1,"604":0,"605":1,"606":1,"607":12,"608":13,"609":13,"610":13,"611":13,"612":13,"613":13,"614":13,"615":13,"616":13,"617":13,"618":13,"619":13,"620":13,"621":84,"622":84,"623":53,"624":84,"625":84,"626":4,"627":4,"628":80,"629":34,"630":34,"631":0,"632":34,"633":34,"634":34,"635":34,"636":34,"637":34,"638":34,"639":15,"640":6,"641":6,"642":4,"643":4,"644":34,"645":34,"646":34,"647":34,"648":34,"649":34,"650":238,"651":34,"652":34,"653":34,"654":34,"655":34,"656":34,"657":86,"658":34,"659":34,"660":34,"661":1020,"662":1020,"663":1020,"664":1020,"665":4,"666":4,"667":4,"668":1020,"669":34,"670":41,"671":41,"672":28,"673":41,"674":41,"675":41,"676":255,"677":4,"678":4,"679":4,"680":4,"681":4,"682":4,"683":4,"684":3,"685":16,"686":16,"687":16,"688":16,"689":16,"690":16,"691":16,"692":16,"693":16,"694":17,"695":17,"696":13,"697":4,"698":4,"699":4,"700":3,"701":4,"702":2,"703":2,"704":4,"705":2,"706":2,"707":4,"708":4,"709":4,"710":4,"711":4,"712":3,"713":1,"714":1,"715":4,"716":0,"717":4,"718":3,"719":1,"720":1,"721":1,"722":1,"723":1,"724":1,"725":1,"726":1,"727":1,"728":1,"729":1,"730":1,"731":1,"732":4,"733":2,"734":4,"735":3,"736":1,"737":1,"738":1,"739":1,"740":1,"741":4,"742":4,"743":0,"744":4,"745":4,"746":4,"747":4,"748":4,"749":4,"750":4,"751":4,"752":4,"753":4,"754":4,"755":4,"756":4,"757":4,"758":4,"759":8,"760":8,"761":8,"762":8,"763":0,"764":0,"765":0,"766":0,"767":0,"768":0,"769":0,"770":0,"771":0,"772":0,"773":0,"774":0,"775":0,"776":8,"777":8,"778":8,"779":8,"780":8,"781":8,"782":4,"783":4,"784":4,"785":113,"786":113,"787":0,"788":113,"789":113,"790":113,"791":1,"792":1,"793":1,"794":199,"795":199,"796":0,"797":199,"798":199,"799":199,"800":199,"801":53,"802":255,"803":1020,"804":1020,"805":1020,"806":15,"807":2,"808":255,"809":257,"810":46,"811":46,"812":46,"813":46,"814":46,"815":255,"816":255,"817":1,"818":255,"819":0,"820":49,"821":49,"822":49,"823":49,"824":49,"825":49,"826":49,"827":49,"828":49,"829":49,"830":49,"831":255,"832":2,"833":2,"834":2,"835":2,"836":2,"837":2,"838":2,"839":2,"840":2,"841":2,"842":2,"843":2,"844":2,"845":2,"846":255,"847":255,"848":2,"849":2,"850":2,"851":2,"852":47,"853":255,"854":257,"855":257,"856":64,"857":193,"858":0,"859":193,"860":44,"861":44,"862":44,"863":0,"864":0,"865":0,"866":45,"867":45,"868":45,"869":1,"870":1,"871":1,"872":19,"873":19,"874":19,"875":255,"876":4,"877":255,"878":1,"879":255,"880":1,"881":1,"882":1,"883":1,"884":1,"885":1,"886":1,"887":1,"888":255,"889":1,"890":1,"891":1,"892":1,"893":1,"894":8,"895":1,"896":1,"897":1,"898":1,"899":1,"900":1,"901":1,"902":255,"903":0,"904":0,"905":0,"906":0,"907":0,"908":0,"909":0,"910":0,"911":0,"912":0,"913":0,"914":0,"915":0,"916":0,"917":0,"918":0,"919":0,"920":0,"921":0,"922":0,"923":7,"924":1,"925":6,"926":0,"927":6,"928":1,"929":7,"930":1,"931":6,"932":5,"933":1,"934":1,"935":1,"936":1,"937":1,"938":0,"939":1,"940":1,"941":1,"942":1,"943":1,"944":1,"945":0,"946":1,"947":1,"948":1,"949":1,"950":255,"951":255,"952":7,"953":7,"954":7,"955":2,"956":5,"957":1,"958":103,"959":103,"960":33,"961":33,"962":33,"963":33,"964":28,"965":1,"966":1,"967":1,"968":1,"969":27,"970":27,"971":18,"972":27,"973":27,"974":27,"975":27,"976":12,"977":12,"978":3,"979":3,"980":3,"981":3,"982":3,"983":3,"984":3,"985":12,"986":12,"987":30,"988":30,"989":30,"990":30,"991":3,"992":3,"993":1,"994":1,"995":128,"996":128,"997":128,"998":128,"999":128,"1000":128,"1001":128,"1002":255,"1003":255,"1004":255,"1005":1,"1006":1,"1007":1,"1008":1,"1009":1,"1010":255,"1011":3,"1012":3,"1013":3,"1014":3,"1015":3,"1016":3,"1017":372,"1018":150,"1019":150,"1020":150,"1021":52,"1022":52,"1023":52,"1024":52,"1025":30,"1026":11,"1027":19,"1028":10,"1029":9,"1030":2,"1031":7,"1032":8,"1033":3,"1034":5,"1035":5,"1036":5,"1037":1,"1038":4,"1039":1,"1040":3,"1041":2,"1042":1,"1043":22,"1044":3,"1045":19,"1046":19,"1047":4,"1048":15,"1049":9,"1050":6,"1051":63,"1052":7,"1053":56,"1054":46,"1055":10,"1056":110,"1057":3,"1058":107,"1059":24,"1060":24,"1061":24,"1062":24,"1063":24,"1064":24,"1065":24,"1066":24,"1067":24,"1068":24,"1069":24,"1070":24,"1071":24,"1072":24,"1073":1,"1074":7,"1075":7,"1076":7,"1077":7,"1078":7,"1079":255,"1080":255,"1081":255,"1082":53,"1083":169,"1084":26},"f":{"0":34,"1":13,"2":1,"3":12051,"4":5175,"5":27,"6":3,"7":5,"8":15,"9":24,"10":72,"11":4,"12":24,"13":0,"14":0,"15":29,"16":435,"17":1,"18":6,"19":0,"20":1,"21":5,"22":4,"23":8,"24":9,"25":6,"26":105,"27":36,"28":32,"29":10,"30":5,"31":0,"32":0,"33":0,"34":0,"35":0,"36":0,"37":0,"38":92,"39":184,"40":42,"41":14,"42":4,"43":4,"44":4,"45":3,"46":61,"47":54,"48":1744,"49":55,"50":51,"51":257,"52":1735,"53":5,"54":1,"55":6,"56":2,"57":1,"58":1,"59":3,"60":1,"61":1,"62":1,"63":52,"64":0,"65":2,"66":2,"67":2,"68":1,"69":3,"70":1,"71":3,"72":3,"73":2,"74":1,"75":2,"76":2,"77":1,"78":1,"79":2,"80":1530,"81":3,"82":18,"83":3,"84":5,"85":2,"86":81,"87":106,"88":69,"89":14,"90":57,"91":57,"92":3,"93":1,"94":4,"95":2,"96":1,"97":47,"98":30,"99":13,"100":13,"101":13,"102":13,"103":13,"104":13,"105":235,"106":1,"107":13,"108":84,"109":53,"110":34,"111":15,"112":6,"113":238,"114":41,"115":28,"116":4,"117":16,"118":17,"119":3,"120":2,"121":2,"122":3,"123":1,"124":0,"125":1,"126":2,"127":1,"128":4,"129":8,"130":113,"131":1,"132":199,"133":1020,"134":15,"135":257,"136":1,"137":0,"138":49,"139":2,"140":2,"141":2,"142":47,"143":257,"144":4,"145":1,"146":1,"147":1,"148":1,"149":8,"150":0,"151":0,"152":7,"153":7,"154":1,"155":1,"156":1,"157":7,"158":103,"159":33,"160":28,"161":27,"162":12,"163":30,"164":3,"165":128,"166":1,"167":3,"168":372,"169":150,"170":52,"171":30,"172":8,"173":22,"174":63,"175":110,"176":24,"177":7,"178":53,"179":169,"180":26},"b":{"0":[5,8],"1":[4,0],"2":[8,4],"3":[1,7],"4":[1,0],"5":[1,0],"6":[1,0],"7":[1,0],"8":[5165,10],"9":[1193,3982],"10":[4,23],"11":[1,2],"12":[5,0],"13":[2,3],"14":[2,1],"15":[1,0],"16":[0,0],"17":[0,0],"18":[0,0],"19":[0,0],"20":[0,0],"21":[0,0],"22":[29,406],"23":[1,5],"24":[1,4],"25":[4,3],"26":[1,4],"27":[6,3],"28":[105,86],"29":[2,8],"30":[0,0],"31":[0,0],"32":[0,0],"33":[0,184],"34":[8,6],"35":[14,14],"36":[3,3],"37":[4,2],"38":[1,3],"39":[2,1],"40":[2,1],"41":[4,57],"42":[3,51],"43":[61,1683],"44":[54,1],"45":[2,49],"46":[49,208],"47":[14,1721],"48":[329,1406],"49":[8,1727],"50":[8,1727],"51":[1,0],"52":[1,0],"53":[6,5],"54":[0,2],"55":[1,1],"56":[1,2],"57":[1,1],"58":[1,0],"59":[0,2],"60":[2,2],"61":[2,2],"62":[2,1],"63":[2,0],"64":[3,0],"65":[1,2],"66":[1,1],"67":[1,0],"68":[0,3],"69":[2,1],"70":[1,1],"71":[0,1],"72":[1,1],"73":[1,2],"74":[1,1],"75":[16,90],"76":[16,12],"77":[16,12],"78":[10,6],"79":[9,87],"80":[5,82],"81":[5,77],"82":[5,72],"83":[5,67],"84":[2,12],"85":[1,1],"86":[4,8],"87":[1,7],"88":[8,2],"89":[1,6],"90":[0,6],"91":[24,45],"92":[7,50],"93":[5,52],"94":[4,53],"95":[10,47],"96":[57,11],"97":[6,4],"98":[3,1],"99":[1,46],"100":[47,1],"101":[4,53],"102":[11,46],"103":[30,27],"104":[13,4],"105":[13,3],"106":[0,235],"107":[223,12],"108":[223,0],"109":[0,1],"110":[0,0],"111":[1,12],"112":[1,12],"113":[53,46,21],"114":[4,80],"115":[0,34],"116":[15,6],"117":[4,2],"118":[6,4],"119":[4,4],"120":[0,34],"121":[34,986],"122":[4,1016],"123":[4,1016],"124":[20,21],"125":[3,1],"126":[3,1],"127":[16,1],"128":[13,4],"129":[17,17],"130":[3,2],"131":[2,2],"132":[2,2],"133":[1,1],"134":[1,1],"135":[3,1],"136":[2,1],"137":[3,1],"138":[0,1],"139":[0,4],"140":[4,4],"141":[0,4],"142":[0,4],"143":[8,0],"144":[0,113],"145":[1,0],"146":[0,199],"147":[53,146],"148":[1020,0],"149":[2,13],"150":[46,211],"151":[2,0],"152":[2,0],"153":[2,0],"154":[2,0],"155":[2,0],"156":[2,0],"157":[2,0],"158":[64,193],"159":[257,193,193],"160":[0,193],"161":[193,193,193],"162":[44,44,0,0,45,45,1,1,19,19],"163":[1,1],"164":[1,1],"165":[1,1],"166":[0,1],"167":[0,0],"168":[0,0],"169":[0,0],"170":[0,0],"171":[0,0],"172":[1,6],"173":[0,6],"174":[1,5],"175":[1,6],"176":[5,1],"177":[6,6],"178":[1,1,1,0],"179":[0,1],"180":[0,1],"181":[1,0],"182":[2,5],"183":[1,27],"184":[18,9],"185":[3,9],"186":[3,0],"187":[28,2],"188":[2,28],"189":[3,0],"190":[1,2],"191":[3,3],"192":[78,50],"193":[36,92],"194":[1,0],"195":[1,2],"196":[1,2],"197":[11,19],"198":[10,1],"199":[10,9],"200":[2,7],"201":[3,5],"202":[1,4],"203":[1,3],"204":[2,1],"205":[3,19],"206":[4,15],"207":[9,6],"208":[7,56],"209":[46,10],"210":[3,107],"211":[1,23],"212":[255,0]},"_coverageSchema":"1a1c01bbd47fc00a2c39e90264f33305004495a9","hash":"0bac5e93a0f8b383261e438092cccd7c7ffff659"}
}
