TN:
SF:app.js
FN:52,saveState
FN:62,loadState
FN:79,(anonymous_2)
FN:93,(anonymous_3)
FN:94,(anonymous_4)
FN:104,applyTheme
FN:109,(anonymous_6)
FN:118,activateMobileTab
FN:119,(anonymous_8)
FN:138,initMobileTabs
FN:139,(anonymous_10)
FN:140,(anonymous_11)
FN:145,initSwipe
FN:149,(anonymous_13)
FN:150,(anonymous_14)
FN:164,renderColorSwatches
FN:167,(anonymous_16)
FN:179,(anonymous_17)
FN:190,addSubject
FN:196,(anonymous_19)
FN:199,(anonymous_20)
FN:220,removeSubject
FN:222,(anonymous_22)
FN:223,(anonymous_23)
FN:224,(anonymous_24)
FN:228,(anonymous_25)
FN:240,getSubject
FN:241,(anonymous_27)
FN:244,renderSubjectLegend
FN:247,(anonymous_29)
FN:265,(anonymous_30)
FN:269,(anonymous_31)
FN:273,(anonymous_32)
FN:274,(anonymous_33)
FN:275,(anonymous_34)
FN:276,(anonymous_35)
FN:281,(anonymous_36)
FN:282,(anonymous_37)
FN:295,updateSubjectSelects
FN:296,(anonymous_39)
FN:301,(anonymous_40)
FN:312,renderSubjectOverview
FN:320,(anonymous_42)
FN:321,(anonymous_43)
FN:322,(anonymous_44)
FN:339,(anonymous_45)
FN:352,getTimetableData
FN:356,getActiveDays
FN:361,getActiveFullDays
FN:366,getTodayColIndex
FN:372,renderTimetable
FN:392,(anonymous_51)
FN:407,(anonymous_52)
FN:425,(anonymous_53)
FN:426,(anonymous_54)
FN:434,openCellModal
FN:446,(anonymous_56)
FN:462,(anonymous_57)
FN:463,(anonymous_58)
FN:465,(anonymous_59)
FN:477,(anonymous_60)
FN:482,(anonymous_61)
FN:486,(anonymous_62)
FN:494,openAddTaskModal
FN:505,(anonymous_64)
FN:508,openEditTaskModal
FN:509,(anonymous_66)
FN:526,(anonymous_67)
FN:527,(anonymous_68)
FN:529,(anonymous_69)
FN:546,(anonymous_70)
FN:562,toggleTaskDone
FN:563,(anonymous_72)
FN:575,deleteTask
FN:579,(anonymous_74)
FN:585,_removeTask
FN:586,(anonymous_76)
FN:596,snoozeTask
FN:597,(anonymous_78)
FN:610,(anonymous_79)
FN:616,(anonymous_80)
FN:617,(anonymous_81)
FN:618,(anonymous_82)
FN:626,(anonymous_83)
FN:627,(anonymous_84)
FN:630,(anonymous_85)
FN:640,getFilteredTasks
FN:641,(anonymous_87)
FN:657,renderTaskList
FN:661,(anonymous_89)
FN:680,(anonymous_90)
FN:683,createTaskElement
FN:695,(anonymous_92)
FN:728,(anonymous_93)
FN:741,(anonymous_94)
FN:758,(anonymous_95)
FN:763,(anonymous_96)
FN:778,renderDeadlines
FN:784,(anonymous_98)
FN:785,(anonymous_99)
FN:786,(anonymous_100)
FN:787,(anonymous_101)
FN:788,(anonymous_102)
FN:789,(anonymous_103)
FN:790,(anonymous_104)
FN:800,renderDeadlineList
FN:817,(anonymous_106)
FN:823,(anonymous_107)
FN:844,updateOverdueBadge
FN:846,(anonymous_109)
FN:859,renderMiniCalendar
FN:871,(anonymous_111)
FN:871,(anonymous_112)
FN:887,(anonymous_113)
FN:920,updateProgress
FN:922,(anonymous_115)
FN:931,(anonymous_116)
FN:941,getWeekRange
FN:953,renderStats
FN:960,(anonymous_119)
FN:961,(anonymous_120)
FN:962,(anonymous_121)
FN:971,(anonymous_122)
FN:971,(anonymous_123)
FN:975,(anonymous_124)
FN:980,(anonymous_125)
FN:996,(anonymous_126)
FN:1000,(anonymous_127)
FN:1011,drawStatsChart
FN:1031,(anonymous_129)
FN:1065,openModal
FN:1071,(anonymous_131)
FN:1077,closeModal
FN:1086,(anonymous_133)
FN:1088,(anonymous_134)
FN:1091,(anonymous_135)
FN:1105,(anonymous_136)
FN:1106,(anonymous_137)
FN:1108,openSettingsModal
FN:1122,(anonymous_139)
FN:1145,toggleShortcuts
FN:1150,showShortcuts
FN:1155,hideShortcuts
FN:1159,(anonymous_143)
FN:1177,(anonymous_144)
FN:1178,(anonymous_145)
FN:1180,(anonymous_146)
FN:1189,(anonymous_147)
FN:1191,(anonymous_148)
FN:1194,(anonymous_149)
FN:1203,(anonymous_150)
FN:1207,(anonymous_151)
FN:1228,requestNotifications
FN:1236,sendNotifications
FN:1243,(anonymous_154)
FN:1249,(anonymous_155)
FN:1250,(anonymous_156)
FN:1267,loadPomState
FN:1277,savePomState
FN:1281,resetPomodoro
FN:1288,togglePomodoro
FN:1299,startPomodoro
FN:1304,(anonymous_162)
FN:1319,switchPomMode
FN:1328,notifyPomodoro
FN:1335,renderPomodoro
FN:1348,(anonymous_166)
FN:1356,(anonymous_167)
FN:1368,dateOnly
FN:1372,addDays
FN:1378,daysUntil
FN:1385,dueBadgeLabel
FN:1392,formatDate
FN:1402,getUrgency
FN:1410,priorityLabel
FN:1416,escapeHtml
FN:1429,renderAll
FN:1452,init
FN:1484,(anonymous_178)
FN:1485,(anonymous_179)
FN:1510,(anonymous_180)
FNF:181
FNH:166
FNDA:34,saveState
FNDA:13,loadState
FNDA:1,(anonymous_2)
FNDA:12051,(anonymous_3)
FNDA:5175,(anonymous_4)
FNDA:27,applyTheme
FNDA:3,(anonymous_6)
FNDA:5,activateMobileTab
FNDA:15,(anonymous_8)
FNDA:24,initMobileTabs
FNDA:72,(anonymous_10)
FNDA:4,(anonymous_11)
FNDA:24,initSwipe
FNDA:0,(anonymous_13)
FNDA:0,(anonymous_14)
FNDA:29,renderColorSwatches
FNDA:435,(anonymous_16)
FNDA:1,(anonymous_17)
FNDA:6,addSubject
FNDA:0,(anonymous_19)
FNDA:1,(anonymous_20)
FNDA:5,removeSubject
FNDA:4,(anonymous_22)
FNDA:8,(anonymous_23)
FNDA:9,(anonymous_24)
FNDA:6,(anonymous_25)
FNDA:105,getSubject
FNDA:36,(anonymous_27)
FNDA:32,renderSubjectLegend
FNDA:10,(anonymous_29)
FNDA:5,(anonymous_30)
FNDA:0,(anonymous_31)
FNDA:0,(anonymous_32)
FNDA:0,(anonymous_33)
FNDA:0,(anonymous_34)
FNDA:0,(anonymous_35)
FNDA:0,(anonymous_36)
FNDA:0,(anonymous_37)
FNDA:92,updateSubjectSelects
FNDA:184,(anonymous_39)
FNDA:42,(anonymous_40)
FNDA:14,renderSubjectOverview
FNDA:4,(anonymous_42)
FNDA:4,(anonymous_43)
FNDA:4,(anonymous_44)
FNDA:3,(anonymous_45)
FNDA:61,getTimetableData
FNDA:54,getActiveDays
FNDA:1744,getActiveFullDays
FNDA:55,getTodayColIndex
FNDA:51,renderTimetable
FNDA:257,(anonymous_51)
FNDA:1735,(anonymous_52)
FNDA:5,(anonymous_53)
FNDA:1,(anonymous_54)
FNDA:6,openCellModal
FNDA:2,(anonymous_56)
FNDA:1,(anonymous_57)
FNDA:1,(anonymous_58)
FNDA:3,(anonymous_59)
FNDA:1,(anonymous_60)
FNDA:1,(anonymous_61)
FNDA:1,(anonymous_62)
FNDA:52,openAddTaskModal
FNDA:0,(anonymous_64)
FNDA:2,openEditTaskModal
FNDA:2,(anonymous_66)
FNDA:2,(anonymous_67)
FNDA:1,(anonymous_68)
FNDA:3,(anonymous_69)
FNDA:1,(anonymous_70)
FNDA:3,toggleTaskDone
FNDA:3,(anonymous_72)
FNDA:2,deleteTask
FNDA:1,(anonymous_74)
FNDA:2,_removeTask
FNDA:2,(anonymous_76)
FNDA:1,snoozeTask
FNDA:1,(anonymous_78)
FNDA:2,(anonymous_79)
FNDA:1530,(anonymous_80)
FNDA:3,(anonymous_81)
FNDA:18,(anonymous_82)
FNDA:3,(anonymous_83)
FNDA:5,(anonymous_84)
FNDA:2,(anonymous_85)
FNDA:81,getFilteredTasks
FNDA:106,(anonymous_87)
FNDA:69,renderTaskList
FNDA:14,(anonymous_89)
FNDA:57,(anonymous_90)
FNDA:57,createTaskElement
FNDA:3,(anonymous_92)
FNDA:1,(anonymous_93)
FNDA:4,(anonymous_94)
FNDA:2,(anonymous_95)
FNDA:1,(anonymous_96)
FNDA:47,renderDeadlines
FNDA:30,(anonymous_98)
FNDA:13,(anonymous_99)
FNDA:13,(anonymous_100)
FNDA:13,(anonymous_101)
FNDA:13,(anonymous_102)
FNDA:13,(anonymous_103)
FNDA:13,(anonymous_104)
FNDA:235,renderDeadlineList
FNDA:1,(anonymous_106)
FNDA:13,(anonymous_107)
FNDA:84,updateOverdueBadge
FNDA:53,(anonymous_109)
FNDA:34,renderMiniCalendar
FNDA:15,(anonymous_111)
FNDA:6,(anonymous_112)
FNDA:238,(anonymous_113)
FNDA:41,updateProgress
FNDA:28,(anonymous_115)
FNDA:4,(anonymous_116)
FNDA:16,getWeekRange
FNDA:17,renderStats
FNDA:3,(anonymous_119)
FNDA:2,(anonymous_120)
FNDA:2,(anonymous_121)
FNDA:3,(anonymous_122)
FNDA:1,(anonymous_123)
FNDA:0,(anonymous_124)
FNDA:1,(anonymous_125)
FNDA:2,(anonymous_126)
FNDA:1,(anonymous_127)
FNDA:4,drawStatsChart
FNDA:8,(anonymous_129)
FNDA:113,openModal
FNDA:1,(anonymous_131)
FNDA:199,closeModal
FNDA:1020,(anonymous_133)
FNDA:15,(anonymous_134)
FNDA:257,(anonymous_135)
FNDA:1,(anonymous_136)
FNDA:0,(anonymous_137)
FNDA:49,openSettingsModal
FNDA:2,(anonymous_139)
FNDA:2,toggleShortcuts
FNDA:2,showShortcuts
FNDA:47,hideShortcuts
FNDA:257,(anonymous_143)
FNDA:4,(anonymous_144)
FNDA:1,(anonymous_145)
FNDA:1,(anonymous_146)
FNDA:1,(anonymous_147)
FNDA:1,(anonymous_148)
FNDA:8,(anonymous_149)
FNDA:0,(anonymous_150)
FNDA:0,(anonymous_151)
FNDA:7,requestNotifications
FNDA:7,sendNotifications
FNDA:1,(anonymous_154)
FNDA:1,(anonymous_155)
FNDA:1,(anonymous_156)
FNDA:7,loadPomState
FNDA:103,savePomState
FNDA:33,resetPomodoro
FNDA:28,togglePomodoro
FNDA:27,startPomodoro
FNDA:12,(anonymous_162)
FNDA:30,switchPomMode
FNDA:3,notifyPomodoro
FNDA:128,renderPomodoro
FNDA:1,(anonymous_166)
FNDA:3,(anonymous_167)
FNDA:372,dateOnly
FNDA:150,addDays
FNDA:52,daysUntil
FNDA:30,dueBadgeLabel
FNDA:8,formatDate
FNDA:22,getUrgency
FNDA:63,priorityLabel
FNDA:110,escapeHtml
FNDA:24,renderAll
FNDA:7,init
FNDA:53,(anonymous_178)
FNDA:169,(anonymous_179)
FNDA:26,(anonymous_180)
DA:11,255
DA:12,255
DA:13,255
DA:22,255
DA:34,255
DA:53,34
DA:55,34
DA:56,34
DA:58,1
DA:63,13
DA:64,13
DA:65,13
DA:66,5
DA:68,4
DA:69,4
DA:72,12
DA:73,8
DA:74,8
DA:75,1
DA:76,1
DA:77,1
DA:78,1
DA:79,1
DA:80,1
DA:81,1
DA:86,1
DA:93,12051
DA:94,255
DA:95,5175
DA:96,5175
DA:97,5175
DA:98,5175
DA:105,27
DA:106,27
DA:109,255
DA:110,3
DA:111,3
DA:112,3
DA:119,15
DA:120,5
DA:121,5
DA:123,5
DA:124,5
DA:125,5
DA:126,5
DA:128,5
DA:129,2
DA:130,3
DA:131,2
DA:132,1
DA:133,1
DA:134,1
DA:139,24
DA:140,72
DA:146,24
DA:147,24
DA:148,24
DA:149,24
DA:150,24
DA:151,0
DA:152,0
DA:153,0
DA:154,0
DA:155,0
DA:156,0
DA:157,0
DA:165,29
DA:166,29
DA:167,29
DA:168,435
DA:169,435
DA:170,435
DA:171,435
DA:172,435
DA:173,435
DA:174,29
DA:175,29
DA:177,406
DA:179,435
DA:180,1
DA:181,1
DA:183,435
DA:191,6
DA:192,6
DA:193,6
DA:194,6
DA:195,1
DA:196,1
DA:197,1
DA:199,5
DA:200,1
DA:201,1
DA:203,4
DA:204,4
DA:205,4
DA:207,4
DA:208,4
DA:210,4
DA:211,4
DA:212,4
DA:213,4
DA:214,4
DA:215,4
DA:216,4
DA:217,4
DA:221,5
DA:222,4
DA:223,4
DA:224,8
DA:225,9
DA:228,6
DA:229,4
DA:230,4
DA:231,4
DA:232,4
DA:233,4
DA:234,4
DA:235,4
DA:236,4
DA:237,4
DA:241,105
DA:245,32
DA:246,32
DA:247,32
DA:248,10
DA:249,10
DA:250,10
DA:251,10
DA:252,10
DA:254,10
DA:255,10
DA:257,10
DA:258,2
DA:259,2
DA:262,10
DA:263,10
DA:264,10
DA:265,10
DA:266,10
DA:269,10
DA:270,0
DA:271,0
DA:273,10
DA:274,10
DA:275,10
DA:276,10
DA:277,0
DA:278,0
DA:279,0
DA:280,0
DA:281,0
DA:282,0
DA:283,0
DA:284,0
DA:285,0
DA:286,0
DA:287,0
DA:288,0
DA:291,10
DA:296,92
DA:297,184
DA:298,184
DA:299,184
DA:300,184
DA:301,184
DA:302,42
DA:303,42
DA:304,42
DA:305,42
DA:307,184
DA:313,14
DA:314,14
DA:315,6
DA:316,6
DA:317,3
DA:318,3
DA:320,3
DA:321,4
DA:322,4
DA:323,4
DA:324,4
DA:325,4
DA:326,4
DA:327,4
DA:328,4
DA:329,1
DA:330,1
DA:332,4
DA:333,4
DA:334,4
DA:335,4
DA:339,255
DA:340,3
DA:341,3
DA:342,3
DA:343,3
DA:344,3
DA:345,3
DA:346,3
DA:353,61
DA:357,54
DA:358,54
DA:362,1744
DA:363,1744
DA:367,55
DA:368,55
DA:369,55
DA:373,51
DA:374,51
DA:375,51
DA:376,51
DA:377,51
DA:380,51
DA:381,51
DA:384,51
DA:385,51
DA:386,2
DA:387,2
DA:391,51
DA:392,51
DA:393,257
DA:394,257
DA:398,51
DA:399,345
DA:400,345
DA:401,345
DA:402,345
DA:403,345
DA:404,345
DA:405,345
DA:407,345
DA:408,1735
DA:409,1735
DA:410,1735
DA:412,1735
DA:413,1735
DA:414,1735
DA:415,1735
DA:416,1735
DA:418,1735
DA:419,8
DA:420,8
DA:421,8
DA:422,8
DA:425,1735
DA:426,1735
DA:427,1
DA:429,1735
DA:435,6
DA:436,6
DA:437,6
DA:438,6
DA:439,6
DA:440,6
DA:441,6
DA:442,6
DA:443,6
DA:446,255
DA:447,2
DA:448,2
DA:449,2
DA:450,2
DA:451,2
DA:452,2
DA:453,1
DA:455,1
DA:457,2
DA:458,2
DA:459,2
DA:462,255
DA:463,255
DA:465,255
DA:466,3
DA:467,2
DA:468,1
DA:470,1
DA:472,2
DA:473,2
DA:476,255
DA:477,255
DA:478,1
DA:482,255
DA:483,1
DA:484,1
DA:486,255
DA:487,1
DA:488,1
DA:495,52
DA:496,52
DA:497,52
DA:498,52
DA:499,52
DA:500,52
DA:501,52
DA:502,52
DA:503,52
DA:504,52
DA:505,52
DA:509,2
DA:510,2
DA:511,2
DA:512,2
DA:513,2
DA:514,2
DA:515,2
DA:516,2
DA:517,2
DA:518,2
DA:519,2
DA:520,2
DA:521,2
DA:522,2
DA:525,255
DA:526,255
DA:527,255
DA:529,255
DA:530,3
DA:531,3
DA:532,3
DA:533,3
DA:534,3
DA:535,3
DA:536,3
DA:537,1
DA:538,1
DA:539,1
DA:540,1
DA:542,2
DA:543,2
DA:545,2
DA:546,1
DA:547,1
DA:549,1
DA:552,2
DA:553,2
DA:554,2
DA:555,2
DA:556,2
DA:557,2
DA:558,2
DA:559,2
DA:563,3
DA:564,3
DA:565,3
DA:566,3
DA:567,3
DA:568,3
DA:569,3
DA:570,3
DA:571,3
DA:572,3
DA:576,2
DA:577,2
DA:578,1
DA:579,1
DA:581,1
DA:586,2
DA:587,2
DA:588,2
DA:589,2
DA:590,2
DA:591,2
DA:592,2
DA:593,2
DA:597,1
DA:598,1
DA:599,1
DA:600,1
DA:601,1
DA:602,1
DA:603,1
DA:604,1
DA:605,1
DA:606,1
DA:610,255
DA:611,2
DA:612,2
DA:616,255
DA:617,1530
DA:618,18
DA:619,3
DA:620,3
DA:621,3
DA:626,255
DA:627,5
DA:628,3
DA:629,2
DA:630,2
DA:631,1
DA:632,1
DA:633,1
DA:634,1
DA:635,1
DA:636,1
DA:637,1
DA:641,81
DA:643,106
DA:644,16
DA:645,16
DA:648,96
DA:649,87
DA:650,82
DA:651,77
DA:652,72
DA:653,67
DA:658,69
DA:659,69
DA:660,69
DA:661,69
DA:662,14
DA:663,12
DA:664,8
DA:665,7
DA:666,6
DA:667,6
DA:670,69
DA:671,69
DA:672,69
DA:674,69
DA:675,24
DA:676,24
DA:678,45
DA:680,57
DA:684,57
DA:685,57
DA:686,57
DA:687,57
DA:690,57
DA:691,57
DA:692,57
DA:693,57
DA:694,57
DA:695,57
DA:698,57
DA:701,57
DA:702,57
DA:703,5
DA:704,5
DA:705,5
DA:707,57
DA:710,57
DA:713,57
DA:714,57
DA:715,4
DA:719,57
DA:720,57
DA:721,10
DA:722,10
DA:723,10
DA:724,10
DA:726,10
DA:727,10
DA:728,10
DA:729,10
DA:730,47
DA:731,1
DA:734,57
DA:735,57
DA:738,57
DA:739,4
DA:740,4
DA:741,4
DA:742,4
DA:743,4
DA:744,4
DA:745,4
DA:747,4
DA:748,4
DA:751,57
DA:754,57
DA:755,57
DA:756,57
DA:757,57
DA:758,57
DA:760,57
DA:761,57
DA:762,57
DA:763,57
DA:765,57
DA:766,57
DA:768,57
DA:769,57
DA:770,57
DA:772,57
DA:779,47
DA:780,47
DA:781,47
DA:782,47
DA:784,47
DA:785,47
DA:786,47
DA:787,47
DA:788,47
DA:789,47
DA:790,47
DA:792,47
DA:793,47
DA:794,47
DA:795,47
DA:796,47
DA:797,47
DA:801,235
DA:802,235
DA:803,235
DA:805,235
DA:806,223
DA:813,223
DA:814,223
DA:817,12
DA:818,1
DA:819,1
DA:820,1
DA:823,12
DA:824,13
DA:825,13
DA:827,13
DA:828,13
DA:830,13
DA:831,13
DA:832,13
DA:834,13
DA:835,13
DA:837,13
DA:838,13
DA:839,13
DA:840,13
DA:845,84
DA:846,84
DA:847,84
DA:848,84
DA:849,4
DA:850,4
DA:852,80
DA:860,34
DA:861,34
DA:862,34
DA:864,34
DA:865,34
DA:866,34
DA:867,34
DA:870,34
DA:871,34
DA:872,6
DA:873,6
DA:874,4
DA:875,4
DA:879,34
DA:882,34
DA:883,34
DA:884,34
DA:886,34
DA:887,34
DA:888,238
DA:890,34
DA:892,34
DA:895,34
DA:896,34
DA:897,34
DA:898,86
DA:901,34
DA:902,34
DA:903,1020
DA:904,1020
DA:905,1020
DA:906,1020
DA:907,4
DA:908,4
DA:909,4
DA:911,1020
DA:914,34
DA:921,41
DA:922,41
DA:923,41
DA:924,41
DA:925,41
DA:931,255
DA:932,4
DA:933,4
DA:934,4
DA:935,4
DA:936,4
DA:937,4
DA:938,4
DA:942,16
DA:943,16
DA:944,16
DA:945,16
DA:946,16
DA:947,16
DA:948,16
DA:949,16
DA:950,16
DA:954,17
DA:955,17
DA:957,4
DA:958,4
DA:960,4
DA:961,4
DA:962,4
DA:965,4
DA:968,4
DA:969,4
DA:970,4
DA:971,4
DA:972,1
DA:973,1
DA:975,4
DA:976,4
DA:977,3
DA:979,1
DA:980,1
DA:981,1
DA:982,1
DA:983,1
DA:984,1
DA:985,1
DA:986,1
DA:987,1
DA:988,1
DA:989,1
DA:990,1
DA:991,1
DA:996,4
DA:997,4
DA:998,3
DA:1000,1
DA:1001,1
DA:1002,1
DA:1003,1
DA:1005,1
DA:1012,4
DA:1013,4
DA:1014,4
DA:1015,4
DA:1016,4
DA:1017,4
DA:1019,4
DA:1020,4
DA:1021,4
DA:1022,4
DA:1023,4
DA:1024,4
DA:1026,4
DA:1027,4
DA:1028,4
DA:1029,4
DA:1031,4
DA:1032,8
DA:1034,8
DA:1035,8
DA:1036,8
DA:1038,0
DA:1039,0
DA:1040,0
DA:1041,0
DA:1042,0
DA:1043,0
DA:1044,0
DA:1045,0
DA:1046,0
DA:1047,0
DA:1049,8
DA:1050,8
DA:1051,8
DA:1052,8
DA:1053,8
DA:1054,8
DA:1057,4
DA:1058,4
DA:1059,4
DA:1066,113
DA:1067,113
DA:1068,113
DA:1069,113
DA:1071,113
DA:1072,1
DA:1073,1
DA:1078,199
DA:1079,199
DA:1080,199
DA:1081,199
DA:1082,199
DA:1083,199
DA:1086,255
DA:1087,1020
DA:1088,1020
DA:1091,255
DA:1092,257
DA:1093,46
DA:1094,46
DA:1095,46
DA:1096,46
DA:1097,46
DA:1104,255
DA:1105,255
DA:1106,255
DA:1109,49
DA:1110,49
DA:1111,49
DA:1112,49
DA:1113,49
DA:1114,49
DA:1115,49
DA:1116,49
DA:1117,49
DA:1118,49
DA:1119,49
DA:1122,255
DA:1123,2
DA:1124,2
DA:1125,2
DA:1126,2
DA:1127,2
DA:1128,2
DA:1129,2
DA:1130,2
DA:1131,2
DA:1132,2
DA:1133,2
DA:1134,2
DA:1135,2
DA:1136,2
DA:1142,255
DA:1143,255
DA:1146,2
DA:1147,2
DA:1151,2
DA:1152,2
DA:1156,47
DA:1159,255
DA:1161,257
DA:1162,257
DA:1163,193
DA:1165,193
DA:1166,44
DA:1167,0
DA:1168,45
DA:1169,1
DA:1170,19
DA:1177,255
DA:1178,255
DA:1180,255
DA:1181,1
DA:1182,1
DA:1183,1
DA:1184,1
DA:1185,1
DA:1186,1
DA:1189,255
DA:1190,1
DA:1191,1
DA:1192,1
DA:1193,1
DA:1194,8
DA:1196,1
DA:1197,1
DA:1198,1
DA:1199,1
DA:1200,1
DA:1203,255
DA:1204,0
DA:1205,0
DA:1206,0
DA:1207,0
DA:1208,0
DA:1209,0
DA:1210,0
DA:1211,0
DA:1212,0
DA:1213,0
DA:1214,0
DA:1215,0
DA:1216,0
DA:1217,0
DA:1219,0
DA:1222,0
DA:1229,7
DA:1230,6
DA:1231,6
DA:1232,1
DA:1237,7
DA:1238,6
DA:1240,1
DA:1241,1
DA:1243,1
DA:1244,1
DA:1247,1
DA:1249,1
DA:1250,1
DA:1252,1
DA:1253,1
DA:1254,1
DA:1256,1
DA:1257,1
DA:1264,255
DA:1265,255
DA:1268,7
DA:1269,7
DA:1270,7
DA:1271,5
DA:1273,1
DA:1278,103
DA:1282,33
DA:1283,33
DA:1284,33
DA:1285,33
DA:1289,28
DA:1290,1
DA:1291,1
DA:1292,1
DA:1293,1
DA:1295,27
DA:1300,27
DA:1301,27
DA:1302,27
DA:1303,27
DA:1304,27
DA:1305,12
DA:1306,12
DA:1307,3
DA:1308,3
DA:1309,3
DA:1310,3
DA:1311,3
DA:1312,3
DA:1314,12
DA:1315,12
DA:1320,30
DA:1321,30
DA:1324,30
DA:1325,30
DA:1329,3
DA:1330,3
DA:1331,1
DA:1336,128
DA:1337,128
DA:1338,128
DA:1339,128
DA:1340,128
DA:1341,128
DA:1343,128
DA:1346,255
DA:1347,255
DA:1348,255
DA:1349,1
DA:1350,1
DA:1351,1
DA:1352,1
DA:1356,255
DA:1357,3
DA:1358,3
DA:1359,3
DA:1360,3
DA:1361,3
DA:1362,3
DA:1369,372
DA:1373,150
DA:1374,150
DA:1375,150
DA:1379,52
DA:1380,52
DA:1381,52
DA:1382,52
DA:1386,30
DA:1387,19
DA:1388,9
DA:1389,7
DA:1393,8
DA:1394,5
DA:1395,5
DA:1396,5
DA:1397,4
DA:1398,3
DA:1399,1
DA:1403,22
DA:1404,19
DA:1405,19
DA:1406,15
DA:1407,6
DA:1411,63
DA:1412,56
DA:1413,10
DA:1417,110
DA:1418,107
DA:1430,24
DA:1431,24
DA:1432,24
DA:1433,24
DA:1434,24
DA:1435,24
DA:1436,24
DA:1437,24
DA:1438,24
DA:1439,24
DA:1440,24
DA:1441,24
DA:1442,24
DA:1444,24
DA:1445,1
DA:1453,7
DA:1454,7
DA:1455,7
DA:1456,7
DA:1457,7
DA:1460,255
DA:1465,255
DA:1466,255
DA:1484,53
DA:1485,169
DA:1510,26
LF:910
LH:862
BRDA:65,0,0,5
BRDA:65,0,1,8
BRDA:68,1,0,4
BRDA:68,1,1,0
BRDA:72,2,0,8
BRDA:72,2,1,4
BRDA:74,3,0,1
BRDA:74,3,1,7
BRDA:77,4,0,1
BRDA:77,4,1,0
BRDA:78,5,0,1
BRDA:78,5,1,0
BRDA:79,6,0,1
BRDA:79,6,1,0
BRDA:80,7,0,1
BRDA:80,7,1,0
BRDA:96,8,0,5165
BRDA:96,8,1,10
BRDA:97,9,0,1193
BRDA:97,9,1,3982
BRDA:106,10,0,4
BRDA:106,10,1,23
BRDA:110,11,0,1
BRDA:110,11,1,2
BRDA:121,12,0,5
BRDA:121,12,1,0
BRDA:128,13,0,2
BRDA:128,13,1,3
BRDA:130,14,0,2
BRDA:130,14,1,1
BRDA:132,15,0,1
BRDA:132,15,1,0
BRDA:152,16,0,0
BRDA:152,16,1,0
BRDA:154,17,0,0
BRDA:154,17,1,0
BRDA:156,18,0,0
BRDA:156,18,1,0
BRDA:156,19,0,0
BRDA:156,19,1,0
BRDA:157,20,0,0
BRDA:157,20,1,0
BRDA:157,21,0,0
BRDA:157,21,1,0
BRDA:173,22,0,29
BRDA:173,22,1,406
BRDA:194,23,0,1
BRDA:194,23,1,5
BRDA:199,24,0,1
BRDA:199,24,1,4
BRDA:203,25,0,4
BRDA:203,25,1,3
BRDA:221,26,0,1
BRDA:221,26,1,4
BRDA:225,27,0,6
BRDA:225,27,1,3
BRDA:241,28,0,105
BRDA:241,28,1,86
BRDA:257,29,0,2
BRDA:257,29,1,8
BRDA:280,30,0,0
BRDA:280,30,1,0
BRDA:283,31,0,0
BRDA:283,31,1,0
BRDA:283,32,0,0
BRDA:283,32,1,0
BRDA:298,33,0,0
BRDA:298,33,1,184
BRDA:314,34,0,8
BRDA:314,34,1,6
BRDA:314,35,0,14
BRDA:314,35,1,14
BRDA:316,36,0,3
BRDA:316,36,1,3
BRDA:321,37,0,4
BRDA:321,37,1,2
BRDA:328,38,0,1
BRDA:328,38,1,3
BRDA:345,39,0,2
BRDA:345,39,1,1
BRDA:346,40,0,2
BRDA:346,40,1,1
BRDA:353,41,0,4
BRDA:353,41,1,57
BRDA:357,42,0,3
BRDA:357,42,1,51
BRDA:362,43,0,61
BRDA:362,43,1,1683
BRDA:369,44,0,54
BRDA:369,44,1,1
BRDA:385,45,0,2
BRDA:385,45,1,49
BRDA:393,46,0,49
BRDA:393,46,1,208
BRDA:410,47,0,14
BRDA:410,47,1,1721
BRDA:412,48,0,329
BRDA:412,48,1,1406
BRDA:416,49,0,8
BRDA:416,49,1,1727
BRDA:418,50,0,8
BRDA:418,50,1,1727
BRDA:427,51,0,1
BRDA:427,51,1,0
BRDA:427,52,0,1
BRDA:427,52,1,0
BRDA:442,53,0,6
BRDA:442,53,1,5
BRDA:447,54,0,0
BRDA:447,54,1,2
BRDA:452,55,0,1
BRDA:452,55,1,1
BRDA:466,56,0,1
BRDA:466,56,1,2
BRDA:467,57,0,1
BRDA:467,57,1,1
BRDA:478,58,0,1
BRDA:478,58,1,0
BRDA:510,59,0,0
BRDA:510,59,1,2
BRDA:516,60,0,2
BRDA:516,60,1,2
BRDA:518,61,0,2
BRDA:518,61,1,2
BRDA:519,62,0,2
BRDA:519,62,1,1
BRDA:521,63,0,2
BRDA:521,63,1,0
BRDA:535,64,0,3
BRDA:535,64,1,0
BRDA:536,65,0,1
BRDA:536,65,1,2
BRDA:545,66,0,1
BRDA:545,66,1,1
BRDA:547,67,0,1
BRDA:547,67,1,0
BRDA:564,68,0,0
BRDA:564,68,1,3
BRDA:566,69,0,2
BRDA:566,69,1,1
BRDA:577,70,0,1
BRDA:577,70,1,1
BRDA:598,71,0,0
BRDA:598,71,1,1
BRDA:598,72,0,1
BRDA:598,72,1,1
BRDA:628,73,0,1
BRDA:628,73,1,2
BRDA:629,74,0,1
BRDA:629,74,1,1
BRDA:643,75,0,16
BRDA:643,75,1,90
BRDA:644,76,0,16
BRDA:644,76,1,12
BRDA:644,77,0,16
BRDA:644,77,1,12
BRDA:645,78,0,10
BRDA:645,78,1,6
BRDA:648,79,0,9
BRDA:648,79,1,87
BRDA:649,80,0,5
BRDA:649,80,1,82
BRDA:650,81,0,5
BRDA:650,81,1,77
BRDA:651,82,0,5
BRDA:651,82,1,72
BRDA:652,83,0,5
BRDA:652,83,1,67
BRDA:662,84,0,2
BRDA:662,84,1,12
BRDA:662,85,0,1
BRDA:662,85,1,1
BRDA:663,86,0,4
BRDA:663,86,1,8
BRDA:664,87,0,1
BRDA:664,87,1,7
BRDA:664,88,0,8
BRDA:664,88,1,2
BRDA:665,89,0,1
BRDA:665,89,1,6
BRDA:666,90,0,0
BRDA:666,90,1,6
BRDA:674,91,0,24
BRDA:674,91,1,45
BRDA:685,92,0,7
BRDA:685,92,1,50
BRDA:702,93,0,5
BRDA:702,93,1,52
BRDA:714,94,0,4
BRDA:714,94,1,53
BRDA:720,95,0,10
BRDA:720,95,1,47
BRDA:720,96,0,57
BRDA:720,96,1,11
BRDA:723,97,0,6
BRDA:723,97,1,4
BRDA:723,98,0,3
BRDA:723,98,1,1
BRDA:730,99,0,1
BRDA:730,99,1,46
BRDA:730,100,0,47
BRDA:730,100,1,1
BRDA:738,101,0,4
BRDA:738,101,1,53
BRDA:751,102,0,11
BRDA:751,102,1,46
BRDA:784,103,0,30
BRDA:784,103,1,27
BRDA:788,104,0,13
BRDA:788,104,1,4
BRDA:789,105,0,13
BRDA:789,105,1,3
BRDA:802,106,0,0
BRDA:802,106,1,235
BRDA:805,107,0,223
BRDA:805,107,1,12
BRDA:813,108,0,223
BRDA:813,108,1,0
BRDA:818,109,0,0
BRDA:818,109,1,1
BRDA:818,110,0,0
BRDA:818,110,1,0
BRDA:828,111,0,1
BRDA:828,111,1,12
BRDA:832,112,0,1
BRDA:832,112,1,12
BRDA:846,113,0,53
BRDA:846,113,1,46
BRDA:846,113,2,21
BRDA:848,114,0,4
BRDA:848,114,1,80
BRDA:861,115,0,0
BRDA:861,115,1,34
BRDA:871,116,0,15
BRDA:871,116,1,6
BRDA:873,117,0,4
BRDA:873,117,1,2
BRDA:873,118,0,6
BRDA:873,118,1,4
BRDA:875,119,0,4
BRDA:875,119,1,4
BRDA:896,120,0,0
BRDA:896,120,1,34
BRDA:904,121,0,34
BRDA:904,121,1,986
BRDA:904,122,0,4
BRDA:904,122,1,1016
BRDA:906,123,0,4
BRDA:906,123,1,1016
BRDA:923,124,0,20
BRDA:923,124,1,21
BRDA:937,125,0,3
BRDA:937,125,1,1
BRDA:938,126,0,3
BRDA:938,126,1,1
BRDA:943,127,0,16
BRDA:943,127,1,1
BRDA:955,128,0,13
BRDA:955,128,1,4
BRDA:955,129,0,17
BRDA:955,129,1,17
BRDA:960,130,0,3
BRDA:960,130,1,2
BRDA:961,131,0,2
BRDA:961,131,1,2
BRDA:962,132,0,2
BRDA:962,132,1,2
BRDA:972,133,0,1
BRDA:972,133,1,1
BRDA:973,134,0,1
BRDA:973,134,1,1
BRDA:976,135,0,3
BRDA:976,135,1,1
BRDA:996,136,0,2
BRDA:996,136,1,1
BRDA:997,137,0,3
BRDA:997,137,1,1
BRDA:1005,138,0,0
BRDA:1005,138,1,1
BRDA:1013,139,0,0
BRDA:1013,139,1,4
BRDA:1015,140,0,4
BRDA:1015,140,1,4
BRDA:1027,141,0,0
BRDA:1027,141,1,4
BRDA:1029,142,0,0
BRDA:1029,142,1,4
BRDA:1035,143,0,8
BRDA:1035,143,1,0
BRDA:1067,144,0,0
BRDA:1067,144,1,113
BRDA:1073,145,0,1
BRDA:1073,145,1,0
BRDA:1079,146,0,0
BRDA:1079,146,1,199
BRDA:1083,147,0,53
BRDA:1083,147,1,146
BRDA:1088,148,0,1020
BRDA:1088,148,1,0
BRDA:1088,149,0,2
BRDA:1088,149,1,13
BRDA:1092,150,0,46
BRDA:1092,150,1,211
BRDA:1124,151,0,2
BRDA:1124,151,1,0
BRDA:1125,152,0,2
BRDA:1125,152,1,0
BRDA:1126,153,0,2
BRDA:1126,153,1,0
BRDA:1130,154,0,2
BRDA:1130,154,1,0
BRDA:1131,155,0,2
BRDA:1131,155,1,0
BRDA:1132,156,0,2
BRDA:1132,156,1,0
BRDA:1147,157,0,2
BRDA:1147,157,1,0
BRDA:1162,158,0,64
BRDA:1162,158,1,193
BRDA:1162,159,0,257
BRDA:1162,159,1,193
BRDA:1162,159,2,193
BRDA:1163,160,0,0
BRDA:1163,160,1,193
BRDA:1163,161,0,193
BRDA:1163,161,1,193
BRDA:1163,161,2,193
BRDA:1165,162,0,44
BRDA:1165,162,1,44
BRDA:1165,162,2,0
BRDA:1165,162,3,0
BRDA:1165,162,4,45
BRDA:1165,162,5,45
BRDA:1165,162,6,1
BRDA:1165,162,7,1
BRDA:1165,162,8,19
BRDA:1165,162,9,19
BRDA:1192,163,0,1
BRDA:1192,163,1,1
BRDA:1193,164,0,1
BRDA:1193,164,1,1
BRDA:1193,165,0,1
BRDA:1193,165,1,1
BRDA:1193,166,0,0
BRDA:1193,166,1,1
BRDA:1205,167,0,0
BRDA:1205,167,1,0
BRDA:1210,168,0,0
BRDA:1210,168,1,0
BRDA:1210,169,0,0
BRDA:1210,169,1,0
BRDA:1211,170,0,0
BRDA:1211,170,1,0
BRDA:1212,171,0,0
BRDA:1212,171,1,0
BRDA:1229,172,0,1
BRDA:1229,172,1,6
BRDA:1230,173,0,0
BRDA:1230,173,1,6
BRDA:1231,174,0,1
BRDA:1231,174,1,5
BRDA:1237,175,0,1
BRDA:1237,175,1,6
BRDA:1238,176,0,5
BRDA:1238,176,1,1
BRDA:1238,177,0,6
BRDA:1238,177,1,6
BRDA:1244,178,0,1
BRDA:1244,178,1,1
BRDA:1244,178,2,1
BRDA:1244,178,3,0
BRDA:1247,179,0,0
BRDA:1247,179,1,1
BRDA:1253,180,0,0
BRDA:1253,180,1,1
BRDA:1254,181,0,1
BRDA:1254,181,1,0
BRDA:1270,182,0,2
BRDA:1270,182,1,5
BRDA:1289,183,0,1
BRDA:1289,183,1,27
BRDA:1300,184,0,18
BRDA:1300,184,1,9
BRDA:1306,185,0,3
BRDA:1306,185,1,9
BRDA:1310,186,0,3
BRDA:1310,186,1,0
BRDA:1320,187,0,28
BRDA:1320,187,1,2
BRDA:1321,188,0,2
BRDA:1321,188,1,28
BRDA:1329,189,0,3
BRDA:1329,189,1,0
BRDA:1330,190,0,1
BRDA:1330,190,1,2
BRDA:1330,191,0,3
BRDA:1330,191,1,3
BRDA:1339,192,0,78
BRDA:1339,192,1,50
BRDA:1340,193,0,36
BRDA:1340,193,1,92
BRDA:1351,194,0,1
BRDA:1351,194,1,0
BRDA:1361,195,0,1
BRDA:1361,195,1,2
BRDA:1362,196,0,1
BRDA:1362,196,1,2
BRDA:1386,197,0,11
BRDA:1386,197,1,19
BRDA:1386,198,0,10
BRDA:1386,198,1,1
BRDA:1387,199,0,10
BRDA:1387,199,1,9
BRDA:1388,200,0,2
BRDA:1388,200,1,7
BRDA:1393,201,0,3
BRDA:1393,201,1,5
BRDA:1396,202,0,1
BRDA:1396,202,1,4
BRDA:1397,203,0,1
BRDA:1397,203,1,3
BRDA:1398,204,0,2
BRDA:1398,204,1,1
BRDA:1403,205,0,3
BRDA:1403,205,1,19
BRDA:1405,206,0,4
BRDA:1405,206,1,15
BRDA:1406,207,0,9
BRDA:1406,207,1,6
BRDA:1411,208,0,7
BRDA:1411,208,1,56
BRDA:1412,209,0,46
BRDA:1412,209,1,10
BRDA:1417,210,0,3
BRDA:1417,210,1,107
BRDA:1444,211,0,1
BRDA:1444,211,1,23
BRDA:1465,212,0,255
BRDA:1465,212,1,0
BRF:439
BRH:356
end_of_record
